==============Running normalization for telugu_db_files/dataset_files/microsoft_telugu/transcription==============
In line number 32612 : 001990104	హైడ్రాబాద్ బిర్యానీ ప్రత్యేక హైడ్రాబాద్ బిర్యానీ నుంచి ప్రత్యేకంగా ఉంటుంది
	హైడ్రాబాద్ -> హైడ్రాబాద్
	b"'\xe0\xb0\xb9\xe0\xb1\x86\xe0\xb1\x96\xe0\xb0\xa1\xe0\xb1\x8d\xe0\xb0\xb0\xe0\xb0\xbe\xe0\xb0\xac\xe0\xb0\xbe\xe0\xb0\xa6\xe0\xb1\x8d'" -> b"'\xe0\xb0\xb9\xe0\xb1\x88\xe0\xb0\xa1\xe0\xb1\x8d\xe0\xb0\xb0\xe0\xb0\xbe\xe0\xb0\xac\xe0\xb0\xbe\xe0\xb0\xa6\xe0\xb1\x8d'"
In line number 32612 : 001990104	హైడ్రాబాద్ బిర్యానీ ప్రత్యేక హైడ్రాబాద్ బిర్యానీ నుంచి ప్రత్యేకంగా ఉంటుంది
	హైడ్రాబాద్ -> హైడ్రాబాద్
	b"'\xe0\xb0\xb9\xe0\xb1\x86\xe0\xb1\x96\xe0\xb0\xa1\xe0\xb1\x8d\xe0\xb0\xb0\xe0\xb0\xbe\xe0\xb0\xac\xe0\xb0\xbe\xe0\xb0\xa6\xe0\xb1\x8d'" -> b"'\xe0\xb0\xb9\xe0\xb1\x88\xe0\xb0\xa1\xe0\xb1\x8d\xe0\xb0\xb0\xe0\xb0\xbe\xe0\xb0\xac\xe0\xb0\xbe\xe0\xb0\xa6\xe0\xb1\x8d'"
File telugu_db_files/dataset_files/microsoft_telugu/transcription/train/text Total line count:40394 word count: 219944, normalized count: 2
File telugu_db_files/dataset_files/microsoft_telugu/transcription/dev/text Total line count:4488 word count: 24856, normalized count: 0
File telugu_db_files/dataset_files/microsoft_telugu/transcription/test/text Total line count:3040 word count: 28413, normalized count: 0
==============Running normalization for telugu_db_files/dataset_files/openslr_telugu/transcription==============
In line number 415 : tef_04213_01531947949	పంచాయతీ రాజ్ మంత్రిత్వ శాఖ వెబ్‌సైటులో ఆదిలాబాదు జిల్లా తాలూకాల వివరాలు
	వెబ్‌సైటులో -> వెబ్సైటులో
	b"'\xe0\xb0\xb5\xe0\xb1\x86\xe0\xb0\xac\xe0\xb1\x8d\\u200c\xe0\xb0\xb8\xe0\xb1\x88\xe0\xb0\x9f\xe0\xb1\x81\xe0\xb0\xb2\xe0\xb1\x8b'" -> b"'\xe0\xb0\xb5\xe0\xb1\x86\xe0\xb0\xac\xe0\xb1\x8d\xe0\xb0\xb8\xe0\xb1\x88\xe0\xb0\x9f\xe0\xb1\x81\xe0\xb0\xb2\xe0\xb1\x8b'"
In line number 431 : tef_04213_02004163679	కాకతీయ విశ్వవిద్యాలయము వరంగల్ ‌లో ఉన్న పబ్లిక్ విశ్వవిద్యాలయము
	‌లో -> లో
	b"'\\u200c\xe0\xb0\xb2\xe0\xb1\x8b'" -> b"'\xe0\xb0\xb2\xe0\xb1\x8b'"
In line number 689 : tef_05484_00324933512	మొయినాబాద్‌ ఆంధ్రప్రదేశ్ రాష్ట్రంలోని రంగారెడ్డి జిల్లాకు చెందిన ఒక మండలం
	మొయినాబాద్‌ -> మొయినాబాద్
	b"'\xe0\xb0\xae\xe0\xb1\x8a\xe0\xb0\xaf\xe0\xb0\xbf\xe0\xb0\xa8\xe0\xb0\xbe\xe0\xb0\xac\xe0\xb0\xbe\xe0\xb0\xa6\xe0\xb1\x8d\\u200c'" -> b"'\xe0\xb0\xae\xe0\xb1\x8a\xe0\xb0\xaf\xe0\xb0\xbf\xe0\xb0\xa8\xe0\xb0\xbe\xe0\xb0\xac\xe0\xb0\xbe\xe0\xb0\xa6\xe0\xb1\x8d'"
In line number 902 : tef_05705_01110669166	భైరాన్‌సింగ్ షెకావత్ రాజస్థాన్ శాసనసభ సభ్యుడిగా ఉన్నాడు
	భైరాన్‌సింగ్ -> భైరాన్సింగ్
	b"'\xe0\xb0\xad\xe0\xb1\x88\xe0\xb0\xb0\xe0\xb0\xbe\xe0\xb0\xa8\xe0\xb1\x8d\\u200c\xe0\xb0\xb8\xe0\xb0\xbf\xe0\xb0\x82\xe0\xb0\x97\xe0\xb1\x8d'" -> b"'\xe0\xb0\xad\xe0\xb1\x88\xe0\xb0\xb0\xe0\xb0\xbe\xe0\xb0\xa8\xe0\xb1\x8d\xe0\xb0\xb8\xe0\xb0\xbf\xe0\xb0\x82\xe0\xb0\x97\xe0\xb1\x8d'"
In line number 937 : tef_05705_02034491495	మీరు బొమ్మలు అప్‌లోడ్ చేసినప్పుడు వాటికి మరింత స్పష్టమైన పేర్లు పెడితే బాగుంటుంది
	అప్‌లోడ్ -> అప్లోడ్
	b"'\xe0\xb0\x85\xe0\xb0\xaa\xe0\xb1\x8d\\u200c\xe0\xb0\xb2\xe0\xb1\x8b\xe0\xb0\xa1\xe0\xb1\x8d'" -> b"'\xe0\xb0\x85\xe0\xb0\xaa\xe0\xb1\x8d\xe0\xb0\xb2\xe0\xb1\x8b\xe0\xb0\xa1\xe0\xb1\x8d'"
In line number 1088 : tef_06008_01364575371	ఆంధ్ర ప్రదేశ్ ‌లో హనుమంతుని గుడి లేని ఊరు అరుదు
	‌లో -> లో
	b"'\\u200c\xe0\xb0\xb2\xe0\xb1\x8b'" -> b"'\xe0\xb0\xb2\xe0\xb1\x8b'"
In line number 1108 : tef_06008_02005820488	మోమిన్‌పేట్‌ ఆంధ్ర ప్రదేశ్ రాష్ట్రములోని రంగారెడ్డి జిల్లాకు చెందిన ఒక మండలము
	మోమిన్‌పేట్‌ -> మోమిన్పేట్
	b"'\xe0\xb0\xae\xe0\xb1\x8b\xe0\xb0\xae\xe0\xb0\xbf\xe0\xb0\xa8\xe0\xb1\x8d\\u200c\xe0\xb0\xaa\xe0\xb1\x87\xe0\xb0\x9f\xe0\xb1\x8d\\u200c'" -> b"'\xe0\xb0\xae\xe0\xb1\x8b\xe0\xb0\xae\xe0\xb0\xbf\xe0\xb0\xa8\xe0\xb1\x8d\xe0\xb0\xaa\xe0\xb1\x87\xe0\xb0\x9f\xe0\xb1\x8d'"
In line number 1119 : tef_06566_00486797727	మొయినాబాద్‌ ఆంధ్రప్రదేశ్ రాష్ట్రములోని రంగారెడ్డి జిల్లాకు చెందిన ఒక మండలం
	మొయినాబాద్‌ -> మొయినాబాద్
	b"'\xe0\xb0\xae\xe0\xb1\x8a\xe0\xb0\xaf\xe0\xb0\xbf\xe0\xb0\xa8\xe0\xb0\xbe\xe0\xb0\xac\xe0\xb0\xbe\xe0\xb0\xa6\xe0\xb1\x8d\\u200c'" -> b"'\xe0\xb0\xae\xe0\xb1\x8a\xe0\xb0\xaf\xe0\xb0\xbf\xe0\xb0\xa8\xe0\xb0\xbe\xe0\xb0\xac\xe0\xb0\xbe\xe0\xb0\xa6\xe0\xb1\x8d'"
In line number 1208 : tef_06625_00996222637	పంచాయత్ రాజ్ మంత్రిత్వ శాఖ వెబ్‌సైటులో శ్రీకాకుళం జిల్లా తాలూకాల వివరాలు
	వెబ్‌సైటులో -> వెబ్సైటులో
	b"'\xe0\xb0\xb5\xe0\xb1\x86\xe0\xb0\xac\xe0\xb1\x8d\\u200c\xe0\xb0\xb8\xe0\xb1\x88\xe0\xb0\x9f\xe0\xb1\x81\xe0\xb0\xb2\xe0\xb1\x8b'" -> b"'\xe0\xb0\xb5\xe0\xb1\x86\xe0\xb0\xac\xe0\xb1\x8d\xe0\xb0\xb8\xe0\xb1\x88\xe0\xb0\x9f\xe0\xb1\x81\xe0\xb0\xb2\xe0\xb1\x8b'"
In line number 1236 : tef_06625_01572119549	మీరు ఏ సాఫ్ట్‌వేర్ వాడతారు సాయీ
	సాఫ్ట్‌వేర్ -> సాఫ్ట్వేర్
	b"'\xe0\xb0\xb8\xe0\xb0\xbe\xe0\xb0\xab\xe0\xb1\x8d\xe0\xb0\x9f\xe0\xb1\x8d\\u200c\xe0\xb0\xb5\xe0\xb1\x87\xe0\xb0\xb0\xe0\xb1\x8d'" -> b"'\xe0\xb0\xb8\xe0\xb0\xbe\xe0\xb0\xab\xe0\xb1\x8d\xe0\xb0\x9f\xe0\xb1\x8d\xe0\xb0\xb5\xe0\xb1\x87\xe0\xb0\xb0\xe0\xb1\x8d'"
In line number 1243 : tef_06625_01883757982	హయాత్‌నగర్‌ ఆంధ్ర ప్రదేశ్ రాష్ట్రములోని రంగారెడ్డి జిల్లాకు చెందిన ఒక మండలము
	హయాత్‌నగర్‌ -> హయాత్నగర్
	b"'\xe0\xb0\xb9\xe0\xb0\xaf\xe0\xb0\xbe\xe0\xb0\xa4\xe0\xb1\x8d\\u200c\xe0\xb0\xa8\xe0\xb0\x97\xe0\xb0\xb0\xe0\xb1\x8d\\u200c'" -> b"'\xe0\xb0\xb9\xe0\xb0\xaf\xe0\xb0\xbe\xe0\xb0\xa4\xe0\xb1\x8d\xe0\xb0\xa8\xe0\xb0\x97\xe0\xb0\xb0\xe0\xb1\x8d'"
In line number 1290 : tef_06869_01148307343	ఆంధ్ర ప్రదేశ్ ‌లో హనుమంతుని గుడి లేని ఊరు అరుదు
	‌లో -> లో
	b"'\\u200c\xe0\xb0\xb2\xe0\xb1\x8b'" -> b"'\xe0\xb0\xb2\xe0\xb1\x8b'"
In line number 1332 : tef_06928_00424334799	అప్లోడు పేజీ ద్వారా బొమ్మ యొక్క కొత్త కూర్పును అప్‌లోడు చెయ్యండి
	అప్‌లోడు -> అప్లోడు
	b"'\xe0\xb0\x85\xe0\xb0\xaa\xe0\xb1\x8d\\u200c\xe0\xb0\xb2\xe0\xb1\x8b\xe0\xb0\xa1\xe0\xb1\x81'" -> b"'\xe0\xb0\x85\xe0\xb0\xaa\xe0\xb1\x8d\xe0\xb0\xb2\xe0\xb1\x8b\xe0\xb0\xa1\xe0\xb1\x81'"
In line number 1335 : tef_06928_00629715781	ఆ తరువాత ప్రపంచ సీరీస్ క్రికెట్‌లో ప్రవేశించి అక్కడ ప్రధాన పాత్ర వహించాడు
	క్రికెట్‌లో -> క్రికెట్లో
	b"'\xe0\xb0\x95\xe0\xb1\x8d\xe0\xb0\xb0\xe0\xb0\xbf\xe0\xb0\x95\xe0\xb1\x86\xe0\xb0\x9f\xe0\xb1\x8d\\u200c\xe0\xb0\xb2\xe0\xb1\x8b'" -> b"'\xe0\xb0\x95\xe0\xb1\x8d\xe0\xb0\xb0\xe0\xb0\xbf\xe0\xb0\x95\xe0\xb1\x86\xe0\xb0\x9f\xe0\xb1\x8d\xe0\xb0\xb2\xe0\xb1\x8b'"
In line number 1600 : tef_08664_00498453949	కాకతీయ విశ్వవిద్యాలయము వరంగల్ ‌లో ఉన్న పబ్లిక్ విశ్వవిద్యాలయము
	‌లో -> లో
	b"'\\u200c\xe0\xb0\xb2\xe0\xb1\x8b'" -> b"'\xe0\xb0\xb2\xe0\xb1\x8b'"
In line number 1608 : tef_08664_00831343057	మీరు బొమ్మలు అప్‌లోడ్ చేసినప్పుడు వాటికి మరింత స్పష్టమైన పేర్లు పెడితే బాగుంటుంది
	అప్‌లోడ్ -> అప్లోడ్
	b"'\xe0\xb0\x85\xe0\xb0\xaa\xe0\xb1\x8d\\u200c\xe0\xb0\xb2\xe0\xb1\x8b\xe0\xb0\xa1\xe0\xb1\x8d'" -> b"'\xe0\xb0\x85\xe0\xb0\xaa\xe0\xb1\x8d\xe0\xb0\xb2\xe0\xb1\x8b\xe0\xb0\xa1\xe0\xb1\x8d'"
In line number 1640 : tef_08664_01799276576	పంచాయత్ రాజ్ మంత్రిత్వ శాఖ వెబ్‌సైటులో ఆదిలాబాదు జిల్లా తాలూకాల వివరాలు
	వెబ్‌సైటులో -> వెబ్సైటులో
	b"'\xe0\xb0\xb5\xe0\xb1\x86\xe0\xb0\xac\xe0\xb1\x8d\\u200c\xe0\xb0\xb8\xe0\xb1\x88\xe0\xb0\x9f\xe0\xb1\x81\xe0\xb0\xb2\xe0\xb1\x8b'" -> b"'\xe0\xb0\xb5\xe0\xb1\x86\xe0\xb0\xac\xe0\xb1\x8d\xe0\xb0\xb8\xe0\xb1\x88\xe0\xb0\x9f\xe0\xb1\x81\xe0\xb0\xb2\xe0\xb1\x8b'"
In line number 1786 : tef_09935_00292825094	ఒక కిలోమీటర్‌లో
	కిలోమీటర్‌లో -> కిలోమీటర్లో
	b"'\xe0\xb0\x95\xe0\xb0\xbf\xe0\xb0\xb2\xe0\xb1\x8b\xe0\xb0\xae\xe0\xb1\x80\xe0\xb0\x9f\xe0\xb0\xb0\xe0\xb1\x8d\\u200c\xe0\xb0\xb2\xe0\xb1\x8b'" -> b"'\xe0\xb0\x95\xe0\xb0\xbf\xe0\xb0\xb2\xe0\xb1\x8b\xe0\xb0\xae\xe0\xb1\x80\xe0\xb0\x9f\xe0\xb0\xb0\xe0\xb1\x8d\xe0\xb0\xb2\xe0\xb1\x8b'"
In line number 1799 : tef_09935_00711279418	డేటా కనెక్షన్‌ను కోల్పోయారు
	కనెక్షన్‌ను -> కనెక్షన్ను
	b"'\xe0\xb0\x95\xe0\xb0\xa8\xe0\xb1\x86\xe0\xb0\x95\xe0\xb1\x8d\xe0\xb0\xb7\xe0\xb0\xa8\xe0\xb1\x8d\\u200c\xe0\xb0\xa8\xe0\xb1\x81'" -> b"'\xe0\xb0\x95\xe0\xb0\xa8\xe0\xb1\x86\xe0\xb0\x95\xe0\xb1\x8d\xe0\xb0\xb7\xe0\xb0\xa8\xe0\xb1\x8d\xe0\xb0\xa8\xe0\xb1\x81'"
In line number 1807 : tef_09935_00875932813	జిపిఎస్ ఆ సిగ్నల్‌ను కోల్పోయారు
	సిగ్నల్‌ను -> సిగ్నల్ను
	b"'\xe0\xb0\xb8\xe0\xb0\xbf\xe0\xb0\x97\xe0\xb1\x8d\xe0\xb0\xa8\xe0\xb0\xb2\xe0\xb1\x8d\\u200c\xe0\xb0\xa8\xe0\xb1\x81'" -> b"'\xe0\xb0\xb8\xe0\xb0\xbf\xe0\xb0\x97\xe0\xb1\x8d\xe0\xb0\xa8\xe0\xb0\xb2\xe0\xb1\x8d\xe0\xb0\xa8\xe0\xb1\x81'"
In line number 1808 : tef_09935_00897259707	ర్యాంప్‌పై కొనసాగండి
	ర్యాంప్‌పై -> ర్యాంప్పై
	b"'\xe0\xb0\xb0\xe0\xb1\x8d\xe0\xb0\xaf\xe0\xb0\xbe\xe0\xb0\x82\xe0\xb0\xaa\xe0\xb1\x8d\\u200c\xe0\xb0\xaa\xe0\xb1\x88'" -> b"'\xe0\xb0\xb0\xe0\xb1\x8d\xe0\xb0\xaf\xe0\xb0\xbe\xe0\xb0\x82\xe0\xb0\xaa\xe0\xb1\x8d\xe0\xb0\xaa\xe0\xb1\x88'"
In line number 1813 : tef_09935_01014841923	ఇంటర్చేంజ్‌లోకి వెళ్ళండి
	ఇంటర్చేంజ్‌లోకి -> ఇంటర్చేంజ్లోకి
	b"'\xe0\xb0\x87\xe0\xb0\x82\xe0\xb0\x9f\xe0\xb0\xb0\xe0\xb1\x8d\xe0\xb0\x9a\xe0\xb1\x87\xe0\xb0\x82\xe0\xb0\x9c\xe0\xb1\x8d\\u200c\xe0\xb0\xb2\xe0\xb1\x8b\xe0\xb0\x95\xe0\xb0\xbf'" -> b"'\xe0\xb0\x87\xe0\xb0\x82\xe0\xb0\x9f\xe0\xb0\xb0\xe0\xb1\x8d\xe0\xb0\x9a\xe0\xb1\x87\xe0\xb0\x82\xe0\xb0\x9c\xe0\xb1\x8d\xe0\xb0\xb2\xe0\xb1\x8b\xe0\xb0\x95\xe0\xb0\xbf'"
In line number 1814 : tef_09935_01018410807	రాంప్‌కు స్వల్పంగా కుడివైపుకు వెళ్ళండి
	రాంప్‌కు -> రాంప్కు
	b"'\xe0\xb0\xb0\xe0\xb0\xbe\xe0\xb0\x82\xe0\xb0\xaa\xe0\xb1\x8d\\u200c\xe0\xb0\x95\xe0\xb1\x81'" -> b"'\xe0\xb0\xb0\xe0\xb0\xbe\xe0\xb0\x82\xe0\xb0\xaa\xe0\xb1\x8d\xe0\xb0\x95\xe0\xb1\x81'"
In line number 1815 : tef_09935_01038068033	రైల్‌లో వెళ్ళండి
	రైల్‌లో -> రైల్లో
	b"'\xe0\xb0\xb0\xe0\xb1\x88\xe0\xb0\xb2\xe0\xb1\x8d\\u200c\xe0\xb0\xb2\xe0\xb1\x8b'" -> b"'\xe0\xb0\xb0\xe0\xb1\x88\xe0\xb0\xb2\xe0\xb1\x8d\xe0\xb0\xb2\xe0\xb1\x8b'"
In line number 1822 : tef_09935_01302131800	రౌండ్అబౌట్‌లో ప్రవేశించండి
	రౌండ్అబౌట్‌లో -> రౌండ్అబౌట్లో
	b"'\xe0\xb0\xb0\xe0\xb1\x8c\xe0\xb0\x82\xe0\xb0\xa1\xe0\xb1\x8d\xe0\xb0\x85\xe0\xb0\xac\xe0\xb1\x8c\xe0\xb0\x9f\xe0\xb1\x8d\\u200c\xe0\xb0\xb2\xe0\xb1\x8b'" -> b"'\xe0\xb0\xb0\xe0\xb1\x8c\xe0\xb0\x82\xe0\xb0\xa1\xe0\xb1\x8d\xe0\xb0\x85\xe0\xb0\xac\xe0\xb1\x8c\xe0\xb0\x9f\xe0\xb1\x8d\xe0\xb0\xb2\xe0\xb1\x8b'"
In line number 1835 : tef_09935_01688051561	రాంప్‌లో కొంచెం ఎడమవైపుకు వెళ్ళండి
	రాంప్‌లో -> రాంప్లో
	b"'\xe0\xb0\xb0\xe0\xb0\xbe\xe0\xb0\x82\xe0\xb0\xaa\xe0\xb1\x8d\\u200c\xe0\xb0\xb2\xe0\xb1\x8b'" -> b"'\xe0\xb0\xb0\xe0\xb0\xbe\xe0\xb0\x82\xe0\xb0\xaa\xe0\xb1\x8d\xe0\xb0\xb2\xe0\xb1\x8b'"
In line number 1840 : tef_09935_01765757183	కుడివైపుకుఉన్న ఇంటర్చేంజ్‌లోకి వెళ్ళండి
	ఇంటర్చేంజ్‌లోకి -> ఇంటర్చేంజ్లోకి
	b"'\xe0\xb0\x87\xe0\xb0\x82\xe0\xb0\x9f\xe0\xb0\xb0\xe0\xb1\x8d\xe0\xb0\x9a\xe0\xb1\x87\xe0\xb0\x82\xe0\xb0\x9c\xe0\xb1\x8d\\u200c\xe0\xb0\xb2\xe0\xb1\x8b\xe0\xb0\x95\xe0\xb0\xbf'" -> b"'\xe0\xb0\x87\xe0\xb0\x82\xe0\xb0\x9f\xe0\xb0\xb0\xe0\xb1\x8d\xe0\xb0\x9a\xe0\xb1\x87\xe0\xb0\x82\xe0\xb0\x9c\xe0\xb1\x8d\xe0\xb0\xb2\xe0\xb1\x8b\xe0\xb0\x95\xe0\xb0\xbf'"
In line number 1842 : tef_09935_01812220257	రాంప్‌లో కుడివైపుకు తిరగండి
	రాంప్‌లో -> రాంప్లో
	b"'\xe0\xb0\xb0\xe0\xb0\xbe\xe0\xb0\x82\xe0\xb0\xaa\xe0\xb1\x8d\\u200c\xe0\xb0\xb2\xe0\xb1\x8b'" -> b"'\xe0\xb0\xb0\xe0\xb0\xbe\xe0\xb0\x82\xe0\xb0\xaa\xe0\xb1\x8d\xe0\xb0\xb2\xe0\xb1\x8b'"
In line number 1843 : tef_09935_01822035759	రెండు కిలోమీటర్‌లలో
	కిలోమీటర్‌లలో -> కిలోమీటర్లలో
	b"'\xe0\xb0\x95\xe0\xb0\xbf\xe0\xb0\xb2\xe0\xb1\x8b\xe0\xb0\xae\xe0\xb1\x80\xe0\xb0\x9f\xe0\xb0\xb0\xe0\xb1\x8d\\u200c\xe0\xb0\xb2\xe0\xb0\xb2\xe0\xb1\x8b'" -> b"'\xe0\xb0\x95\xe0\xb0\xbf\xe0\xb0\xb2\xe0\xb1\x8b\xe0\xb0\xae\xe0\xb1\x80\xe0\xb0\x9f\xe0\xb0\xb0\xe0\xb1\x8d\xe0\xb0\xb2\xe0\xb0\xb2\xe0\xb1\x8b'"
In line number 1905 : tem_00682_00385266552	బొమ్మలను అప్‌లోడు చెయ్యడానికి అప్‌లోడు పేజీ ని వాడండి
	అప్‌లోడు -> అప్లోడు
	b"'\xe0\xb0\x85\xe0\xb0\xaa\xe0\xb1\x8d\\u200c\xe0\xb0\xb2\xe0\xb1\x8b\xe0\xb0\xa1\xe0\xb1\x81'" -> b"'\xe0\xb0\x85\xe0\xb0\xaa\xe0\xb1\x8d\xe0\xb0\xb2\xe0\xb1\x8b\xe0\xb0\xa1\xe0\xb1\x81'"
In line number 1905 : tem_00682_00385266552	బొమ్మలను అప్‌లోడు చెయ్యడానికి అప్‌లోడు పేజీ ని వాడండి
	అప్‌లోడు -> అప్లోడు
	b"'\xe0\xb0\x85\xe0\xb0\xaa\xe0\xb1\x8d\\u200c\xe0\xb0\xb2\xe0\xb1\x8b\xe0\xb0\xa1\xe0\xb1\x81'" -> b"'\xe0\xb0\x85\xe0\xb0\xaa\xe0\xb1\x8d\xe0\xb0\xb2\xe0\xb1\x8b\xe0\xb0\xa1\xe0\xb1\x81'"
In line number 1911 : tem_00682_00473182800	ఇదే మాటని మనం ‘నకలు’ అనే అర్ధం లో వాడతాం
	‘నకలు’ -> 'నకలు'
	b"'\xe2\x80\x98\xe0\xb0\xa8\xe0\xb0\x95\xe0\xb0\xb2\xe0\xb1\x81\xe2\x80\x99'" -> b'"\'\xe0\xb0\xa8\xe0\xb0\x95\xe0\xb0\xb2\xe0\xb1\x81\'"'
In line number 1914 : tem_00682_00484853089	శ్రీకాకుళం జిల్లాలో ఇది ఒక లోక్‌సభ స్థానము
	లోక్‌సభ -> లోక్సభ
	b"'\xe0\xb0\xb2\xe0\xb1\x8b\xe0\xb0\x95\xe0\xb1\x8d\\u200c\xe0\xb0\xb8\xe0\xb0\xad'" -> b"'\xe0\xb0\xb2\xe0\xb1\x8b\xe0\xb0\x95\xe0\xb1\x8d\xe0\xb0\xb8\xe0\xb0\xad'"
In line number 1948 : tem_00682_01049263237	పంచాయత్ రాజ్ మంత్రిత్వ శాఖ వెబ్‌సైటులో గుంటూరు జిల్లా తాలూకాల వివరాలు
	వెబ్‌సైటులో -> వెబ్సైటులో
	b"'\xe0\xb0\xb5\xe0\xb1\x86\xe0\xb0\xac\xe0\xb1\x8d\\u200c\xe0\xb0\xb8\xe0\xb1\x88\xe0\xb0\x9f\xe0\xb1\x81\xe0\xb0\xb2\xe0\xb1\x8b'" -> b"'\xe0\xb0\xb5\xe0\xb1\x86\xe0\xb0\xac\xe0\xb1\x8d\xe0\xb0\xb8\xe0\xb1\x88\xe0\xb0\x9f\xe0\xb1\x81\xe0\xb0\xb2\xe0\xb1\x8b'"
In line number 1993 : tem_00682_01500932293	తొలి టెస్ట్ లోనే శతకం సాధించిన మొట్టమొదటి బ్యాట్స్‌మెన్ గా కూడా రికార్డు సృష్టించాడు
	బ్యాట్స్‌మెన్ -> బ్యాట్స్మెన్
	b"'\xe0\xb0\xac\xe0\xb1\x8d\xe0\xb0\xaf\xe0\xb0\xbe\xe0\xb0\x9f\xe0\xb1\x8d\xe0\xb0\xb8\xe0\xb1\x8d\\u200c\xe0\xb0\xae\xe0\xb1\x86\xe0\xb0\xa8\xe0\xb1\x8d'" -> b"'\xe0\xb0\xac\xe0\xb1\x8d\xe0\xb0\xaf\xe0\xb0\xbe\xe0\xb0\x9f\xe0\xb1\x8d\xe0\xb0\xb8\xe0\xb1\x8d\xe0\xb0\xae\xe0\xb1\x86\xe0\xb0\xa8\xe0\xb1\x8d'"
In line number 2038 : tem_00682_02137792957	పేజీలు చదవడానికి లాగిన్‌ అయి ఉండాలి
	లాగిన్‌ -> లాగిన్
	b"'\xe0\xb0\xb2\xe0\xb0\xbe\xe0\xb0\x97\xe0\xb0\xbf\xe0\xb0\xa8\xe0\xb1\x8d\\u200c'" -> b"'\xe0\xb0\xb2\xe0\xb0\xbe\xe0\xb0\x97\xe0\xb0\xbf\xe0\xb0\xa8\xe0\xb1\x8d'"
In line number 2247 : tem_02812_00306881860	మీ వీక్షణ జాబితాను మార్చడానికి మీరు లాగిన్‌ అయి ఉండాలి
	లాగిన్‌ -> లాగిన్
	b"'\xe0\xb0\xb2\xe0\xb0\xbe\xe0\xb0\x97\xe0\xb0\xbf\xe0\xb0\xa8\xe0\xb1\x8d\\u200c'" -> b"'\xe0\xb0\xb2\xe0\xb0\xbe\xe0\xb0\x97\xe0\xb0\xbf\xe0\xb0\xa8\xe0\xb1\x8d'"
In line number 2262 : tem_02812_00551429061	లాగిన్‌ అయిన తరువాత ఎన్నో ప్రయోగాలు చేసుకోవచ్చు
	లాగిన్‌ -> లాగిన్
	b"'\xe0\xb0\xb2\xe0\xb0\xbe\xe0\xb0\x97\xe0\xb0\xbf\xe0\xb0\xa8\xe0\xb1\x8d\\u200c'" -> b"'\xe0\xb0\xb2\xe0\xb0\xbe\xe0\xb0\x97\xe0\xb0\xbf\xe0\xb0\xa8\xe0\xb1\x8d'"
In line number 2542 : tem_04272_00254843600	పెద్దేముల్‌ ఆంధ్ర ప్రదేశ్ రాష్ట్రములోని రంగారెడ్డి జిల్లాకు చెందిన ఒక మండలము
	పెద్దేముల్‌ -> పెద్దేముల్
	b"'\xe0\xb0\xaa\xe0\xb1\x86\xe0\xb0\xa6\xe0\xb1\x8d\xe0\xb0\xa6\xe0\xb1\x87\xe0\xb0\xae\xe0\xb1\x81\xe0\xb0\xb2\xe0\xb1\x8d\\u200c'" -> b"'\xe0\xb0\xaa\xe0\xb1\x86\xe0\xb0\xa6\xe0\xb1\x8d\xe0\xb0\xa6\xe0\xb1\x87\xe0\xb0\xae\xe0\xb1\x81\xe0\xb0\xb2\xe0\xb1\x8d'"
In line number 2544 : tem_04272_00260107279	పంచాయత్ రాజ్ మంత్రిత్వ శాఖ వెబ్‌సైటులో ప్రకాశం జిల్లా తాలూకాల వివరాలు
	వెబ్‌సైటులో -> వెబ్సైటులో
	b"'\xe0\xb0\xb5\xe0\xb1\x86\xe0\xb0\xac\xe0\xb1\x8d\\u200c\xe0\xb0\xb8\xe0\xb1\x88\xe0\xb0\x9f\xe0\xb1\x81\xe0\xb0\xb2\xe0\xb1\x8b'" -> b"'\xe0\xb0\xb5\xe0\xb1\x86\xe0\xb0\xac\xe0\xb1\x8d\xe0\xb0\xb8\xe0\xb1\x88\xe0\xb0\x9f\xe0\xb1\x81\xe0\xb0\xb2\xe0\xb1\x8b'"
In line number 2559 : tem_04272_00479453512	పంచాయత్ రాజ్ మంత్రిత్వ శాఖ వెబ్‌సైటులో మెదక్ జిల్లా తాలూకాల వివరాలు
	వెబ్‌సైటులో -> వెబ్సైటులో
	b"'\xe0\xb0\xb5\xe0\xb1\x86\xe0\xb0\xac\xe0\xb1\x8d\\u200c\xe0\xb0\xb8\xe0\xb1\x88\xe0\xb0\x9f\xe0\xb1\x81\xe0\xb0\xb2\xe0\xb1\x8b'" -> b"'\xe0\xb0\xb5\xe0\xb1\x86\xe0\xb0\xac\xe0\xb1\x8d\xe0\xb0\xb8\xe0\xb1\x88\xe0\xb0\x9f\xe0\xb1\x81\xe0\xb0\xb2\xe0\xb1\x8b'"
In line number 2562 : tem_04272_00500727906	పంచాయత్ రాజ్ మంత్రిత్వ శాఖ వెబ్‌సైటులో విజయనగరం జిల్లా తాలూకాల వివరాలు
	వెబ్‌సైటులో -> వెబ్సైటులో
	b"'\xe0\xb0\xb5\xe0\xb1\x86\xe0\xb0\xac\xe0\xb1\x8d\\u200c\xe0\xb0\xb8\xe0\xb1\x88\xe0\xb0\x9f\xe0\xb1\x81\xe0\xb0\xb2\xe0\xb1\x8b'" -> b"'\xe0\xb0\xb5\xe0\xb1\x86\xe0\xb0\xac\xe0\xb1\x8d\xe0\xb0\xb8\xe0\xb1\x88\xe0\xb0\x9f\xe0\xb1\x81\xe0\xb0\xb2\xe0\xb1\x8b'"
In line number 2580 : tem_04272_00772759492	ఆంధ్ర ప్రదేశ్‌ రాష్ట్ర మాజీ ముఖ్యమంత్రి నందమూరి తారక రామారావు
	ప్రదేశ్‌ -> ప్రదేశ్
	b"'\xe0\xb0\xaa\xe0\xb1\x8d\xe0\xb0\xb0\xe0\xb0\xa6\xe0\xb1\x87\xe0\xb0\xb6\xe0\xb1\x8d\\u200c'" -> b"'\xe0\xb0\xaa\xe0\xb1\x8d\xe0\xb0\xb0\xe0\xb0\xa6\xe0\xb1\x87\xe0\xb0\xb6\xe0\xb1\x8d'"
In line number 2624 : tem_04272_01350057401	పంచాయత్ రాజ్ మంత్రిత్వ శాఖ వెబ్‌సైటులో కరీంనగర్ జిల్లా తాలూకాల వివరాలు
	వెబ్‌సైటులో -> వెబ్సైటులో
	b"'\xe0\xb0\xb5\xe0\xb1\x86\xe0\xb0\xac\xe0\xb1\x8d\\u200c\xe0\xb0\xb8\xe0\xb1\x88\xe0\xb0\x9f\xe0\xb1\x81\xe0\xb0\xb2\xe0\xb1\x8b'" -> b"'\xe0\xb0\xb5\xe0\xb1\x86\xe0\xb0\xac\xe0\xb1\x8d\xe0\xb0\xb8\xe0\xb1\x88\xe0\xb0\x9f\xe0\xb1\x81\xe0\xb0\xb2\xe0\xb1\x8b'"
In line number 2665 : tem_04272_01908902719	మర్‌పల్లి ఆంధ్ర ప్రదేశ్ రాష్ట్రములోని రంగారెడ్డి జిల్లాకు చెందిన ఒక మండలము
	మర్‌పల్లి -> మర్పల్లి
	b"'\xe0\xb0\xae\xe0\xb0\xb0\xe0\xb1\x8d\\u200c\xe0\xb0\xaa\xe0\xb0\xb2\xe0\xb1\x8d\xe0\xb0\xb2\xe0\xb0\xbf'" -> b"'\xe0\xb0\xae\xe0\xb0\xb0\xe0\xb1\x8d\xe0\xb0\xaa\xe0\xb0\xb2\xe0\xb1\x8d\xe0\xb0\xb2\xe0\xb0\xbf'"
In line number 2683 : tem_04771_00191167376	రాంప్‌లో కుడివైపుకు తిరగండి
	రాంప్‌లో -> రాంప్లో
	b"'\xe0\xb0\xb0\xe0\xb0\xbe\xe0\xb0\x82\xe0\xb0\xaa\xe0\xb1\x8d\\u200c\xe0\xb0\xb2\xe0\xb1\x8b'" -> b"'\xe0\xb0\xb0\xe0\xb0\xbe\xe0\xb0\x82\xe0\xb0\xaa\xe0\xb1\x8d\xe0\xb0\xb2\xe0\xb1\x8b'"
In line number 2687 : tem_04771_00285624621	యాభై మీటర్‌లలో
	మీటర్‌లలో -> మీటర్లలో
	b"'\xe0\xb0\xae\xe0\xb1\x80\xe0\xb0\x9f\xe0\xb0\xb0\xe0\xb1\x8d\\u200c\xe0\xb0\xb2\xe0\xb0\xb2\xe0\xb1\x8b'" -> b"'\xe0\xb0\xae\xe0\xb1\x80\xe0\xb0\x9f\xe0\xb0\xb0\xe0\xb1\x8d\xe0\xb0\xb2\xe0\xb0\xb2\xe0\xb1\x8b'"
In line number 2692 : tem_04771_00450968281	ఇంటర్చేంజ్‌లోకి వెళ్ళండి
	ఇంటర్చేంజ్‌లోకి -> ఇంటర్చేంజ్లోకి
	b"'\xe0\xb0\x87\xe0\xb0\x82\xe0\xb0\x9f\xe0\xb0\xb0\xe0\xb1\x8d\xe0\xb0\x9a\xe0\xb1\x87\xe0\xb0\x82\xe0\xb0\x9c\xe0\xb1\x8d\\u200c\xe0\xb0\xb2\xe0\xb1\x8b\xe0\xb0\x95\xe0\xb0\xbf'" -> b"'\xe0\xb0\x87\xe0\xb0\x82\xe0\xb0\x9f\xe0\xb0\xb0\xe0\xb1\x8d\xe0\xb0\x9a\xe0\xb1\x87\xe0\xb0\x82\xe0\xb0\x9c\xe0\xb1\x8d\xe0\xb0\xb2\xe0\xb1\x8b\xe0\xb0\x95\xe0\xb0\xbf'"
In line number 2693 : tem_04771_00496195997	మూడు వందల మీటర్‌లలో
	మీటర్‌లలో -> మీటర్లలో
	b"'\xe0\xb0\xae\xe0\xb1\x80\xe0\xb0\x9f\xe0\xb0\xb0\xe0\xb1\x8d\\u200c\xe0\xb0\xb2\xe0\xb0\xb2\xe0\xb1\x8b'" -> b"'\xe0\xb0\xae\xe0\xb1\x80\xe0\xb0\x9f\xe0\xb0\xb0\xe0\xb1\x8d\xe0\xb0\xb2\xe0\xb0\xb2\xe0\xb1\x8b'"
In line number 2696 : tem_04771_00583583696	రాంప్‌కు స్వల్పంగా కుడివైపుకు వెళ్ళండి
	రాంప్‌కు -> రాంప్కు
	b"'\xe0\xb0\xb0\xe0\xb0\xbe\xe0\xb0\x82\xe0\xb0\xaa\xe0\xb1\x8d\\u200c\xe0\xb0\x95\xe0\xb1\x81'" -> b"'\xe0\xb0\xb0\xe0\xb0\xbe\xe0\xb0\x82\xe0\xb0\xaa\xe0\xb1\x8d\xe0\xb0\x95\xe0\xb1\x81'"
In line number 2699 : tem_04771_00665050432	రెండు కిలోమీటర్‌లలో
	కిలోమీటర్‌లలో -> కిలోమీటర్లలో
	b"'\xe0\xb0\x95\xe0\xb0\xbf\xe0\xb0\xb2\xe0\xb1\x8b\xe0\xb0\xae\xe0\xb1\x80\xe0\xb0\x9f\xe0\xb0\xb0\xe0\xb1\x8d\\u200c\xe0\xb0\xb2\xe0\xb0\xb2\xe0\xb1\x8b'" -> b"'\xe0\xb0\x95\xe0\xb0\xbf\xe0\xb0\xb2\xe0\xb1\x8b\xe0\xb0\xae\xe0\xb1\x80\xe0\xb0\x9f\xe0\xb0\xb0\xe0\xb1\x8d\xe0\xb0\xb2\xe0\xb0\xb2\xe0\xb1\x8b'"
In line number 2702 : tem_04771_00866799033	రెండు వందల మీటర్‌లలో
	మీటర్‌లలో -> మీటర్లలో
	b"'\xe0\xb0\xae\xe0\xb1\x80\xe0\xb0\x9f\xe0\xb0\xb0\xe0\xb1\x8d\\u200c\xe0\xb0\xb2\xe0\xb0\xb2\xe0\xb1\x8b'" -> b"'\xe0\xb0\xae\xe0\xb1\x80\xe0\xb0\x9f\xe0\xb0\xb0\xe0\xb1\x8d\xe0\xb0\xb2\xe0\xb0\xb2\xe0\xb1\x8b'"
In line number 2705 : tem_04771_00960563942	నూట యాభై మీటర్‌లలో
	మీటర్‌లలో -> మీటర్లలో
	b"'\xe0\xb0\xae\xe0\xb1\x80\xe0\xb0\x9f\xe0\xb0\xb0\xe0\xb1\x8d\\u200c\xe0\xb0\xb2\xe0\xb0\xb2\xe0\xb1\x8b'" -> b"'\xe0\xb0\xae\xe0\xb1\x80\xe0\xb0\x9f\xe0\xb0\xb0\xe0\xb1\x8d\xe0\xb0\xb2\xe0\xb0\xb2\xe0\xb1\x8b'"
In line number 2706 : tem_04771_01074817735	ఎడమవైపునున్న ఇంటర్చేంజ్‌లోకి వెళ్లండి
	ఇంటర్చేంజ్‌లోకి -> ఇంటర్చేంజ్లోకి
	b"'\xe0\xb0\x87\xe0\xb0\x82\xe0\xb0\x9f\xe0\xb0\xb0\xe0\xb1\x8d\xe0\xb0\x9a\xe0\xb1\x87\xe0\xb0\x82\xe0\xb0\x9c\xe0\xb1\x8d\\u200c\xe0\xb0\xb2\xe0\xb1\x8b\xe0\xb0\x95\xe0\xb0\xbf'" -> b"'\xe0\xb0\x87\xe0\xb0\x82\xe0\xb0\x9f\xe0\xb0\xb0\xe0\xb1\x8d\xe0\xb0\x9a\xe0\xb1\x87\xe0\xb0\x82\xe0\xb0\x9c\xe0\xb1\x8d\xe0\xb0\xb2\xe0\xb1\x8b\xe0\xb0\x95\xe0\xb0\xbf'"
In line number 2708 : tem_04771_01139745379	రాంప్‌లో కొంచెం ఎడమవైపుకు వెళ్ళండి
	రాంప్‌లో -> రాంప్లో
	b"'\xe0\xb0\xb0\xe0\xb0\xbe\xe0\xb0\x82\xe0\xb0\xaa\xe0\xb1\x8d\\u200c\xe0\xb0\xb2\xe0\xb1\x8b'" -> b"'\xe0\xb0\xb0\xe0\xb0\xbe\xe0\xb0\x82\xe0\xb0\xaa\xe0\xb1\x8d\xe0\xb0\xb2\xe0\xb1\x8b'"
In line number 2709 : tem_04771_01151901400	మూడు కిలోమీటర్‌లలో
	కిలోమీటర్‌లలో -> కిలోమీటర్లలో
	b"'\xe0\xb0\x95\xe0\xb0\xbf\xe0\xb0\xb2\xe0\xb1\x8b\xe0\xb0\xae\xe0\xb1\x80\xe0\xb0\x9f\xe0\xb0\xb0\xe0\xb1\x8d\\u200c\xe0\xb0\xb2\xe0\xb0\xb2\xe0\xb1\x8b'" -> b"'\xe0\xb0\x95\xe0\xb0\xbf\xe0\xb0\xb2\xe0\xb1\x8b\xe0\xb0\xae\xe0\xb1\x80\xe0\xb0\x9f\xe0\xb0\xb0\xe0\xb1\x8d\xe0\xb0\xb2\xe0\xb0\xb2\xe0\xb1\x8b'"
In line number 2711 : tem_04771_01232261096	రాంప్‌లో ఎడమవైపుకు మలుపు తిరగండి
	రాంప్‌లో -> రాంప్లో
	b"'\xe0\xb0\xb0\xe0\xb0\xbe\xe0\xb0\x82\xe0\xb0\xaa\xe0\xb1\x8d\\u200c\xe0\xb0\xb2\xe0\xb1\x8b'" -> b"'\xe0\xb0\xb0\xe0\xb0\xbe\xe0\xb0\x82\xe0\xb0\xaa\xe0\xb1\x8d\xe0\xb0\xb2\xe0\xb1\x8b'"
In line number 2713 : tem_04771_01279300117	ఆరు వందల మీటర్‌లలో
	మీటర్‌లలో -> మీటర్లలో
	b"'\xe0\xb0\xae\xe0\xb1\x80\xe0\xb0\x9f\xe0\xb0\xb0\xe0\xb1\x8d\\u200c\xe0\xb0\xb2\xe0\xb0\xb2\xe0\xb1\x8b'" -> b"'\xe0\xb0\xae\xe0\xb1\x80\xe0\xb0\x9f\xe0\xb0\xb0\xe0\xb1\x8d\xe0\xb0\xb2\xe0\xb0\xb2\xe0\xb1\x8b'"
In line number 2730 : tem_04771_01732164210	ఒక కిలోమీటర్‌లో
	కిలోమీటర్‌లో -> కిలోమీటర్లో
	b"'\xe0\xb0\x95\xe0\xb0\xbf\xe0\xb0\xb2\xe0\xb1\x8b\xe0\xb0\xae\xe0\xb1\x80\xe0\xb0\x9f\xe0\xb0\xb0\xe0\xb1\x8d\\u200c\xe0\xb0\xb2\xe0\xb1\x8b'" -> b"'\xe0\xb0\x95\xe0\xb0\xbf\xe0\xb0\xb2\xe0\xb1\x8b\xe0\xb0\xae\xe0\xb1\x80\xe0\xb0\x9f\xe0\xb0\xb0\xe0\xb1\x8d\xe0\xb0\xb2\xe0\xb1\x8b'"
In line number 2734 : tem_04771_01791577090	వంద మీటర్‌లలో
	మీటర్‌లలో -> మీటర్లలో
	b"'\xe0\xb0\xae\xe0\xb1\x80\xe0\xb0\x9f\xe0\xb0\xb0\xe0\xb1\x8d\\u200c\xe0\xb0\xb2\xe0\xb0\xb2\xe0\xb1\x8b'" -> b"'\xe0\xb0\xae\xe0\xb1\x80\xe0\xb0\x9f\xe0\xb0\xb0\xe0\xb1\x8d\xe0\xb0\xb2\xe0\xb0\xb2\xe0\xb1\x8b'"
In line number 2741 : tem_04771_02019765599	రైల్‌లో వెళ్ళండి
	రైల్‌లో -> రైల్లో
	b"'\xe0\xb0\xb0\xe0\xb1\x88\xe0\xb0\xb2\xe0\xb1\x8d\\u200c\xe0\xb0\xb2\xe0\xb1\x8b'" -> b"'\xe0\xb0\xb0\xe0\xb1\x88\xe0\xb0\xb2\xe0\xb1\x8d\xe0\xb0\xb2\xe0\xb1\x8b'"
In line number 2742 : tem_04771_02029854087	ర్యాంప్‌పై కొనసాగండి
	ర్యాంప్‌పై -> ర్యాంప్పై
	b"'\xe0\xb0\xb0\xe0\xb1\x8d\xe0\xb0\xaf\xe0\xb0\xbe\xe0\xb0\x82\xe0\xb0\xaa\xe0\xb1\x8d\\u200c\xe0\xb0\xaa\xe0\xb1\x88'" -> b"'\xe0\xb0\xb0\xe0\xb1\x8d\xe0\xb0\xaf\xe0\xb0\xbe\xe0\xb0\x82\xe0\xb0\xaa\xe0\xb1\x8d\xe0\xb0\xaa\xe0\xb1\x88'"
In line number 2809 : tem_05425_01904949404	ఈ పార్కు మధ్యప్రదేశ్ ‌లో కూడా విస్తరించింది
	‌లో -> లో
	b"'\\u200c\xe0\xb0\xb2\xe0\xb1\x8b'" -> b"'\xe0\xb0\xb2\xe0\xb1\x8b'"
In line number 2876 : tem_05479_02094993354	ఈ వూరు హైదరాబాదు నగరంలో క్రాస్‌రోడ్ దగ్గరనుండి అరగంట ప్రయాణంలో చేరుకోవచ్చు
	క్రాస్‌రోడ్ -> క్రాస్రోడ్
	b"'\xe0\xb0\x95\xe0\xb1\x8d\xe0\xb0\xb0\xe0\xb0\xbe\xe0\xb0\xb8\xe0\xb1\x8d\\u200c\xe0\xb0\xb0\xe0\xb1\x8b\xe0\xb0\xa1\xe0\xb1\x8d'" -> b"'\xe0\xb0\x95\xe0\xb1\x8d\xe0\xb0\xb0\xe0\xb0\xbe\xe0\xb0\xb8\xe0\xb1\x8d\xe0\xb0\xb0\xe0\xb1\x8b\xe0\xb0\xa1\xe0\xb1\x8d'"
In line number 3023 : tem_06917_01470534287	మంచాల్‌ ఆంధ్ర ప్రదేశ్ రాష్ట్రములోని రంగారెడ్డి జిల్లాకు చెందిన ఒక మండలము
	మంచాల్‌ -> మంచాల్
	b"'\xe0\xb0\xae\xe0\xb0\x82\xe0\xb0\x9a\xe0\xb0\xbe\xe0\xb0\xb2\xe0\xb1\x8d\\u200c'" -> b"'\xe0\xb0\xae\xe0\xb0\x82\xe0\xb0\x9a\xe0\xb0\xbe\xe0\xb0\xb2\xe0\xb1\x8d'"
In line number 3026 : tem_06917_01546315541	ఖానాపూర్ రంగారెడ్డి జిల్లా మంచాల్‌ మండలానికి చెందిన గ్రామము
	మంచాల్‌ -> మంచాల్
	b"'\xe0\xb0\xae\xe0\xb0\x82\xe0\xb0\x9a\xe0\xb0\xbe\xe0\xb0\xb2\xe0\xb1\x8d\\u200c'" -> b"'\xe0\xb0\xae\xe0\xb0\x82\xe0\xb0\x9a\xe0\xb0\xbe\xe0\xb0\xb2\xe0\xb1\x8d'"
In line number 3031 : tem_06917_01894930496	శ్రీనివాస్ నగర్ రంగారెడ్డి జిల్లా కుత్బుల్లాపూర్‌ మండలానికి చెందిన గ్రామము
	కుత్బుల్లాపూర్‌ -> కుత్బుల్లాపూర్
	b"'\xe0\xb0\x95\xe0\xb1\x81\xe0\xb0\xa4\xe0\xb1\x8d\xe0\xb0\xac\xe0\xb1\x81\xe0\xb0\xb2\xe0\xb1\x8d\xe0\xb0\xb2\xe0\xb0\xbe\xe0\xb0\xaa\xe0\xb1\x82\xe0\xb0\xb0\xe0\xb1\x8d\\u200c'" -> b"'\xe0\xb0\x95\xe0\xb1\x81\xe0\xb0\xa4\xe0\xb1\x8d\xe0\xb0\xac\xe0\xb1\x81\xe0\xb0\xb2\xe0\xb1\x8d\xe0\xb0\xb2\xe0\xb0\xbe\xe0\xb0\xaa\xe0\xb1\x82\xe0\xb0\xb0\xe0\xb1\x8d'"
In line number 3033 : tem_06917_02028893316	గూడెం అదిలాబాదు జిల్లా బెజ్జూర్‌ మండలానికి చెందిన గ్రామము
	బెజ్జూర్‌ -> బెజ్జూర్
	b"'\xe0\xb0\xac\xe0\xb1\x86\xe0\xb0\x9c\xe0\xb1\x8d\xe0\xb0\x9c\xe0\xb1\x82\xe0\xb0\xb0\xe0\xb1\x8d\\u200c'" -> b"'\xe0\xb0\xac\xe0\xb1\x86\xe0\xb0\x9c\xe0\xb1\x8d\xe0\xb0\x9c\xe0\xb1\x82\xe0\xb0\xb0\xe0\xb1\x8d'"
In line number 3140 : tem_08377_00973749096	పంచాయత్ రాజ్ మంత్రిత్వ శాఖ వెబ్‌సైటులో మహబూబ్ నగర్ జిల్లా తాలుకాల వివరాలు
	వెబ్‌సైటులో -> వెబ్సైటులో
	b"'\xe0\xb0\xb5\xe0\xb1\x86\xe0\xb0\xac\xe0\xb1\x8d\\u200c\xe0\xb0\xb8\xe0\xb1\x88\xe0\xb0\x9f\xe0\xb1\x81\xe0\xb0\xb2\xe0\xb1\x8b'" -> b"'\xe0\xb0\xb5\xe0\xb1\x86\xe0\xb0\xac\xe0\xb1\x8d\xe0\xb0\xb8\xe0\xb1\x88\xe0\xb0\x9f\xe0\xb1\x81\xe0\xb0\xb2\xe0\xb1\x8b'"
In line number 3162 : tem_08680_00132906796	భైరాన్‌సింగ్ షెకావత్ రాజస్థాన్ శాసనసభ సభ్యుడిగా ఉన్నాడు
	భైరాన్‌సింగ్ -> భైరాన్సింగ్
	b"'\xe0\xb0\xad\xe0\xb1\x88\xe0\xb0\xb0\xe0\xb0\xbe\xe0\xb0\xa8\xe0\xb1\x8d\\u200c\xe0\xb0\xb8\xe0\xb0\xbf\xe0\xb0\x82\xe0\xb0\x97\xe0\xb1\x8d'" -> b"'\xe0\xb0\xad\xe0\xb1\x88\xe0\xb0\xb0\xe0\xb0\xbe\xe0\xb0\xa8\xe0\xb1\x8d\xe0\xb0\xb8\xe0\xb0\xbf\xe0\xb0\x82\xe0\xb0\x97\xe0\xb1\x8d'"
In line number 3167 : tem_08680_00165659186	లాగిన్‌ అయిన తరువాత ఎన్నో ప్రయోగాలు చేసుకోవచ్చు
	లాగిన్‌ -> లాగిన్
	b"'\xe0\xb0\xb2\xe0\xb0\xbe\xe0\xb0\x97\xe0\xb0\xbf\xe0\xb0\xa8\xe0\xb1\x8d\\u200c'" -> b"'\xe0\xb0\xb2\xe0\xb0\xbe\xe0\xb0\x97\xe0\xb0\xbf\xe0\xb0\xa8\xe0\xb1\x8d'"
In line number 3230 : tem_08680_01104332501	మీ వీక్షణ జాబితాను మార్చడానికి మీరు లాగిన్‌ అయి ఉండాలి
	లాగిన్‌ -> లాగిన్
	b"'\xe0\xb0\xb2\xe0\xb0\xbe\xe0\xb0\x97\xe0\xb0\xbf\xe0\xb0\xa8\xe0\xb1\x8d\\u200c'" -> b"'\xe0\xb0\xb2\xe0\xb0\xbe\xe0\xb0\x97\xe0\xb0\xbf\xe0\xb0\xa8\xe0\xb1\x8d'"
In line number 3248 : tem_08680_01472412097	ఆంధ్ర ప్రదేశ్ ‌లో హనుమంతుని గుడి లేని ఊరు అరుదు
	‌లో -> లో
	b"'\\u200c\xe0\xb0\xb2\xe0\xb1\x8b'" -> b"'\xe0\xb0\xb2\xe0\xb1\x8b'"
In line number 3289 : tem_08680_02110000061	కాకతీయ విశ్వవిద్యాలయము వరంగల్ ‌లో ఉన్న పబ్లిక్ విశ్వవిద్యాలయము
	‌లో -> లో
	b"'\\u200c\xe0\xb0\xb2\xe0\xb1\x8b'" -> b"'\xe0\xb0\xb2\xe0\xb1\x8b'"
In line number 3485 : tem_09222_01703046950	మొయినాబాద్‌ ఆంధ్రప్రదేశ్ రాష్ట్రములోని రంగారెడ్డి జిల్లాకు చెందిన ఒక మండలం
	మొయినాబాద్‌ -> మొయినాబాద్
	b"'\xe0\xb0\xae\xe0\xb1\x8a\xe0\xb0\xaf\xe0\xb0\xbf\xe0\xb0\xa8\xe0\xb0\xbe\xe0\xb0\xac\xe0\xb0\xbe\xe0\xb0\xa6\xe0\xb1\x8d\\u200c'" -> b"'\xe0\xb0\xae\xe0\xb1\x8a\xe0\xb0\xaf\xe0\xb0\xbf\xe0\xb0\xa8\xe0\xb0\xbe\xe0\xb0\xac\xe0\xb0\xbe\xe0\xb0\xa6\xe0\xb1\x8d'"
In line number 3503 : tem_09525_00540279753	యామిన్‌పేట ఆంధ్ర ప్రదేశ్ రాష్ట్రంలోని రంగారెడ్డి జిల్లాకు చెందిన ఒక మండలము
	యామిన్‌పేట -> యామిన్పేట
	b"'\xe0\xb0\xaf\xe0\xb0\xbe\xe0\xb0\xae\xe0\xb0\xbf\xe0\xb0\xa8\xe0\xb1\x8d\\u200c\xe0\xb0\xaa\xe0\xb1\x87\xe0\xb0\x9f'" -> b"'\xe0\xb0\xaf\xe0\xb0\xbe\xe0\xb0\xae\xe0\xb0\xbf\xe0\xb0\xa8\xe0\xb1\x8d\xe0\xb0\xaa\xe0\xb1\x87\xe0\xb0\x9f'"
File telugu_db_files/dataset_files/openslr_telugu/transcription/train/text Total line count:3559 word count: 17953, normalized count: 76
In line number 3 : tef_01033_01814016646	భైరాన్‌సింగ్ షెకావత్ రాజస్థాన్ శాసనసభ సభ్యుడిగా ఉన్నాడు
	భైరాన్‌సింగ్ -> భైరాన్సింగ్
	b"'\xe0\xb0\xad\xe0\xb1\x88\xe0\xb0\xb0\xe0\xb0\xbe\xe0\xb0\xa8\xe0\xb1\x8d\\u200c\xe0\xb0\xb8\xe0\xb0\xbf\xe0\xb0\x82\xe0\xb0\x97\xe0\xb1\x8d'" -> b"'\xe0\xb0\xad\xe0\xb1\x88\xe0\xb0\xb0\xe0\xb0\xbe\xe0\xb0\xa8\xe0\xb1\x8d\xe0\xb0\xb8\xe0\xb0\xbf\xe0\xb0\x82\xe0\xb0\x97\xe0\xb1\x8d'"
In line number 34 : tef_04213_01124873213	ఈ ఊరు హైదరాబాదు నగరంలో క్రాస్‌రోడ్ దగ్గరనుండి అరగంట ప్రయాణంలో చేరుకోవచ్చు
	క్రాస్‌రోడ్ -> క్రాస్రోడ్
	b"'\xe0\xb0\x95\xe0\xb1\x8d\xe0\xb0\xb0\xe0\xb0\xbe\xe0\xb0\xb8\xe0\xb1\x8d\\u200c\xe0\xb0\xb0\xe0\xb1\x8b\xe0\xb0\xa1\xe0\xb1\x8d'" -> b"'\xe0\xb0\x95\xe0\xb1\x8d\xe0\xb0\xb0\xe0\xb0\xbe\xe0\xb0\xb8\xe0\xb1\x8d\xe0\xb0\xb0\xe0\xb1\x8b\xe0\xb0\xa1\xe0\xb1\x8d'"
In line number 161 : tef_06869_01051515652	మీ వీక్షణ జాబితాను మార్చడానికి మీరు లాగిన్‌ అయి ఉండాలి
	లాగిన్‌ -> లాగిన్
	b"'\xe0\xb0\xb2\xe0\xb0\xbe\xe0\xb0\x97\xe0\xb0\xbf\xe0\xb0\xa8\xe0\xb1\x8d\\u200c'" -> b"'\xe0\xb0\xb2\xe0\xb0\xbe\xe0\xb0\x97\xe0\xb0\xbf\xe0\xb0\xa8\xe0\xb1\x8d'"
In line number 226 : tef_09935_00224955965	ఎడమవైపునున్న ఇంటర్చేంజ్‌లోకి వెళ్ళండి
	ఇంటర్చేంజ్‌లోకి -> ఇంటర్చేంజ్లోకి
	b"'\xe0\xb0\x87\xe0\xb0\x82\xe0\xb0\x9f\xe0\xb0\xb0\xe0\xb1\x8d\xe0\xb0\x9a\xe0\xb1\x87\xe0\xb0\x82\xe0\xb0\x9c\xe0\xb1\x8d\\u200c\xe0\xb0\xb2\xe0\xb1\x8b\xe0\xb0\x95\xe0\xb0\xbf'" -> b"'\xe0\xb0\x87\xe0\xb0\x82\xe0\xb0\x9f\xe0\xb0\xb0\xe0\xb1\x8d\xe0\xb0\x9a\xe0\xb1\x87\xe0\xb0\x82\xe0\xb0\x9c\xe0\xb1\x8d\xe0\xb0\xb2\xe0\xb1\x8b\xe0\xb0\x95\xe0\xb0\xbf'"
In line number 248 : tem_00682_01142345853	విశాఖపట్నం భారత దేశంలోని ఆంధ్ర ప్రదేశ్‌ రాష్ట్రంలోని ప్రముఖ నగరము
	ప్రదేశ్‌ -> ప్రదేశ్
	b"'\xe0\xb0\xaa\xe0\xb1\x8d\xe0\xb0\xb0\xe0\xb0\xa6\xe0\xb1\x87\xe0\xb0\xb6\xe0\xb1\x8d\\u200c'" -> b"'\xe0\xb0\xaa\xe0\xb1\x8d\xe0\xb0\xb0\xe0\xb0\xa6\xe0\xb1\x87\xe0\xb0\xb6\xe0\xb1\x8d'"
In line number 249 : tem_00682_01191966987	పంచాయత్ రాజ్ మంత్రిత్వ శాఖ వెబ్‌సైటులో వరంగల్ జిల్లా తాలూకాల వివరాలు
	వెబ్‌సైటులో -> వెబ్సైటులో
	b"'\xe0\xb0\xb5\xe0\xb1\x86\xe0\xb0\xac\xe0\xb1\x8d\\u200c\xe0\xb0\xb8\xe0\xb1\x88\xe0\xb0\x9f\xe0\xb1\x81\xe0\xb0\xb2\xe0\xb1\x8b'" -> b"'\xe0\xb0\xb5\xe0\xb1\x86\xe0\xb0\xac\xe0\xb1\x8d\xe0\xb0\xb8\xe0\xb1\x88\xe0\xb0\x9f\xe0\xb1\x81\xe0\xb0\xb2\xe0\xb1\x8b'"
In line number 295 : tem_02812_01988806915	మీరు బొమ్మలు అప్‌లోడ్ చేసినప్పుడు వాటికి మరింత స్పష్టమైన పేర్లు పెడితే బాగుంటుంది
	అప్‌లోడ్ -> అప్లోడ్
	b"'\xe0\xb0\x85\xe0\xb0\xaa\xe0\xb1\x8d\\u200c\xe0\xb0\xb2\xe0\xb1\x8b\xe0\xb0\xa1\xe0\xb1\x8d'" -> b"'\xe0\xb0\x85\xe0\xb0\xaa\xe0\xb1\x8d\xe0\xb0\xb2\xe0\xb1\x8b\xe0\xb0\xa1\xe0\xb1\x8d'"
In line number 318 : tem_04272_00521848174	పంచాయత్ రాజ్ మంత్రిత్వ శాఖ వెబ్‌సైటులో కర్నూలు జిల్లా తాలూకాల వివరాలు ఉన్నాయి
	వెబ్‌సైటులో -> వెబ్సైటులో
	b"'\xe0\xb0\xb5\xe0\xb1\x86\xe0\xb0\xac\xe0\xb1\x8d\\u200c\xe0\xb0\xb8\xe0\xb1\x88\xe0\xb0\x9f\xe0\xb1\x81\xe0\xb0\xb2\xe0\xb1\x8b'" -> b"'\xe0\xb0\xb5\xe0\xb1\x86\xe0\xb0\xac\xe0\xb1\x8d\xe0\xb0\xb8\xe0\xb1\x88\xe0\xb0\x9f\xe0\xb1\x81\xe0\xb0\xb2\xe0\xb1\x8b'"
In line number 333 : tem_04771_01074131228	డేటా కనెక్షన్‌ను కోల్పోయారు
	కనెక్షన్‌ను -> కనెక్షన్ను
	b"'\xe0\xb0\x95\xe0\xb0\xa8\xe0\xb1\x86\xe0\xb0\x95\xe0\xb1\x8d\xe0\xb0\xb7\xe0\xb0\xa8\xe0\xb1\x8d\\u200c\xe0\xb0\xa8\xe0\xb1\x81'" -> b"'\xe0\xb0\x95\xe0\xb0\xa8\xe0\xb1\x86\xe0\xb0\x95\xe0\xb1\x8d\xe0\xb0\xb7\xe0\xb0\xa8\xe0\xb1\x8d\xe0\xb0\xa8\xe0\xb1\x81'"
In line number 334 : tem_04771_01123174796	కుడివైపునున్న ఇంటర్చేంజ్‌లోకి వెళ్ళండి
	ఇంటర్చేంజ్‌లోకి -> ఇంటర్చేంజ్లోకి
	b"'\xe0\xb0\x87\xe0\xb0\x82\xe0\xb0\x9f\xe0\xb0\xb0\xe0\xb1\x8d\xe0\xb0\x9a\xe0\xb1\x87\xe0\xb0\x82\xe0\xb0\x9c\xe0\xb1\x8d\\u200c\xe0\xb0\xb2\xe0\xb1\x8b\xe0\xb0\x95\xe0\xb0\xbf'" -> b"'\xe0\xb0\x87\xe0\xb0\x82\xe0\xb0\x9f\xe0\xb0\xb0\xe0\xb1\x8d\xe0\xb0\x9a\xe0\xb1\x87\xe0\xb0\x82\xe0\xb0\x9c\xe0\xb1\x8d\xe0\xb0\xb2\xe0\xb1\x8b\xe0\xb0\x95\xe0\xb0\xbf'"
In line number 335 : tem_04771_01190682767	GPS సిగ్నల్‌ను కోల్పోయారు
	సిగ్నల్‌ను -> సిగ్నల్ను
	b"'\xe0\xb0\xb8\xe0\xb0\xbf\xe0\xb0\x97\xe0\xb1\x8d\xe0\xb0\xa8\xe0\xb0\xb2\xe0\xb1\x8d\\u200c\xe0\xb0\xa8\xe0\xb1\x81'" -> b"'\xe0\xb0\xb8\xe0\xb0\xbf\xe0\xb0\x97\xe0\xb1\x8d\xe0\xb0\xa8\xe0\xb0\xb2\xe0\xb1\x8d\xe0\xb0\xa8\xe0\xb1\x81'"
File telugu_db_files/dataset_files/openslr_telugu/transcription/dev/text Total line count:444 word count: 2204, normalized count: 11
In line number 24 : tef_02828_02009463729	లాగిన్‌ అయిన తరువాత ఎన్నో ప్రయోగాలు చేసుకోవచ్చు
	లాగిన్‌ -> లాగిన్
	b"'\xe0\xb0\xb2\xe0\xb0\xbe\xe0\xb0\x97\xe0\xb0\xbf\xe0\xb0\xa8\xe0\xb1\x8d\\u200c'" -> b"'\xe0\xb0\xb2\xe0\xb0\xbe\xe0\xb0\x97\xe0\xb0\xbf\xe0\xb0\xa8\xe0\xb1\x8d'"
In line number 209 : tef_09935_00018455013	రెండు వందల మీటర్‌లలో
	మీటర్‌లలో -> మీటర్లలో
	b"'\xe0\xb0\xae\xe0\xb1\x80\xe0\xb0\x9f\xe0\xb0\xb0\xe0\xb1\x8d\\u200c\xe0\xb0\xb2\xe0\xb0\xb2\xe0\xb1\x8b'" -> b"'\xe0\xb0\xae\xe0\xb1\x80\xe0\xb0\x9f\xe0\xb0\xb0\xe0\xb1\x8d\xe0\xb0\xb2\xe0\xb0\xb2\xe0\xb1\x8b'"
In line number 210 : tef_09935_00878958515	రాంప్‌లో ఎడమవైపుకు మలుపు తిరగండి
	రాంప్‌లో -> రాంప్లో
	b"'\xe0\xb0\xb0\xe0\xb0\xbe\xe0\xb0\x82\xe0\xb0\xaa\xe0\xb1\x8d\\u200c\xe0\xb0\xb2\xe0\xb1\x8b'" -> b"'\xe0\xb0\xb0\xe0\xb0\xbe\xe0\xb0\x82\xe0\xb0\xaa\xe0\xb1\x8d\xe0\xb0\xb2\xe0\xb1\x8b'"
In line number 301 : tem_04272_00145832465	బజార్‌హథ్నూర్‌ ఆంధ్ర ప్రదేశ్ రాష్ట్రములోని అదిలాబాదు జిల్లాకు చెందిన ఒక మండలము
	బజార్‌హథ్నూర్‌ -> బజార్హథ్నూర్
	b"'\xe0\xb0\xac\xe0\xb0\x9c\xe0\xb0\xbe\xe0\xb0\xb0\xe0\xb1\x8d\\u200c\xe0\xb0\xb9\xe0\xb0\xa5\xe0\xb1\x8d\xe0\xb0\xa8\xe0\xb1\x82\xe0\xb0\xb0\xe0\xb1\x8d\\u200c'" -> b"'\xe0\xb0\xac\xe0\xb0\x9c\xe0\xb0\xbe\xe0\xb0\xb0\xe0\xb1\x8d\xe0\xb0\xb9\xe0\xb0\xa5\xe0\xb1\x8d\xe0\xb0\xa8\xe0\xb1\x82\xe0\xb0\xb0\xe0\xb1\x8d'"
In line number 304 : tem_04272_00629732340	పంచాయత్ రాజ్ మంత్రిత్వ శాఖ వెబ్‌సైటులో అనంతపురం జిల్లా తాలూకాల వివరాలు
	వెబ్‌సైటులో -> వెబ్సైటులో
	b"'\xe0\xb0\xb5\xe0\xb1\x86\xe0\xb0\xac\xe0\xb1\x8d\\u200c\xe0\xb0\xb8\xe0\xb1\x88\xe0\xb0\x9f\xe0\xb1\x81\xe0\xb0\xb2\xe0\xb1\x8b'" -> b"'\xe0\xb0\xb5\xe0\xb1\x86\xe0\xb0\xac\xe0\xb1\x8d\xe0\xb0\xb8\xe0\xb1\x88\xe0\xb0\x9f\xe0\xb1\x81\xe0\xb0\xb2\xe0\xb1\x8b'"
In line number 317 : tem_04771_00192600506	నాలుగు వందల మీటర్‌లలో
	మీటర్‌లలో -> మీటర్లలో
	b"'\xe0\xb0\xae\xe0\xb1\x80\xe0\xb0\x9f\xe0\xb0\xb0\xe0\xb1\x8d\\u200c\xe0\xb0\xb2\xe0\xb0\xb2\xe0\xb1\x8b'" -> b"'\xe0\xb0\xae\xe0\xb1\x80\xe0\xb0\x9f\xe0\xb0\xb0\xe0\xb1\x8d\xe0\xb0\xb2\xe0\xb0\xb2\xe0\xb1\x8b'"
In line number 320 : tem_04771_01086596294	రౌండ్అబౌట్‌లో ప్రవేశించండి
	రౌండ్అబౌట్‌లో -> రౌండ్అబౌట్లో
	b"'\xe0\xb0\xb0\xe0\xb1\x8c\xe0\xb0\x82\xe0\xb0\xa1\xe0\xb1\x8d\xe0\xb0\x85\xe0\xb0\xac\xe0\xb1\x8c\xe0\xb0\x9f\xe0\xb1\x8d\\u200c\xe0\xb0\xb2\xe0\xb1\x8b'" -> b"'\xe0\xb0\xb0\xe0\xb1\x8c\xe0\xb0\x82\xe0\xb0\xa1\xe0\xb1\x8d\xe0\xb0\x85\xe0\xb0\xac\xe0\xb1\x8c\xe0\xb0\x9f\xe0\xb1\x8d\xe0\xb0\xb2\xe0\xb1\x8b'"
In line number 364 : tem_06917_00188524359	టెస్ట్ క్రికెట్‌లో అత్యధిక వ్యక్తిగత స్కోరు సాధించిన భారతీయుడు
	క్రికెట్‌లో -> క్రికెట్లో
	b"'\xe0\xb0\x95\xe0\xb1\x8d\xe0\xb0\xb0\xe0\xb0\xbf\xe0\xb0\x95\xe0\xb1\x86\xe0\xb0\x9f\xe0\xb1\x8d\\u200c\xe0\xb0\xb2\xe0\xb1\x8b'" -> b"'\xe0\xb0\x95\xe0\xb1\x8d\xe0\xb0\xb0\xe0\xb0\xbf\xe0\xb0\x95\xe0\xb1\x86\xe0\xb0\x9f\xe0\xb1\x8d\xe0\xb0\xb2\xe0\xb1\x8b'"
File telugu_db_files/dataset_files/openslr_telugu/transcription/test/text Total line count:444 word count: 2277, normalized count: 8
