2022-05-06 09:58:35.289490 Running on iitm_asr train
2022-05-06 09:58:35.289577 Processing tamil_db_files/dataset_files/iitm_asr_tamil/train_transcription.txt for iitm_asr-train
2022-05-06 09:58:36.135770 pure_eng_lines_count: 24
2022-05-06 09:58:36.135790 comb_word_lines_count: 0
2022-05-06 09:58:36.135792 whitespace_fixed_lines_count: 0
2022-05-06 09:58:36.135795 unclean_lines_count: 0
2022-05-06 09:58:36.135848 Writing text to tamil_db_files/dataset_files/iitm_asr_tamil/transcription/train/text
2022-05-06 09:58:36.135851 Running on iitm_asr dev
2022-05-06 09:58:36.135908 Processing tamil_db_files/dataset_files/iitm_asr_tamil/dev_transcription.txt for iitm_asr-dev
2022-05-06 09:58:36.172441 pure_eng_lines_count: 0
2022-05-06 09:58:36.172459 comb_word_lines_count: 0
2022-05-06 09:58:36.172462 whitespace_fixed_lines_count: 0
2022-05-06 09:58:36.172464 unclean_lines_count: 0
2022-05-06 09:58:36.176327 Writing text to tamil_db_files/dataset_files/iitm_asr_tamil/transcription/dev/text
2022-05-06 09:58:36.176346 Running on iitm_asr test
2022-05-06 09:58:36.176411 Processing tamil_db_files/dataset_files/iitm_asr_tamil/test_transcription.txt for iitm_asr-test
2022-05-06 09:58:36.212548 pure_eng_lines_count: 1
2022-05-06 09:58:36.212568 comb_word_lines_count: 1
2022-05-06 09:58:36.212570 whitespace_fixed_lines_count: 0
2022-05-06 09:58:36.212572 unclean_lines_count: 0
2022-05-06 09:58:36.212834 Writing text to tamil_db_files/dataset_files/iitm_asr_tamil/transcription/test/text
