2022-05-06 09:24:15.889113 Running on iitm_asr train
2022-05-06 09:24:15.889281 Processing tamil_db_files/dataset_files/iitm_asr_tamil/train_transcription.txt for iitm_asr-train
2022-05-06 09:24:16.668298 not clean மார்க்கெட்டிங் அதிகாரி﻿ சந்தைப்படுத்துதலுக்கு இன்று அத்தனை துறைகளும்
2022-05-06 09:24:16.668329 culprit words ['அதிகாரி\ufeff']
2022-05-06 09:24:16.674110 not clean தோல்வி அடைந்ததாகக் கூறப்படுவது குறித்து﻿ இதுபோல் ஒரு முயற்சி நடைபெறவில்லை தான்
2022-05-06 09:24:16.674139 culprit words ['குறித்து\ufeff']
2022-05-06 09:24:16.698945 pure_eng_lines_count: 24
2022-05-06 09:24:16.698964 comb_word_lines_count: 0
2022-05-06 09:24:16.698966 whitespace_fixed_lines_count: 0
2022-05-06 09:24:16.698968 unclean_lines_count: 2
2022-05-06 09:24:16.699019 Writing text to tamil_db_files/dataset_files/iitm_asr_tamil/transcription/train/text
2022-05-06 09:24:16.699022 Running on iitm_asr dev
2022-05-06 09:24:16.699096 Processing tamil_db_files/dataset_files/iitm_asr_tamil/dev_transcription.txt for iitm_asr-dev
2022-05-06 09:24:16.735221 pure_eng_lines_count: 0
2022-05-06 09:24:16.735240 comb_word_lines_count: 0
2022-05-06 09:24:16.735242 whitespace_fixed_lines_count: 0
2022-05-06 09:24:16.735244 unclean_lines_count: 0
2022-05-06 09:24:16.739583 Writing text to tamil_db_files/dataset_files/iitm_asr_tamil/transcription/dev/text
2022-05-06 09:24:16.739610 Running on iitm_asr test
2022-05-06 09:24:16.739680 Processing tamil_db_files/dataset_files/iitm_asr_tamil/test_transcription.txt for iitm_asr-test
2022-05-06 09:24:16.775749 pure_eng_lines_count: 1
2022-05-06 09:24:16.775771 comb_word_lines_count: 1
2022-05-06 09:24:16.775773 whitespace_fixed_lines_count: 0
2022-05-06 09:24:16.775775 unclean_lines_count: 0
2022-05-06 09:24:16.776167 Writing text to tamil_db_files/dataset_files/iitm_asr_tamil/transcription/test/text
