2022-05-06 07:00:07.168274 Running on mozilla train
2022-05-06 07:00:07.312042 ------------
2022-05-06 07:00:07.312069 orig:!ஜெர்மனிக்கு திரும்பிய பின் Emdenனுக்கு மீண்டும் பயிற்சி தரும் கடமைகள் ஒதுக்கப்பட்டன! afterpunc:!ஜெர்மனிக்கு திரும்பிய பின் Emdenனுக்கு மீண்டும் பயிற்சி தரும் கடமைகள் ஒதுக்கப்பட்டன!
2022-05-06 07:00:07.312099 is_comb: True orig_wrod: !Emdenனுக்கு! comb:!Emden னுக்கு!
2022-05-06 07:00:07.312102 ------------
2022-05-06 07:00:07.312111 !!!!!!!!!!!!!!!!!!!!
2022-05-06 07:00:07.312114 ஜெர்மனிக்கு திரும்பிய பின் Emdenனுக்கு மீண்டும் பயிற்சி தரும் கடமைகள் ஒதுக்கப்பட்டன
2022-05-06 07:00:07.312117 ஜெர்மனிக்கு திரும்பிய பின் Emden னுக்கு மீண்டும் பயிற்சி தரும் கடமைகள் ஒதுக்கப்பட்டன
2022-05-06 07:00:07.312120 !!!!!!!!!!!!!!!!!!!!
2022-05-06 07:00:07.314420 ------------
2022-05-06 07:00:07.314441 orig:!Hertfordshireஇல் உள்ள ஆங்கில நகரமான Wareஇன் பெயரால் பெயரிடப்பட்டது! afterpunc:!Hertfordshireஇல் உள்ள ஆங்கில நகரமான Wareஇன் பெயரால் பெயரிடப்பட்டது!
2022-05-06 07:00:07.314468 is_comb: True orig_wrod: !Hertfordshireஇல்! comb:!Hertfordshire இல்!
2022-05-06 07:00:07.314471 ------------
2022-05-06 07:00:07.314478 ------------
2022-05-06 07:00:07.314480 orig:!Hertfordshireஇல் உள்ள ஆங்கில நகரமான Wareஇன் பெயரால் பெயரிடப்பட்டது! afterpunc:!Hertfordshireஇல் உள்ள ஆங்கில நகரமான Wareஇன் பெயரால் பெயரிடப்பட்டது!
2022-05-06 07:00:07.314488 is_comb: True orig_wrod: !Wareஇன்! comb:!Ware இன்!
2022-05-06 07:00:07.314491 ------------
2022-05-06 07:00:07.314496 !!!!!!!!!!!!!!!!!!!!
2022-05-06 07:00:07.314499 Hertfordshireஇல் உள்ள ஆங்கில நகரமான Wareஇன் பெயரால் பெயரிடப்பட்டது
2022-05-06 07:00:07.314501 Hertfordshire இல் உள்ள ஆங்கில நகரமான Ware இன் பெயரால் பெயரிடப்பட்டது
2022-05-06 07:00:07.314504 !!!!!!!!!!!!!!!!!!!!
2022-05-06 07:00:07.315562 ------------
2022-05-06 07:00:07.315580 orig:!பள்ளிக்கான நீர்ப்பிடிப்பு பகுதியில் அண்டை கிராமமான Bagworthம் அடங்கும்! afterpunc:!பள்ளிக்கான நீர்ப்பிடிப்பு பகுதியில் அண்டை கிராமமான Bagworthம் அடங்கும்!
2022-05-06 07:00:07.315598 is_comb: True orig_wrod: !Bagworthம்! comb:!Bagworth ம்!
2022-05-06 07:00:07.315601 ------------
2022-05-06 07:00:07.315605 !!!!!!!!!!!!!!!!!!!!
2022-05-06 07:00:07.315608 பள்ளிக்கான நீர்ப்பிடிப்பு பகுதியில் அண்டை கிராமமான Bagworthம் அடங்கும்
2022-05-06 07:00:07.315610 பள்ளிக்கான நீர்ப்பிடிப்பு பகுதியில் அண்டை கிராமமான Bagworth ம் அடங்கும்
2022-05-06 07:00:07.315613 !!!!!!!!!!!!!!!!!!!!
2022-05-06 07:00:07.316555 ------------
2022-05-06 07:00:07.316574 orig:!நகரின் பகுதிகள் Salisburyஇன் மக்கள்தொகைவடிவமைத்த ஊரை உள்ளடக்கியுள்ளது! afterpunc:!நகரின் பகுதிகள் Salisburyஇன் மக்கள்தொகைவடிவமைத்த ஊரை உள்ளடக்கியுள்ளது!
2022-05-06 07:00:07.316596 is_comb: True orig_wrod: !Salisburyஇன்! comb:!Salisbury இன்!
2022-05-06 07:00:07.316599 ------------
2022-05-06 07:00:07.316606 !!!!!!!!!!!!!!!!!!!!
2022-05-06 07:00:07.316609 நகரின் பகுதிகள் Salisburyஇன் மக்கள்தொகைவடிவமைத்த ஊரை உள்ளடக்கியுள்ளது
2022-05-06 07:00:07.316611 நகரின் பகுதிகள் Salisbury இன் மக்கள்தொகைவடிவமைத்த ஊரை உள்ளடக்கியுள்ளது
2022-05-06 07:00:07.316614 !!!!!!!!!!!!!!!!!!!!
2022-05-06 07:00:07.316817 ------------
2022-05-06 07:00:07.316821 orig:!அந்தக் கிராமம் Kilchomanன் Parishக்குள் உள்ளது! afterpunc:!அந்தக் கிராமம் Kilchomanன் Parishக்குள் உள்ளது!
2022-05-06 07:00:07.316835 is_comb: True orig_wrod: !Kilchomanன்! comb:!Kilchoman ன்!
2022-05-06 07:00:07.316838 ------------
2022-05-06 07:00:07.316842 ------------
2022-05-06 07:00:07.316844 orig:!அந்தக் கிராமம் Kilchomanன் Parishக்குள் உள்ளது! afterpunc:!அந்தக் கிராமம் Kilchomanன் Parishக்குள் உள்ளது!
2022-05-06 07:00:07.316853 is_comb: True orig_wrod: !Parishக்குள்! comb:!Parish க்குள்!
2022-05-06 07:00:07.316856 ------------
2022-05-06 07:00:07.316860 !!!!!!!!!!!!!!!!!!!!
2022-05-06 07:00:07.316862 அந்தக் கிராமம் Kilchomanன் Parishக்குள் உள்ளது
2022-05-06 07:00:07.316865 அந்தக் கிராமம் Kilchoman ன் Parish க்குள் உள்ளது
2022-05-06 07:00:07.316867 !!!!!!!!!!!!!!!!!!!!
2022-05-06 07:00:07.317121 ------------
2022-05-06 07:00:07.317124 orig:!கால்வாய்ப் போக்குவரத்தின் பெரும்பகுதி Shrewsburyக்குச் செல்லும் நிலக்கரியாகும்! afterpunc:!கால்வாய்ப் போக்குவரத்தின் பெரும்பகுதி Shrewsburyக்குச் செல்லும் நிலக்கரியாகும்!
2022-05-06 07:00:07.317139 is_comb: True orig_wrod: !Shrewsburyக்குச்! comb:!Shrewsbury க்குச்!
2022-05-06 07:00:07.317141 ------------
2022-05-06 07:00:07.317146 !!!!!!!!!!!!!!!!!!!!
2022-05-06 07:00:07.317149 கால்வாய்ப் போக்குவரத்தின் பெரும்பகுதி Shrewsburyக்குச் செல்லும் நிலக்கரியாகும்
2022-05-06 07:00:07.317152 கால்வாய்ப் போக்குவரத்தின் பெரும்பகுதி Shrewsbury க்குச் செல்லும் நிலக்கரியாகும்
2022-05-06 07:00:07.317155 !!!!!!!!!!!!!!!!!!!!
2022-05-06 07:00:07.317176 ------------
2022-05-06 07:00:07.317178 orig:!ஒரு பொதுவான இனத்தின் சுவாச உறுப்புகளில் மில்லியன் கணக்கான basidiaக்கள் உள்ளன! afterpunc:!ஒரு பொதுவான இனத்தின் சுவாச உறுப்புகளில் மில்லியன் கணக்கான basidiaக்கள் உள்ளன!
2022-05-06 07:00:07.317190 is_comb: True orig_wrod: !basidiaக்கள்! comb:!basidia க்கள்!
2022-05-06 07:00:07.317193 ------------
2022-05-06 07:00:07.317197 !!!!!!!!!!!!!!!!!!!!
2022-05-06 07:00:07.317199 ஒரு பொதுவான இனத்தின் சுவாச உறுப்புகளில் மில்லியன் கணக்கான basidiaக்கள் உள்ளன
2022-05-06 07:00:07.317280 ஒரு பொதுவான இனத்தின் சுவாச உறுப்புகளில் மில்லியன் கணக்கான basidia க்கள் உள்ளன
2022-05-06 07:00:07.317290 !!!!!!!!!!!!!!!!!!!!
2022-05-06 07:00:07.317488 ------------
2022-05-06 07:00:07.317499 orig:!கடலோர நகரமான Devonல் உள்ள Dartmouthஐப் பாதுகாக்க Dartmouth கோட்டை கட்டப்பட்டது! afterpunc:!கடலோர நகரமான Devonல் உள்ள Dartmouthஐப் பாதுகாக்க Dartmouth கோட்டை கட்டப்பட்டது!
2022-05-06 07:00:07.317524 is_comb: True orig_wrod: !Devonல்! comb:!Devon ல்!
2022-05-06 07:00:07.317527 ------------
2022-05-06 07:00:07.317534 ------------
2022-05-06 07:00:07.317536 orig:!கடலோர நகரமான Devonல் உள்ள Dartmouthஐப் பாதுகாக்க Dartmouth கோட்டை கட்டப்பட்டது! afterpunc:!கடலோர நகரமான Devonல் உள்ள Dartmouthஐப் பாதுகாக்க Dartmouth கோட்டை கட்டப்பட்டது!
2022-05-06 07:00:07.317548 is_comb: True orig_wrod: !Dartmouthஐப்! comb:!Dartmouth ஐப்!
2022-05-06 07:00:07.317551 ------------
2022-05-06 07:00:07.317996 ------------
2022-05-06 07:00:07.318004 orig:!Cherrilகுப் பிடித்தமான பாடல்களில் ஒன்றாக The Chair இருக்கிறது! afterpunc:!Cherrilகுப் பிடித்தமான பாடல்களில் ஒன்றாக The Chair இருக்கிறது!
2022-05-06 07:00:07.318017 is_comb: True orig_wrod: !Cherrilகுப்! comb:!Cherril குப்!
2022-05-06 07:00:07.318020 ------------
2022-05-06 07:00:07.318116 ------------
2022-05-06 07:00:07.318120 orig:!Taieriஇன் மிகப் பெரிய கிளை ஆறான Waipori ஆறு Clutha மாவட்டத்தின் வட கிழக்கு எல்லையாக உருவாகிறது! afterpunc:!Taieriஇன் மிகப் பெரிய கிளை ஆறான Waipori ஆறு Clutha மாவட்டத்தின் வட கிழக்கு எல்லையாக உருவாகிறது!
2022-05-06 07:00:07.318131 is_comb: True orig_wrod: !Taieriஇன்! comb:!Taieri இன்!
2022-05-06 07:00:07.318134 ------------
2022-05-06 07:00:07.318211 ------------
2022-05-06 07:00:07.318215 orig:!மற்ற எழுத்தாளர்களும் பின்தொடர இறுதியில் Beethovenவும் பட்டியலில் சேர்க்கப்பட்டார்! afterpunc:!மற்ற எழுத்தாளர்களும் பின்தொடர இறுதியில் Beethovenவும் பட்டியலில் சேர்க்கப்பட்டார்!
2022-05-06 07:00:07.318233 is_comb: True orig_wrod: !Beethovenவும்! comb:!Beethoven வும்!
2022-05-06 07:00:07.318237 ------------
2022-05-06 07:00:07.318244 !!!!!!!!!!!!!!!!!!!!
2022-05-06 07:00:07.318248 மற்ற எழுத்தாளர்களும் பின்தொடர இறுதியில் Beethovenவும் பட்டியலில் சேர்க்கப்பட்டார்
2022-05-06 07:00:07.318252 மற்ற எழுத்தாளர்களும் பின்தொடர இறுதியில் Beethoven வும் பட்டியலில் சேர்க்கப்பட்டார்
2022-05-06 07:00:07.318255 !!!!!!!!!!!!!!!!!!!!
2022-05-06 07:00:07.318341 ------------
2022-05-06 07:00:07.318347 orig:!அந்த அணி ரிசர்வ் மற்றும் வாலிப வீரர்களிடம் இருந்து உருவாக்கப்பட்டதுஇது”Expressinho” என்ற புனைப்பெயரைப் பெற்றது! afterpunc:!அந்த அணி ரிசர்வ் மற்றும் வாலிப வீரர்களிடம் இருந்து உருவாக்கப்பட்டதுஇதுExpressinho என்ற புனைப்பெயரைப் பெற்றது!
2022-05-06 07:00:07.318371 is_comb: True orig_wrod: !உருவாக்கப்பட்டதுஇதுExpressinho! comb:!உருவாக்கப்பட்டதுஇது Expressinho!
2022-05-06 07:00:07.318375 ------------
2022-05-06 07:00:07.318383 !!!!!!!!!!!!!!!!!!!!
2022-05-06 07:00:07.318387 அந்த அணி ரிசர்வ் மற்றும் வாலிப வீரர்களிடம் இருந்து உருவாக்கப்பட்டதுஇது”Expressinho” என்ற புனைப்பெயரைப் பெற்றது
2022-05-06 07:00:07.318391 அந்த அணி ரிசர்வ் மற்றும் வாலிப வீரர்களிடம் இருந்து உருவாக்கப்பட்டதுஇது Expressinho என்ற புனைப்பெயரைப் பெற்றது
2022-05-06 07:00:07.318393 !!!!!!!!!!!!!!!!!!!!
2022-05-06 07:00:07.319053 ------------
2022-05-06 07:00:07.319086 orig:!Hauptmannன் இசையமைப்புகள் தன்னிச்சையான கண்டுபிடிப்பை காட்டிலும் சமச்சீரான மற்றும் கைவினைத்திறன் ஆகியவற்றைக் கொண்டுள்ளது! afterpunc:!Hauptmannன் இசையமைப்புகள் தன்னிச்சையான கண்டுபிடிப்பை காட்டிலும் சமச்சீரான மற்றும் கைவினைத்திறன் ஆகியவற்றைக் கொண்டுள்ளது!
2022-05-06 07:00:07.319111 is_comb: True orig_wrod: !Hauptmannன்! comb:!Hauptmann ன்!
2022-05-06 07:00:07.319115 ------------
2022-05-06 07:00:07.319127 !!!!!!!!!!!!!!!!!!!!
2022-05-06 07:00:07.319130 Hauptmannன் இசையமைப்புகள் தன்னிச்சையான கண்டுபிடிப்பை காட்டிலும் சமச்சீரான மற்றும் கைவினைத்திறன் ஆகியவற்றைக் கொண்டுள்ளது
2022-05-06 07:00:07.319133 Hauptmann ன் இசையமைப்புகள் தன்னிச்சையான கண்டுபிடிப்பை காட்டிலும் சமச்சீரான மற்றும் கைவினைத்திறன் ஆகியவற்றைக் கொண்டுள்ளது
2022-05-06 07:00:07.319135 !!!!!!!!!!!!!!!!!!!!
2022-05-06 07:00:07.319533 ------------
2022-05-06 07:00:07.319545 orig:!Hamlinக்கு கிழக்கே Cookஅடுத்து Goodwinஅதைத் தொடர்ந்து Woodard அமைந்துள்ளது! afterpunc:!Hamlinக்கு கிழக்கே Cookஅடுத்து Goodwinஅதைத் தொடர்ந்து Woodard அமைந்துள்ளது!
2022-05-06 07:00:07.319561 is_comb: True orig_wrod: !Hamlinக்கு! comb:!Hamlin க்கு!
2022-05-06 07:00:07.319564 ------------
2022-05-06 07:00:07.319568 ------------
2022-05-06 07:00:07.319571 orig:!Hamlinக்கு கிழக்கே Cookஅடுத்து Goodwinஅதைத் தொடர்ந்து Woodard அமைந்துள்ளது! afterpunc:!Hamlinக்கு கிழக்கே Cookஅடுத்து Goodwinஅதைத் தொடர்ந்து Woodard அமைந்துள்ளது!
2022-05-06 07:00:07.319635 is_comb: True orig_wrod: !Cookஅடுத்து! comb:!Cook அடுத்து!
2022-05-06 07:00:07.319638 ------------
2022-05-06 07:00:07.319642 ------------
2022-05-06 07:00:07.319644 orig:!Hamlinக்கு கிழக்கே Cookஅடுத்து Goodwinஅதைத் தொடர்ந்து Woodard அமைந்துள்ளது! afterpunc:!Hamlinக்கு கிழக்கே Cookஅடுத்து Goodwinஅதைத் தொடர்ந்து Woodard அமைந்துள்ளது!
2022-05-06 07:00:07.319654 is_comb: True orig_wrod: !Goodwinஅதைத்! comb:!Goodwin அதைத்!
2022-05-06 07:00:07.319657 ------------
2022-05-06 07:00:07.319930 ------------
2022-05-06 07:00:07.319935 orig:!அவரது கதாபாத்திரம் Farrowஆல் விரைவாக மீண்டும் நடிக்கப்பட்டு நிறைவு செய்யப்பட்டது! afterpunc:!அவரது கதாபாத்திரம் Farrowஆல் விரைவாக மீண்டும் நடிக்கப்பட்டு நிறைவு செய்யப்பட்டது!
2022-05-06 07:00:07.319948 is_comb: True orig_wrod: !Farrowஆல்! comb:!Farrow ஆல்!
2022-05-06 07:00:07.319950 ------------
2022-05-06 07:00:07.319958 !!!!!!!!!!!!!!!!!!!!
2022-05-06 07:00:07.319961 அவரது கதாபாத்திரம் Farrowஆல் விரைவாக மீண்டும் நடிக்கப்பட்டு நிறைவு செய்யப்பட்டது
2022-05-06 07:00:07.319964 அவரது கதாபாத்திரம் Farrow ஆல் விரைவாக மீண்டும் நடிக்கப்பட்டு நிறைவு செய்யப்பட்டது
2022-05-06 07:00:07.319966 !!!!!!!!!!!!!!!!!!!!
2022-05-06 07:00:07.320405 ------------
2022-05-06 07:00:07.320427 orig:!Okinawaவில் உள்ள அமெரிக்க ராணுவப் படைகளின் இருப்பை குறைப்பதாக அவர் உறுதி பூண்டார்! afterpunc:!Okinawaவில் உள்ள அமெரிக்க ராணுவப் படைகளின் இருப்பை குறைப்பதாக அவர் உறுதி பூண்டார்!
2022-05-06 07:00:07.320456 is_comb: True orig_wrod: !Okinawaவில்! comb:!Okinawa வில்!
2022-05-06 07:00:07.320460 ------------
2022-05-06 07:00:07.320477 !!!!!!!!!!!!!!!!!!!!
2022-05-06 07:00:07.320481 Okinawaவில் உள்ள அமெரிக்க ராணுவப் படைகளின் இருப்பை குறைப்பதாக அவர் உறுதி பூண்டார்
2022-05-06 07:00:07.320484 Okinawa வில் உள்ள அமெரிக்க ராணுவப் படைகளின் இருப்பை குறைப்பதாக அவர் உறுதி பூண்டார்
2022-05-06 07:00:07.320487 !!!!!!!!!!!!!!!!!!!!
2022-05-06 07:00:07.321435 ------------
2022-05-06 07:00:07.321518 orig:!மைைக்கேல் டன்ஹோ அயர்லாந்தில் உள்ள கவன் நகரில் Killeshandraவில் பிறந்தார்! afterpunc:!மைைக்கேல் டன்ஹோ அயர்லாந்தில் உள்ள கவன் நகரில் Killeshandraவில் பிறந்தார்!
2022-05-06 07:00:07.321616 is_comb: True orig_wrod: !Killeshandraவில்! comb:!Killeshandra வில்!
2022-05-06 07:00:07.321629 ------------
2022-05-06 07:00:07.321650 !!!!!!!!!!!!!!!!!!!!
2022-05-06 07:00:07.321659 மைைக்கேல் டன்ஹோ அயர்லாந்தில் உள்ள கவன் நகரில் Killeshandraவில் பிறந்தார்
2022-05-06 07:00:07.321664 மைைக்கேல் டன்ஹோ அயர்லாந்தில் உள்ள கவன் நகரில் Killeshandra வில் பிறந்தார்
2022-05-06 07:00:07.321667 !!!!!!!!!!!!!!!!!!!!
2022-05-06 07:00:07.322610 ------------
2022-05-06 07:00:07.322646 orig:!திபெத் குக்கிராமத்தை பின்னணியாகக் கொண்டது Serrieயின் மூன்றாவது ஆல்பமான ‘Tingri’! afterpunc:!திபெத் குக்கிராமத்தை பின்னணியாகக் கொண்டது Serrieயின் மூன்றாவது ஆல்பமான Tingri!
2022-05-06 07:00:07.322680 is_comb: True orig_wrod: !Serrieயின்! comb:!Serrie யின்!
2022-05-06 07:00:07.322684 ------------
2022-05-06 07:00:07.322879 ------------
2022-05-06 07:00:07.322885 orig:!அவற்றுடன் Lavanஇன் தோல் தீண்டப்பட்டிருப்பதுபோல் உணரவைக்கும் ஒரு பெரும் காய்ச்சலும் உள்ளது! afterpunc:!அவற்றுடன் Lavanஇன் தோல் தீண்டப்பட்டிருப்பதுபோல் உணரவைக்கும் ஒரு பெரும் காய்ச்சலும் உள்ளது!
2022-05-06 07:00:07.322898 is_comb: True orig_wrod: !Lavanஇன்! comb:!Lavan இன்!
2022-05-06 07:00:07.322902 ------------
2022-05-06 07:00:07.322912 !!!!!!!!!!!!!!!!!!!!
2022-05-06 07:00:07.322915 அவற்றுடன் Lavanஇன் தோல் தீண்டப்பட்டிருப்பதுபோல் உணரவைக்கும் ஒரு பெரும் காய்ச்சலும் உள்ளது
2022-05-06 07:00:07.322918 அவற்றுடன் Lavan இன் தோல் தீண்டப்பட்டிருப்பதுபோல் உணரவைக்கும் ஒரு பெரும் காய்ச்சலும் உள்ளது
2022-05-06 07:00:07.322921 !!!!!!!!!!!!!!!!!!!!
2022-05-06 07:00:07.323136 ------------
2022-05-06 07:00:07.323150 orig:!Dawnஐப் பாதுகாக்கும் தாரா மறுக்கிறார் மேலும் தாராவுடைய நல் மனதைக் கலைக்கிறார்! afterpunc:!Dawnஐப் பாதுகாக்கும் தாரா மறுக்கிறார் மேலும் தாராவுடைய நல் மனதைக் கலைக்கிறார்!
2022-05-06 07:00:07.323167 is_comb: True orig_wrod: !Dawnஐப்! comb:!Dawn ஐப்!
2022-05-06 07:00:07.323171 ------------
2022-05-06 07:00:07.323183 !!!!!!!!!!!!!!!!!!!!
2022-05-06 07:00:07.323187 Dawnஐப் பாதுகாக்கும் தாரா மறுக்கிறார் மேலும் தாராவுடைய நல் மனதைக் கலைக்கிறார்
2022-05-06 07:00:07.323190 Dawn ஐப் பாதுகாக்கும் தாரா மறுக்கிறார் மேலும் தாராவுடைய நல் மனதைக் கலைக்கிறார்
2022-05-06 07:00:07.323194 !!!!!!!!!!!!!!!!!!!!
2022-05-06 07:00:07.323214 ------------
2022-05-06 07:00:07.323218 orig:!அவர் செயின்ட் பீட்டர்ஸ்பர்க்கிலும் பின்னர் peர்லினிலும் படித்தார்! afterpunc:!அவர் செயின்ட் பீட்டர்ஸ்பர்க்கிலும் பின்னர் peர்லினிலும் படித்தார்!
2022-05-06 07:00:07.323317 is_comb: True orig_wrod: !peர்லினிலும்! comb:!pe ர்லினிலும்!
2022-05-06 07:00:07.323323 ------------
2022-05-06 07:00:07.323328 !!!!!!!!!!!!!!!!!!!!
2022-05-06 07:00:07.323332 அவர் செயின்ட் பீட்டர்ஸ்பர்க்கிலும் பின்னர் peர்லினிலும் படித்தார்
2022-05-06 07:00:07.323335 அவர் செயின்ட் பீட்டர்ஸ்பர்க்கிலும் பின்னர் pe ர்லினிலும் படித்தார்
2022-05-06 07:00:07.323338 !!!!!!!!!!!!!!!!!!!!
2022-05-06 07:00:07.326192 ------------
2022-05-06 07:00:07.326228 orig:!ஜனாதிபதி வில்சன் குறிப்பாக Schwabபிடம் இந்த பொறுப்பை ஏற்றுக்கொள்ளும்படி கூறினார்! afterpunc:!ஜனாதிபதி வில்சன் குறிப்பாக Schwabபிடம் இந்த பொறுப்பை ஏற்றுக்கொள்ளும்படி கூறினார்!
2022-05-06 07:00:07.326271 is_comb: True orig_wrod: !Schwabபிடம்! comb:!Schwab பிடம்!
2022-05-06 07:00:07.326283 ------------
2022-05-06 07:00:07.326298 !!!!!!!!!!!!!!!!!!!!
2022-05-06 07:00:07.326302 ஜனாதிபதி வில்சன் குறிப்பாக Schwabபிடம் இந்த பொறுப்பை ஏற்றுக்கொள்ளும்படி கூறினார்
2022-05-06 07:00:07.326305 ஜனாதிபதி வில்சன் குறிப்பாக Schwab பிடம் இந்த பொறுப்பை ஏற்றுக்கொள்ளும்படி கூறினார்
2022-05-06 07:00:07.326308 !!!!!!!!!!!!!!!!!!!!
2022-05-06 07:00:07.329272 ------------
2022-05-06 07:00:07.329314 orig:!அனைத்து துணை நகராட்சிகளும் சிற்றூரும் கூட Molenbeekஇல் அடங்கியுள்ளன! afterpunc:!அனைத்து துணை நகராட்சிகளும் சிற்றூரும் கூட Molenbeekஇல் அடங்கியுள்ளன!
2022-05-06 07:00:07.329376 is_comb: True orig_wrod: !Molenbeekஇல்! comb:!Molenbeek இல்!
2022-05-06 07:00:07.329385 ------------
2022-05-06 07:00:07.329401 !!!!!!!!!!!!!!!!!!!!
2022-05-06 07:00:07.329407 அனைத்து துணை நகராட்சிகளும் சிற்றூரும் கூட Molenbeekஇல் அடங்கியுள்ளன
2022-05-06 07:00:07.329410 அனைத்து துணை நகராட்சிகளும் சிற்றூரும் கூட Molenbeek இல் அடங்கியுள்ளன
2022-05-06 07:00:07.329413 !!!!!!!!!!!!!!!!!!!!
2022-05-06 07:00:07.330007 ------------
2022-05-06 07:00:07.330012 orig:!Hanssenஇன் மூன்று மகன்களும் Marylandஇன் போடோமேக்கில் உள்ள சிறுவர்கள் ஆரம்பநிலைப்பள்ளியான The Heights Schoolஇல் பயின்றனர்! afterpunc:!Hanssenஇன் மூன்று மகன்களும் Marylandஇன் போடோமேக்கில் உள்ள சிறுவர்கள் ஆரம்பநிலைப்பள்ளியான The Heights Schoolஇல் பயின்றனர்!
2022-05-06 07:00:07.330025 is_comb: True orig_wrod: !Hanssenஇன்! comb:!Hanssen இன்!
2022-05-06 07:00:07.330028 ------------
2022-05-06 07:00:07.330034 ------------
2022-05-06 07:00:07.330037 orig:!Hanssenஇன் மூன்று மகன்களும் Marylandஇன் போடோமேக்கில் உள்ள சிறுவர்கள் ஆரம்பநிலைப்பள்ளியான The Heights Schoolஇல் பயின்றனர்! afterpunc:!Hanssenஇன் மூன்று மகன்களும் Marylandஇன் போடோமேக்கில் உள்ள சிறுவர்கள் ஆரம்பநிலைப்பள்ளியான The Heights Schoolஇல் பயின்றனர்!
2022-05-06 07:00:07.330048 is_comb: True orig_wrod: !Marylandஇன்! comb:!Maryland இன்!
2022-05-06 07:00:07.330051 ------------
2022-05-06 07:00:07.330144 ------------
2022-05-06 07:00:07.330147 orig:!Trumanஇன் இரண்டாவது பெரிய அரங்கு Ryle Hall ஆகும்! afterpunc:!Trumanஇன் இரண்டாவது பெரிய அரங்கு Ryle Hall ஆகும்!
2022-05-06 07:00:07.330157 is_comb: True orig_wrod: !Trumanஇன்! comb:!Truman இன்!
2022-05-06 07:00:07.330159 ------------
2022-05-06 07:00:07.330869 ------------
2022-05-06 07:00:07.330877 orig:!இருந்தாலும் autismன் மரபியல் மிகவும் சிக்கலானது என நிரூபிக்கப்பட்டுள்ளது! afterpunc:!இருந்தாலும் autismன் மரபியல் மிகவும் சிக்கலானது என நிரூபிக்கப்பட்டுள்ளது!
2022-05-06 07:00:07.330895 is_comb: True orig_wrod: !autismன்! comb:!autism ன்!
2022-05-06 07:00:07.330900 ------------
2022-05-06 07:00:07.330912 !!!!!!!!!!!!!!!!!!!!
2022-05-06 07:00:07.330916 இருந்தாலும் autismன் மரபியல் மிகவும் சிக்கலானது என நிரூபிக்கப்பட்டுள்ளது
2022-05-06 07:00:07.330920 இருந்தாலும் autism ன் மரபியல் மிகவும் சிக்கலானது என நிரூபிக்கப்பட்டுள்ளது
2022-05-06 07:00:07.330923 !!!!!!!!!!!!!!!!!!!!
2022-05-06 07:00:07.332868 ------------
2022-05-06 07:00:07.332919 orig:!இருந்தபோதிலும் Schraderன் திரைப்படம் கடைசியில் பொதுவான எதிர்மறை கருத்துகளைப் பெற்றது! afterpunc:!இருந்தபோதிலும் Schraderன் திரைப்படம் கடைசியில் பொதுவான எதிர்மறை கருத்துகளைப் பெற்றது!
2022-05-06 07:00:07.332963 is_comb: True orig_wrod: !Schraderன்! comb:!Schrader ன்!
2022-05-06 07:00:07.332966 ------------
2022-05-06 07:00:07.332976 !!!!!!!!!!!!!!!!!!!!
2022-05-06 07:00:07.332979 இருந்தபோதிலும் Schraderன் திரைப்படம் கடைசியில் பொதுவான எதிர்மறை கருத்துகளைப் பெற்றது
2022-05-06 07:00:07.332982 இருந்தபோதிலும் Schrader ன் திரைப்படம் கடைசியில் பொதுவான எதிர்மறை கருத்துகளைப் பெற்றது
2022-05-06 07:00:07.332985 !!!!!!!!!!!!!!!!!!!!
2022-05-06 07:00:07.333056 ------------
2022-05-06 07:00:07.333059 orig:!Shropshireஐச் சேர்ந்த Shrewsburyஇல் Preece பிறந்தார்! afterpunc:!Shropshireஐச் சேர்ந்த Shrewsburyஇல் Preece பிறந்தார்!
2022-05-06 07:00:07.333074 is_comb: True orig_wrod: !Shropshireஐச்! comb:!Shropshire ஐச்!
2022-05-06 07:00:07.333078 ------------
2022-05-06 07:00:07.333083 ------------
2022-05-06 07:00:07.333214 orig:!Shropshireஐச் சேர்ந்த Shrewsburyஇல் Preece பிறந்தார்! afterpunc:!Shropshireஐச் சேர்ந்த Shrewsburyஇல் Preece பிறந்தார்!
2022-05-06 07:00:07.333276 is_comb: True orig_wrod: !Shrewsburyஇல்! comb:!Shrewsbury இல்!
2022-05-06 07:00:07.333282 ------------
2022-05-06 07:00:07.333844 ------------
2022-05-06 07:00:07.333874 orig:!இவற்றில் இரண்டு Ashfordக்கும் ஒன்று Favershamஉம் நீட்டிக்கப்பட்டது! afterpunc:!இவற்றில் இரண்டு Ashfordக்கும் ஒன்று Favershamஉம் நீட்டிக்கப்பட்டது!
2022-05-06 07:00:07.333902 is_comb: True orig_wrod: !Ashfordக்கும்! comb:!Ashford க்கும்!
2022-05-06 07:00:07.333905 ------------
2022-05-06 07:00:07.333910 ------------
2022-05-06 07:00:07.333913 orig:!இவற்றில் இரண்டு Ashfordக்கும் ஒன்று Favershamஉம் நீட்டிக்கப்பட்டது! afterpunc:!இவற்றில் இரண்டு Ashfordக்கும் ஒன்று Favershamஉம் நீட்டிக்கப்பட்டது!
2022-05-06 07:00:07.333925 is_comb: True orig_wrod: !Favershamஉம்! comb:!Faversham உம்!
2022-05-06 07:00:07.333928 ------------
2022-05-06 07:00:07.333932 !!!!!!!!!!!!!!!!!!!!
2022-05-06 07:00:07.333936 இவற்றில் இரண்டு Ashfordக்கும் ஒன்று Favershamஉம் நீட்டிக்கப்பட்டது
2022-05-06 07:00:07.333939 இவற்றில் இரண்டு Ashford க்கும் ஒன்று Faversham உம் நீட்டிக்கப்பட்டது
2022-05-06 07:00:07.333941 !!!!!!!!!!!!!!!!!!!!
2022-05-06 07:00:07.334268 ------------
2022-05-06 07:00:07.334280 orig:!அவர் AltaVistaவை விட்டு வெளியேறிய பிறகு eBayவிலும் பின்னர் Googleம் பணியாற்றினார்! afterpunc:!அவர் AltaVistaவை விட்டு வெளியேறிய பிறகு eBayவிலும் பின்னர் Googleம் பணியாற்றினார்!
2022-05-06 07:00:07.334300 is_comb: True orig_wrod: !AltaVistaவை! comb:!AltaVista வை!
2022-05-06 07:00:07.334304 ------------
2022-05-06 07:00:07.334310 ------------
2022-05-06 07:00:07.334313 orig:!அவர் AltaVistaவை விட்டு வெளியேறிய பிறகு eBayவிலும் பின்னர் Googleம் பணியாற்றினார்! afterpunc:!அவர் AltaVistaவை விட்டு வெளியேறிய பிறகு eBayவிலும் பின்னர் Googleம் பணியாற்றினார்!
2022-05-06 07:00:07.334321 is_comb: True orig_wrod: !eBayவிலும்! comb:!eBay விலும்!
2022-05-06 07:00:07.334324 ------------
2022-05-06 07:00:07.334328 ------------
2022-05-06 07:00:07.334331 orig:!அவர் AltaVistaவை விட்டு வெளியேறிய பிறகு eBayவிலும் பின்னர் Googleம் பணியாற்றினார்! afterpunc:!அவர் AltaVistaவை விட்டு வெளியேறிய பிறகு eBayவிலும் பின்னர் Googleம் பணியாற்றினார்!
2022-05-06 07:00:07.334340 is_comb: True orig_wrod: !Googleம்! comb:!Google ம்!
2022-05-06 07:00:07.334343 ------------
2022-05-06 07:00:07.334347 !!!!!!!!!!!!!!!!!!!!
2022-05-06 07:00:07.334349 அவர் AltaVistaவை விட்டு வெளியேறிய பிறகு eBayவிலும் பின்னர் Googleம் பணியாற்றினார்
2022-05-06 07:00:07.334352 அவர் AltaVista வை விட்டு வெளியேறிய பிறகு eBay விலும் பின்னர் Google ம் பணியாற்றினார்
2022-05-06 07:00:07.334355 !!!!!!!!!!!!!!!!!!!!
2022-05-06 07:00:07.334806 ------------
2022-05-06 07:00:07.334810 orig:!ட்ருரோவில் நடந்த கொண்டாட்டத்தில் Daffodilகளும் இடம் பெற்றன அநேகமாக அதன் தங்க’ நிறத்துக்காக இருக்கலாம்! afterpunc:!ட்ருரோவில் நடந்த கொண்டாட்டத்தில் Daffodilகளும் இடம் பெற்றன அநேகமாக அதன் தங்க நிறத்துக்காக இருக்கலாம்!
2022-05-06 07:00:07.334826 is_comb: True orig_wrod: !Daffodilகளும்! comb:!Daffodil களும்!
2022-05-06 07:00:07.334829 ------------
2022-05-06 07:00:07.334839 !!!!!!!!!!!!!!!!!!!!
2022-05-06 07:00:07.334841 ட்ருரோவில் நடந்த கொண்டாட்டத்தில் Daffodilகளும் இடம் பெற்றன அநேகமாக அதன் தங்க’ நிறத்துக்காக இருக்கலாம்
2022-05-06 07:00:07.334844 ட்ருரோவில் நடந்த கொண்டாட்டத்தில் Daffodil களும் இடம் பெற்றன அநேகமாக அதன் தங்க நிறத்துக்காக இருக்கலாம்
2022-05-06 07:00:07.334847 !!!!!!!!!!!!!!!!!!!!
2022-05-06 07:00:07.335204 ------------
2022-05-06 07:00:07.335213 orig:!Ricardoவுக்கு அவனைப் பார்ப்பதற்கு தைரியம் இல்லை! afterpunc:!Ricardoவுக்கு அவனைப் பார்ப்பதற்கு தைரியம் இல்லை!
2022-05-06 07:00:07.335231 is_comb: True orig_wrod: !Ricardoவுக்கு! comb:!Ricardo வுக்கு!
2022-05-06 07:00:07.335234 ------------
2022-05-06 07:00:07.335241 !!!!!!!!!!!!!!!!!!!!
2022-05-06 07:00:07.335243 Ricardoவுக்கு அவனைப் பார்ப்பதற்கு தைரியம் இல்லை
2022-05-06 07:00:07.335246 Ricardo வுக்கு அவனைப் பார்ப்பதற்கு தைரியம் இல்லை
2022-05-06 07:00:07.335249 !!!!!!!!!!!!!!!!!!!!
2022-05-06 07:00:07.335569 ------------
2022-05-06 07:00:07.335577 orig:!Ohthereஉடைய செல்வத்தின் இன்னொரு மூலம் திமிங்கிலங்கள் மற்றும் வால்ரஸ்களை வேட்டையாடுதல்! afterpunc:!Ohthereஉடைய செல்வத்தின் இன்னொரு மூலம் திமிங்கிலங்கள் மற்றும் வால்ரஸ்களை வேட்டையாடுதல்!
2022-05-06 07:00:07.335591 is_comb: True orig_wrod: !Ohthereஉடைய! comb:!Ohthere உடைய!
2022-05-06 07:00:07.335594 ------------
2022-05-06 07:00:07.335604 !!!!!!!!!!!!!!!!!!!!
2022-05-06 07:00:07.335607 Ohthereஉடைய செல்வத்தின் இன்னொரு மூலம் திமிங்கிலங்கள் மற்றும் வால்ரஸ்களை வேட்டையாடுதல்
2022-05-06 07:00:07.335609 Ohthere உடைய செல்வத்தின் இன்னொரு மூலம் திமிங்கிலங்கள் மற்றும் வால்ரஸ்களை வேட்டையாடுதல்
2022-05-06 07:00:07.335612 !!!!!!!!!!!!!!!!!!!!
2022-05-06 07:00:07.335992 ------------
2022-05-06 07:00:07.336026 orig:!Cambridgeஇல் உள்ள டிரைனிட்டி கல்லூரி மற்றும் Kingston upon Thames என்ற பகுதியில் மத்தியாஸ் கல்வி பயின்றார்! afterpunc:!Cambridgeஇல் உள்ள டிரைனிட்டி கல்லூரி மற்றும் Kingston upon Thames என்ற பகுதியில் மத்தியாஸ் கல்வி பயின்றார்!
2022-05-06 07:00:07.336127 is_comb: True orig_wrod: !Cambridgeஇல்! comb:!Cambridge இல்!
2022-05-06 07:00:07.336133 ------------
2022-05-06 07:00:07.336845 ------------
2022-05-06 07:00:07.336880 orig:!சில ஆண்டுகளுக்குப் பிறகு அவர்கள் Tijuanaவில் தங்களை மீண்டும் நிலைநிறுத்திக்கொண்டனர்! afterpunc:!சில ஆண்டுகளுக்குப் பிறகு அவர்கள் Tijuanaவில் தங்களை மீண்டும் நிலைநிறுத்திக்கொண்டனர்!
2022-05-06 07:00:07.336910 is_comb: True orig_wrod: !Tijuanaவில்! comb:!Tijuana வில்!
2022-05-06 07:00:07.336913 ------------
2022-05-06 07:00:07.336920 !!!!!!!!!!!!!!!!!!!!
2022-05-06 07:00:07.336923 சில ஆண்டுகளுக்குப் பிறகு அவர்கள் Tijuanaவில் தங்களை மீண்டும் நிலைநிறுத்திக்கொண்டனர்
2022-05-06 07:00:07.336926 சில ஆண்டுகளுக்குப் பிறகு அவர்கள் Tijuana வில் தங்களை மீண்டும் நிலைநிறுத்திக்கொண்டனர்
2022-05-06 07:00:07.336928 !!!!!!!!!!!!!!!!!!!!
2022-05-06 07:00:07.337471 ------------
2022-05-06 07:00:07.337475 orig:!தமது குடும்பம் காயமின்றி தப்பியதால் ஏற்பட்ட நிம்மதி தான் Bobbyயின் முதல் எதிர்வினையாக இருந்தது! afterpunc:!தமது குடும்பம் காயமின்றி தப்பியதால் ஏற்பட்ட நிம்மதி தான் Bobbyயின் முதல் எதிர்வினையாக இருந்தது!
2022-05-06 07:00:07.337485 is_comb: True orig_wrod: !Bobbyயின்! comb:!Bobby யின்!
2022-05-06 07:00:07.337488 ------------
2022-05-06 07:00:07.337494 !!!!!!!!!!!!!!!!!!!!
2022-05-06 07:00:07.337497 தமது குடும்பம் காயமின்றி தப்பியதால் ஏற்பட்ட நிம்மதி தான் Bobbyயின் முதல் எதிர்வினையாக இருந்தது
2022-05-06 07:00:07.337500 தமது குடும்பம் காயமின்றி தப்பியதால் ஏற்பட்ட நிம்மதி தான் Bobby யின் முதல் எதிர்வினையாக இருந்தது
2022-05-06 07:00:07.337502 !!!!!!!!!!!!!!!!!!!!
2022-05-06 07:00:07.338862 ------------
2022-05-06 07:00:07.338895 orig:!Ruhnkenன் மரணத்தைத் தொடர்ந்து அவருடைய மாணவர் Wyttenbach அவருடய சரிதையை எழுதினார்! afterpunc:!Ruhnkenன் மரணத்தைத் தொடர்ந்து அவருடைய மாணவர் Wyttenbach அவருடய சரிதையை எழுதினார்!
2022-05-06 07:00:07.338925 is_comb: True orig_wrod: !Ruhnkenன்! comb:!Ruhnken ன்!
2022-05-06 07:00:07.338928 ------------
2022-05-06 07:00:07.339105 ------------
2022-05-06 07:00:07.339109 orig:!ஜங்ஷனுக்குக் கீழே Orwellலில் நவீன மதகு ஒன்று அமைக்கப்பட்டுள்ளது! afterpunc:!ஜங்ஷனுக்குக் கீழே Orwellலில் நவீன மதகு ஒன்று அமைக்கப்பட்டுள்ளது!
2022-05-06 07:00:07.339120 is_comb: True orig_wrod: !Orwellலில்! comb:!Orwell லில்!
2022-05-06 07:00:07.339123 ------------
2022-05-06 07:00:07.339129 !!!!!!!!!!!!!!!!!!!!
2022-05-06 07:00:07.339132 ஜங்ஷனுக்குக் கீழே Orwellலில் நவீன மதகு ஒன்று அமைக்கப்பட்டுள்ளது
2022-05-06 07:00:07.339135 ஜங்ஷனுக்குக் கீழே Orwell லில் நவீன மதகு ஒன்று அமைக்கப்பட்டுள்ளது
2022-05-06 07:00:07.339137 !!!!!!!!!!!!!!!!!!!!
2022-05-06 07:00:07.339993 ------------
2022-05-06 07:00:07.340002 orig:!அந்த மாதிரி அதுமுதல் பயன்படுத்தப்படவில்லை இப்போது அது Trollywoodடில் உள்ளது! afterpunc:!அந்த மாதிரி அதுமுதல் பயன்படுத்தப்படவில்லை இப்போது அது Trollywoodடில் உள்ளது!
2022-05-06 07:00:07.340022 is_comb: True orig_wrod: !Trollywoodடில்! comb:!Trollywood டில்!
2022-05-06 07:00:07.340025 ------------
2022-05-06 07:00:07.340028 !!!!!!!!!!!!!!!!!!!!
2022-05-06 07:00:07.340031 அந்த மாதிரி அதுமுதல் பயன்படுத்தப்படவில்லை இப்போது அது Trollywoodடில் உள்ளது
2022-05-06 07:00:07.340034 அந்த மாதிரி அதுமுதல் பயன்படுத்தப்படவில்லை இப்போது அது Trollywood டில் உள்ளது
2022-05-06 07:00:07.340036 !!!!!!!!!!!!!!!!!!!!
2022-05-06 07:00:07.340049 ------------
2022-05-06 07:00:07.340052 orig:!இது Brusselsதலைநகர் பிராந்தியத்திற்கு கிழக்கே அமைந்துள்ளது! afterpunc:!இது Brusselsதலைநகர் பிராந்தியத்திற்கு கிழக்கே அமைந்துள்ளது!
2022-05-06 07:00:07.340063 is_comb: True orig_wrod: !Brusselsதலைநகர்! comb:!Brussels தலைநகர்!
2022-05-06 07:00:07.340065 ------------
2022-05-06 07:00:07.340071 !!!!!!!!!!!!!!!!!!!!
2022-05-06 07:00:07.340074 இது Brusselsதலைநகர் பிராந்தியத்திற்கு கிழக்கே அமைந்துள்ளது
2022-05-06 07:00:07.340077 இது Brussels தலைநகர் பிராந்தியத்திற்கு கிழக்கே அமைந்துள்ளது
2022-05-06 07:00:07.340079 !!!!!!!!!!!!!!!!!!!!
2022-05-06 07:00:07.340096 ------------
2022-05-06 07:00:07.340100 orig:!அதற்கு முன் Estoniaவில் தொலைக்காட்சி ஒளிபரப்புகளை மாஸ்கோவிலிருந்து மட்டுமே பெற முடியும்! afterpunc:!அதற்கு முன் Estoniaவில் தொலைக்காட்சி ஒளிபரப்புகளை மாஸ்கோவிலிருந்து மட்டுமே பெற முடியும்!
2022-05-06 07:00:07.340111 is_comb: True orig_wrod: !Estoniaவில்! comb:!Estonia வில்!
2022-05-06 07:00:07.340114 ------------
2022-05-06 07:00:07.340123 !!!!!!!!!!!!!!!!!!!!
2022-05-06 07:00:07.340125 அதற்கு முன் Estoniaவில் தொலைக்காட்சி ஒளிபரப்புகளை மாஸ்கோவிலிருந்து மட்டுமே பெற முடியும்
2022-05-06 07:00:07.340128 அதற்கு முன் Estonia வில் தொலைக்காட்சி ஒளிபரப்புகளை மாஸ்கோவிலிருந்து மட்டுமே பெற முடியும்
2022-05-06 07:00:07.340204 !!!!!!!!!!!!!!!!!!!!
2022-05-06 07:00:07.342755 ------------
2022-05-06 07:00:07.342800 orig:!இந்தப் பள்ளி Bostonன் புறநகரில் Tremont Streetஇல் Sargent Hall பகுதியில் அமைந்துள்ளது! afterpunc:!இந்தப் பள்ளி Bostonன் புறநகரில் Tremont Streetஇல் Sargent Hall பகுதியில் அமைந்துள்ளது!
2022-05-06 07:00:07.342834 is_comb: True orig_wrod: !Bostonன்! comb:!Boston ன்!
2022-05-06 07:00:07.342837 ------------
2022-05-06 07:00:07.343127 ------------
2022-05-06 07:00:07.343130 orig:!Waigeoவில் பேசப்படும் மொழிகளில் Papuan Malay Biak Maya மற்றும் Ambel ஆகியவை அடங்கும்! afterpunc:!Waigeoவில் பேசப்படும் மொழிகளில் Papuan Malay Biak Maya மற்றும் Ambel ஆகியவை அடங்கும்!
2022-05-06 07:00:07.343145 is_comb: True orig_wrod: !Waigeoவில்! comb:!Waigeo வில்!
2022-05-06 07:00:07.343149 ------------
2022-05-06 07:00:07.345536 ------------
2022-05-06 07:00:07.345574 orig:!இது அருகிலுள்ள இணைக்கப்பட்ட நகரமான Watsonvilleஉடன் கலக்கிறது! afterpunc:!இது அருகிலுள்ள இணைக்கப்பட்ட நகரமான Watsonvilleஉடன் கலக்கிறது!
2022-05-06 07:00:07.345610 is_comb: True orig_wrod: !Watsonvilleஉடன்! comb:!Watsonville உடன்!
2022-05-06 07:00:07.345614 ------------
2022-05-06 07:00:07.345619 !!!!!!!!!!!!!!!!!!!!
2022-05-06 07:00:07.345623 இது அருகிலுள்ள இணைக்கப்பட்ட நகரமான Watsonvilleஉடன் கலக்கிறது
2022-05-06 07:00:07.345627 இது அருகிலுள்ள இணைக்கப்பட்ட நகரமான Watsonville உடன் கலக்கிறது
2022-05-06 07:00:07.345630 !!!!!!!!!!!!!!!!!!!!
2022-05-06 07:00:07.345999 ------------
2022-05-06 07:00:07.346029 orig:!Opothleyaholaஇன் ஆதரவாளர்கள் சமீபத்தில் அவர்களது முகாமை விட்டு சென்றுவிட்டதை குதிரைப்படை கண்டறிந்தது! afterpunc:!Opothleyaholaஇன் ஆதரவாளர்கள் சமீபத்தில் அவர்களது முகாமை விட்டு சென்றுவிட்டதை குதிரைப்படை கண்டறிந்தது!
2022-05-06 07:00:07.346067 is_comb: True orig_wrod: !Opothleyaholaஇன்! comb:!Opothleyahola இன்!
2022-05-06 07:00:07.346071 ------------
2022-05-06 07:00:07.346085 !!!!!!!!!!!!!!!!!!!!
2022-05-06 07:00:07.346088 Opothleyaholaஇன் ஆதரவாளர்கள் சமீபத்தில் அவர்களது முகாமை விட்டு சென்றுவிட்டதை குதிரைப்படை கண்டறிந்தது
2022-05-06 07:00:07.346091 Opothleyahola இன் ஆதரவாளர்கள் சமீபத்தில் அவர்களது முகாமை விட்டு சென்றுவிட்டதை குதிரைப்படை கண்டறிந்தது
2022-05-06 07:00:07.346094 !!!!!!!!!!!!!!!!!!!!
2022-05-06 07:00:07.347015 ------------
2022-05-06 07:00:07.347019 orig:!அரசியல் வளர்ச்சி அவர்களை Trotskyismக்கு இட்டுச் செல்லும்! afterpunc:!அரசியல் வளர்ச்சி அவர்களை Trotskyismக்கு இட்டுச் செல்லும்!
2022-05-06 07:00:07.347035 is_comb: True orig_wrod: !Trotskyismக்கு! comb:!Trotskyism க்கு!
2022-05-06 07:00:07.347038 ------------
2022-05-06 07:00:07.347042 !!!!!!!!!!!!!!!!!!!!
2022-05-06 07:00:07.347045 அரசியல் வளர்ச்சி அவர்களை Trotskyismக்கு இட்டுச் செல்லும்
2022-05-06 07:00:07.347048 அரசியல் வளர்ச்சி அவர்களை Trotskyism க்கு இட்டுச் செல்லும்
2022-05-06 07:00:07.347051 !!!!!!!!!!!!!!!!!!!!
2022-05-06 07:00:07.347594 ------------
2022-05-06 07:00:07.347597 orig:!இந்த நகரத்திற்கு அவரது மனைவி Kristineன் பெயரை வைப்பதன் அவரது முன்மொழிவுக்கு நகர மக்கள் ஆட்சேபனை தெரிவித்ததாகக் கூறப்படுகிறது! afterpunc:!இந்த நகரத்திற்கு அவரது மனைவி Kristineன் பெயரை வைப்பதன் அவரது முன்மொழிவுக்கு நகர மக்கள் ஆட்சேபனை தெரிவித்ததாகக் கூறப்படுகிறது!
2022-05-06 07:00:07.347613 is_comb: True orig_wrod: !Kristineன்! comb:!Kristine ன்!
2022-05-06 07:00:07.347615 ------------
2022-05-06 07:00:07.347626 !!!!!!!!!!!!!!!!!!!!
2022-05-06 07:00:07.347629 இந்த நகரத்திற்கு அவரது மனைவி Kristineன் பெயரை வைப்பதன் அவரது முன்மொழிவுக்கு நகர மக்கள் ஆட்சேபனை தெரிவித்ததாகக் கூறப்படுகிறது
2022-05-06 07:00:07.347632 இந்த நகரத்திற்கு அவரது மனைவி Kristine ன் பெயரை வைப்பதன் அவரது முன்மொழிவுக்கு நகர மக்கள் ஆட்சேபனை தெரிவித்ததாகக் கூறப்படுகிறது
2022-05-06 07:00:07.347635 !!!!!!!!!!!!!!!!!!!!
2022-05-06 07:00:07.347830 ------------
2022-05-06 07:00:07.347833 orig:!அவர்களது AIRBNBக்கு அருகிலுள்ள உணவகத்தில் முன்பதிவு செய்யுங்கள்! afterpunc:!அவர்களது AIRBNBக்கு அருகிலுள்ள உணவகத்தில் முன்பதிவு செய்யுங்கள்!
2022-05-06 07:00:07.347843 is_comb: True orig_wrod: !AIRBNBக்கு! comb:!AIRBNB க்கு!
2022-05-06 07:00:07.347846 ------------
2022-05-06 07:00:07.347853 !!!!!!!!!!!!!!!!!!!!
2022-05-06 07:00:07.347855 அவர்களது AIRBNBக்கு அருகிலுள்ள உணவகத்தில் முன்பதிவு செய்யுங்கள்
2022-05-06 07:00:07.347858 அவர்களது AIRBNB க்கு அருகிலுள்ள உணவகத்தில் முன்பதிவு செய்யுங்கள்
2022-05-06 07:00:07.347861 !!!!!!!!!!!!!!!!!!!!
2022-05-06 07:00:07.347966 ------------
2022-05-06 07:00:07.347969 orig:!வோர்டன் அண்டாரியோவில் உள்ள Guelphல் பிறந்தார் Guelph கல்லூரியில் கல்வி கற்றார்! afterpunc:!வோர்டன் அண்டாரியோவில் உள்ள Guelphல் பிறந்தார் Guelph கல்லூரியில் கல்வி கற்றார்!
2022-05-06 07:00:07.347980 is_comb: True orig_wrod: !Guelphல்! comb:!Guelph ல்!
2022-05-06 07:00:07.347983 ------------
2022-05-06 07:00:07.349855 ------------
2022-05-06 07:00:07.349903 orig:!அவருடைய இரண்டு உதவி லெப்டினென்ட்களான Lockhartம் Ferrabyம் புதியவர்கள் அவர்களுக்கு கடலில் அனுபவம் இல்லை! afterpunc:!அவருடைய இரண்டு உதவி லெப்டினென்ட்களான Lockhartம் Ferrabyம் புதியவர்கள் அவர்களுக்கு கடலில் அனுபவம் இல்லை!
2022-05-06 07:00:07.349999 is_comb: True orig_wrod: !Lockhartம்! comb:!Lockhart ம்!
2022-05-06 07:00:07.350023 ------------
2022-05-06 07:00:07.350035 ------------
2022-05-06 07:00:07.350038 orig:!அவருடைய இரண்டு உதவி லெப்டினென்ட்களான Lockhartம் Ferrabyம் புதியவர்கள் அவர்களுக்கு கடலில் அனுபவம் இல்லை! afterpunc:!அவருடைய இரண்டு உதவி லெப்டினென்ட்களான Lockhartம் Ferrabyம் புதியவர்கள் அவர்களுக்கு கடலில் அனுபவம் இல்லை!
2022-05-06 07:00:07.350050 is_comb: True orig_wrod: !Ferrabyம்! comb:!Ferraby ம்!
2022-05-06 07:00:07.350054 ------------
2022-05-06 07:00:07.350063 !!!!!!!!!!!!!!!!!!!!
2022-05-06 07:00:07.350067 அவருடைய இரண்டு உதவி லெப்டினென்ட்களான Lockhartம் Ferrabyம் புதியவர்கள் அவர்களுக்கு கடலில் அனுபவம் இல்லை
2022-05-06 07:00:07.350070 அவருடைய இரண்டு உதவி லெப்டினென்ட்களான Lockhart ம் Ferraby ம் புதியவர்கள் அவர்களுக்கு கடலில் அனுபவம் இல்லை
2022-05-06 07:00:07.350072 !!!!!!!!!!!!!!!!!!!!
2022-05-06 07:00:07.350832 ------------
2022-05-06 07:00:07.350879 orig:!முன்னாள் Thalhimerன் கடை அதே ஆண்டின் பிற்பகுதியில் Hudson Belkஆக மாறியது! afterpunc:!முன்னாள் Thalhimerன் கடை அதே ஆண்டின் பிற்பகுதியில் Hudson Belkஆக மாறியது!
2022-05-06 07:00:07.350918 is_comb: True orig_wrod: !Thalhimerன்! comb:!Thalhimer ன்!
2022-05-06 07:00:07.350928 ------------
2022-05-06 07:00:07.351140 ------------
2022-05-06 07:00:07.351158 orig:!ஒரு மாதத்துக்குள் கிட்டத்தட்ட ஒட்டுமொத்தப் பேரரசும் Xinன் கட்டுப்பாட்டிலிருந்து நழுவியது! afterpunc:!ஒரு மாதத்துக்குள் கிட்டத்தட்ட ஒட்டுமொத்தப் பேரரசும் Xinன் கட்டுப்பாட்டிலிருந்து நழுவியது!
2022-05-06 07:00:07.351185 is_comb: True orig_wrod: !Xinன்! comb:!Xin ன்!
2022-05-06 07:00:07.351189 ------------
2022-05-06 07:00:07.351197 !!!!!!!!!!!!!!!!!!!!
2022-05-06 07:00:07.351200 ஒரு மாதத்துக்குள் கிட்டத்தட்ட ஒட்டுமொத்தப் பேரரசும் Xinன் கட்டுப்பாட்டிலிருந்து நழுவியது
2022-05-06 07:00:07.351203 ஒரு மாதத்துக்குள் கிட்டத்தட்ட ஒட்டுமொத்தப் பேரரசும் Xin ன் கட்டுப்பாட்டிலிருந்து நழுவியது
2022-05-06 07:00:07.351205 !!!!!!!!!!!!!!!!!!!!
2022-05-06 07:00:07.351664 ------------
2022-05-06 07:00:07.351690 orig:!டொம்பர்கைப்போல Zoutelandeம் நெதர்லாந்து ஓவியர்களிடையே மிகவும் விரும்பப்படும் ஓர் இடமாகும் அவர்கள் அதன் வானத்தைப் புகழ்ந்தார்கள்! afterpunc:!டொம்பர்கைப்போல Zoutelandeம் நெதர்லாந்து ஓவியர்களிடையே மிகவும் விரும்பப்படும் ஓர் இடமாகும் அவர்கள் அதன் வானத்தைப் புகழ்ந்தார்கள்!
2022-05-06 07:00:07.351733 is_comb: True orig_wrod: !Zoutelandeம்! comb:!Zoutelande ம்!
2022-05-06 07:00:07.351738 ------------
2022-05-06 07:00:07.351752 !!!!!!!!!!!!!!!!!!!!
2022-05-06 07:00:07.351755 டொம்பர்கைப்போல Zoutelandeம் நெதர்லாந்து ஓவியர்களிடையே மிகவும் விரும்பப்படும் ஓர் இடமாகும் அவர்கள் அதன் வானத்தைப் புகழ்ந்தார்கள்
2022-05-06 07:00:07.351758 டொம்பர்கைப்போல Zoutelande ம் நெதர்லாந்து ஓவியர்களிடையே மிகவும் விரும்பப்படும் ஓர் இடமாகும் அவர்கள் அதன் வானத்தைப் புகழ்ந்தார்கள்
2022-05-06 07:00:07.351761 !!!!!!!!!!!!!!!!!!!!
2022-05-06 07:00:07.351842 ------------
2022-05-06 07:00:07.351846 orig:!Miniaraவில் தனியார் மற்றும் அரசுப் பள்ளிகள் உள்ளன! afterpunc:!Miniaraவில் தனியார் மற்றும் அரசுப் பள்ளிகள் உள்ளன!
2022-05-06 07:00:07.351862 is_comb: True orig_wrod: !Miniaraவில்! comb:!Miniara வில்!
2022-05-06 07:00:07.351865 ------------
2022-05-06 07:00:07.351874 !!!!!!!!!!!!!!!!!!!!
2022-05-06 07:00:07.351876 Miniaraவில் தனியார் மற்றும் அரசுப் பள்ளிகள் உள்ளன
2022-05-06 07:00:07.351879 Miniara வில் தனியார் மற்றும் அரசுப் பள்ளிகள் உள்ளன
2022-05-06 07:00:07.351882 !!!!!!!!!!!!!!!!!!!!
2022-05-06 07:00:07.351947 ------------
2022-05-06 07:00:07.351950 orig:!Walbeck”கின் கண்காணிப்பு வளைவு அதன் அதிகாரப்பூர்வ கண்டுபிடிப்பைக் கண்டதற்கு பின்வரும் இரவிலிருந்து தொடங்குகிறது! afterpunc:!Walbeckகின் கண்காணிப்பு வளைவு அதன் அதிகாரப்பூர்வ கண்டுபிடிப்பைக் கண்டதற்கு பின்வரும் இரவிலிருந்து தொடங்குகிறது!
2022-05-06 07:00:07.351962 is_comb: True orig_wrod: !Walbeckகின்! comb:!Walbeck கின்!
2022-05-06 07:00:07.351965 ------------
2022-05-06 07:00:07.351976 !!!!!!!!!!!!!!!!!!!!
2022-05-06 07:00:07.351979 Walbeck”கின் கண்காணிப்பு வளைவு அதன் அதிகாரப்பூர்வ கண்டுபிடிப்பைக் கண்டதற்கு பின்வரும் இரவிலிருந்து தொடங்குகிறது
2022-05-06 07:00:07.351982 Walbeck கின் கண்காணிப்பு வளைவு அதன் அதிகாரப்பூர்வ கண்டுபிடிப்பைக் கண்டதற்கு பின்வரும் இரவிலிருந்து தொடங்குகிறது
2022-05-06 07:00:07.351984 !!!!!!!!!!!!!!!!!!!!
2022-05-06 07:00:07.352026 ------------
2022-05-06 07:00:07.352029 orig:!காவல் துறையின் தலைவர் Hanaudஇன் தோளின்மேல் சாய்ந்து வளைந்து இருந்தார்! afterpunc:!காவல் துறையின் தலைவர் Hanaudஇன் தோளின்மேல் சாய்ந்து வளைந்து இருந்தார்!
2022-05-06 07:00:07.352100 is_comb: True orig_wrod: !Hanaudஇன்! comb:!Hanaud இன்!
2022-05-06 07:00:07.352104 ------------
2022-05-06 07:00:07.352111 !!!!!!!!!!!!!!!!!!!!
2022-05-06 07:00:07.352114 காவல் துறையின் தலைவர் Hanaudஇன் தோளின்மேல் சாய்ந்து வளைந்து இருந்தார்
2022-05-06 07:00:07.352116 காவல் துறையின் தலைவர் Hanaud இன் தோளின்மேல் சாய்ந்து வளைந்து இருந்தார்
2022-05-06 07:00:07.352119 !!!!!!!!!!!!!!!!!!!!
2022-05-06 07:00:07.354423 ------------
2022-05-06 07:00:07.354448 orig:!இரட்டைப் பிணைப்புகளை மட்டும் கொண்ட annuleneகளுடன் அவை தொடர்புடையவை! afterpunc:!இரட்டைப் பிணைப்புகளை மட்டும் கொண்ட annuleneகளுடன் அவை தொடர்புடையவை!
2022-05-06 07:00:07.354472 is_comb: True orig_wrod: !annuleneகளுடன்! comb:!annulene களுடன்!
2022-05-06 07:00:07.354475 ------------
2022-05-06 07:00:07.354481 !!!!!!!!!!!!!!!!!!!!
2022-05-06 07:00:07.354484 இரட்டைப் பிணைப்புகளை மட்டும் கொண்ட annuleneகளுடன் அவை தொடர்புடையவை
2022-05-06 07:00:07.354487 இரட்டைப் பிணைப்புகளை மட்டும் கொண்ட annulene களுடன் அவை தொடர்புடையவை
2022-05-06 07:00:07.354490 !!!!!!!!!!!!!!!!!!!!
2022-05-06 07:00:07.354528 ------------
2022-05-06 07:00:07.354531 orig:!இந்தப் புத்தகம் Torringtonஇல் தொடங்கி அங்கேயே முடிகிறது! afterpunc:!இந்தப் புத்தகம் Torringtonஇல் தொடங்கி அங்கேயே முடிகிறது!
2022-05-06 07:00:07.354546 is_comb: True orig_wrod: !Torringtonஇல்! comb:!Torrington இல்!
2022-05-06 07:00:07.354549 ------------
2022-05-06 07:00:07.354554 !!!!!!!!!!!!!!!!!!!!
2022-05-06 07:00:07.354558 இந்தப் புத்தகம் Torringtonஇல் தொடங்கி அங்கேயே முடிகிறது
2022-05-06 07:00:07.354560 இந்தப் புத்தகம் Torrington இல் தொடங்கி அங்கேயே முடிகிறது
2022-05-06 07:00:07.354563 !!!!!!!!!!!!!!!!!!!!
2022-05-06 07:00:07.354638 ------------
2022-05-06 07:00:07.354644 orig:!இந்த இசைக்குழு பலவிதமான பாடகர்களைப் பயன்படுத்தியது kமிகவும் குறிப்பாக ராப்பர் மிச்சி மீயை! afterpunc:!இந்த இசைக்குழு பலவிதமான பாடகர்களைப் பயன்படுத்தியது kமிகவும் குறிப்பாக ராப்பர் மிச்சி மீயை!
2022-05-06 07:00:07.354654 is_comb: True orig_wrod: !kமிகவும்! comb:!k மிகவும்!
2022-05-06 07:00:07.354657 ------------
2022-05-06 07:00:07.354663 !!!!!!!!!!!!!!!!!!!!
2022-05-06 07:00:07.354666 இந்த இசைக்குழு பலவிதமான பாடகர்களைப் பயன்படுத்தியது kமிகவும் குறிப்பாக ராப்பர் மிச்சி மீயை
2022-05-06 07:00:07.354669 இந்த இசைக்குழு பலவிதமான பாடகர்களைப் பயன்படுத்தியது k மிகவும் குறிப்பாக ராப்பர் மிச்சி மீயை
2022-05-06 07:00:07.354671 !!!!!!!!!!!!!!!!!!!!
2022-05-06 07:00:07.355328 ------------
2022-05-06 07:00:07.355343 orig:!இந்த வழி செங்குத்தானது ஆங்காங்கே cairnகள் இருக்கின்றன அவை வெளியே தெரிவதில்லை! afterpunc:!இந்த வழி செங்குத்தானது ஆங்காங்கே cairnகள் இருக்கின்றன அவை வெளியே தெரிவதில்லை!
2022-05-06 07:00:07.355360 is_comb: True orig_wrod: !cairnகள்! comb:!cairn கள்!
2022-05-06 07:00:07.355363 ------------
2022-05-06 07:00:07.355370 !!!!!!!!!!!!!!!!!!!!
2022-05-06 07:00:07.355373 இந்த வழி செங்குத்தானது ஆங்காங்கே cairnகள் இருக்கின்றன அவை வெளியே தெரிவதில்லை
2022-05-06 07:00:07.355376 இந்த வழி செங்குத்தானது ஆங்காங்கே cairn கள் இருக்கின்றன அவை வெளியே தெரிவதில்லை
2022-05-06 07:00:07.355378 !!!!!!!!!!!!!!!!!!!!
2022-05-06 07:00:07.355477 ------------
2022-05-06 07:00:07.355481 orig:!ஆரம்பத்தில் Zaydisஅல்லாதவர்கள் ரஃபிடா குழுக்கள் என்றழைக்கப்படுவார்கள்! afterpunc:!ஆரம்பத்தில் Zaydisஅல்லாதவர்கள் ரஃபிடா குழுக்கள் என்றழைக்கப்படுவார்கள்!
2022-05-06 07:00:07.355491 is_comb: True orig_wrod: !Zaydisஅல்லாதவர்கள்! comb:!Zaydis அல்லாதவர்கள்!
2022-05-06 07:00:07.355494 ------------
2022-05-06 07:00:07.355499 !!!!!!!!!!!!!!!!!!!!
2022-05-06 07:00:07.355502 ஆரம்பத்தில் Zaydisஅல்லாதவர்கள் ரஃபிடா குழுக்கள் என்றழைக்கப்படுவார்கள்
2022-05-06 07:00:07.355505 ஆரம்பத்தில் Zaydis அல்லாதவர்கள் ரஃபிடா குழுக்கள் என்றழைக்கப்படுவார்கள்
2022-05-06 07:00:07.355507 !!!!!!!!!!!!!!!!!!!!
2022-05-06 07:00:07.355960 ------------
2022-05-06 07:00:07.355987 orig:!மற்றொரு முக்கிய விsஹயம் சமிக்ஞை உமிழ்வு கட்டுப்பாடு! afterpunc:!மற்றொரு முக்கிய விsஹயம் சமிக்ஞை உமிழ்வு கட்டுப்பாடு!
2022-05-06 07:00:07.356010 is_comb: False orig_wrod: !விsஹயம்! comb:!விsஹயம்!
2022-05-06 07:00:07.357576 ------------
2022-05-06 07:00:07.357596 orig:!Belizeஇன் கொடியில் ஒரு மரபுச்சின்னம் இடம் பெற்றிருக்கும்! afterpunc:!Belizeஇன் கொடியில் ஒரு மரபுச்சின்னம் இடம் பெற்றிருக்கும்!
2022-05-06 07:00:07.357615 is_comb: True orig_wrod: !Belizeஇன்! comb:!Belize இன்!
2022-05-06 07:00:07.357618 ------------
2022-05-06 07:00:07.357626 !!!!!!!!!!!!!!!!!!!!
2022-05-06 07:00:07.357629 Belizeஇன் கொடியில் ஒரு மரபுச்சின்னம் இடம் பெற்றிருக்கும்
2022-05-06 07:00:07.357632 Belize இன் கொடியில் ஒரு மரபுச்சின்னம் இடம் பெற்றிருக்கும்
2022-05-06 07:00:07.357634 !!!!!!!!!!!!!!!!!!!!
2022-05-06 07:00:07.359443 ------------
2022-05-06 07:00:07.359470 orig:!பின்னர் Hakimன் குடும்பத்தினர் Medinaவுக்கு குடிபெயர்ந்து அங்கேயே குடியேறினர்! afterpunc:!பின்னர் Hakimன் குடும்பத்தினர் Medinaவுக்கு குடிபெயர்ந்து அங்கேயே குடியேறினர்!
2022-05-06 07:00:07.359492 is_comb: True orig_wrod: !Hakimன்! comb:!Hakim ன்!
2022-05-06 07:00:07.359496 ------------
2022-05-06 07:00:07.359501 ------------
2022-05-06 07:00:07.359504 orig:!பின்னர் Hakimன் குடும்பத்தினர் Medinaவுக்கு குடிபெயர்ந்து அங்கேயே குடியேறினர்! afterpunc:!பின்னர் Hakimன் குடும்பத்தினர் Medinaவுக்கு குடிபெயர்ந்து அங்கேயே குடியேறினர்!
2022-05-06 07:00:07.359515 is_comb: True orig_wrod: !Medinaவுக்கு! comb:!Medina வுக்கு!
2022-05-06 07:00:07.359518 ------------
2022-05-06 07:00:07.359524 !!!!!!!!!!!!!!!!!!!!
2022-05-06 07:00:07.359527 பின்னர் Hakimன் குடும்பத்தினர் Medinaவுக்கு குடிபெயர்ந்து அங்கேயே குடியேறினர்
2022-05-06 07:00:07.359530 பின்னர் Hakim ன் குடும்பத்தினர் Medina வுக்கு குடிபெயர்ந்து அங்கேயே குடியேறினர்
2022-05-06 07:00:07.359532 !!!!!!!!!!!!!!!!!!!!
2022-05-06 07:00:07.363078 ------------
2022-05-06 07:00:07.363103 orig:!உகாண்டா ஓரின சேர்க்கை எதிர்ப்பு மசோதாவுக்கு Kutesaஅளித்த ஆதரவு மற்றும் ஊழல் குற்றச்சாட்டுகளை அவர் எடுத்துரைத்தார்! afterpunc:!உகாண்டா ஓரின சேர்க்கை எதிர்ப்பு மசோதாவுக்கு Kutesaஅளித்த ஆதரவு மற்றும் ஊழல் குற்றச்சாட்டுகளை அவர் எடுத்துரைத்தார்!
2022-05-06 07:00:07.363129 is_comb: True orig_wrod: !Kutesaஅளித்த! comb:!Kutesa அளித்த!
2022-05-06 07:00:07.363134 ------------
2022-05-06 07:00:07.363147 !!!!!!!!!!!!!!!!!!!!
2022-05-06 07:00:07.363151 உகாண்டா ஓரின சேர்க்கை எதிர்ப்பு மசோதாவுக்கு Kutesaஅளித்த ஆதரவு மற்றும் ஊழல் குற்றச்சாட்டுகளை அவர் எடுத்துரைத்தார்
2022-05-06 07:00:07.363155 உகாண்டா ஓரின சேர்க்கை எதிர்ப்பு மசோதாவுக்கு Kutesa அளித்த ஆதரவு மற்றும் ஊழல் குற்றச்சாட்டுகளை அவர் எடுத்துரைத்தார்
2022-05-06 07:00:07.363158 !!!!!!!!!!!!!!!!!!!!
2022-05-06 07:00:07.364181 ------------
2022-05-06 07:00:07.364203 orig:!அவர் Sorbonneல் கணிதத்திலும் பட்டம் பெற்றார்! afterpunc:!அவர் Sorbonneல் கணிதத்திலும் பட்டம் பெற்றார்!
2022-05-06 07:00:07.364224 is_comb: True orig_wrod: !Sorbonneல்! comb:!Sorbonne ல்!
2022-05-06 07:00:07.364227 ------------
2022-05-06 07:00:07.364234 !!!!!!!!!!!!!!!!!!!!
2022-05-06 07:00:07.364236 அவர் Sorbonneல் கணிதத்திலும் பட்டம் பெற்றார்
2022-05-06 07:00:07.364239 அவர் Sorbonne ல் கணிதத்திலும் பட்டம் பெற்றார்
2022-05-06 07:00:07.364242 !!!!!!!!!!!!!!!!!!!!
2022-05-06 07:00:07.364581 ------------
2022-05-06 07:00:07.364586 orig:!Minimsல் நடந்து கொண்டிருந்த அந்த இயக்கத்தில் பாதிவழியில் முரண்பாடான ஒரு கருப்பொருள் அறிமுகம் செய்யப்பட்டது! afterpunc:!Minimsல் நடந்து கொண்டிருந்த அந்த இயக்கத்தில் பாதிவழியில் முரண்பாடான ஒரு கருப்பொருள் அறிமுகம் செய்யப்பட்டது!
2022-05-06 07:00:07.364598 is_comb: True orig_wrod: !Minimsல்! comb:!Minims ல்!
2022-05-06 07:00:07.364600 ------------
2022-05-06 07:00:07.364613 !!!!!!!!!!!!!!!!!!!!
2022-05-06 07:00:07.364616 Minimsல் நடந்து கொண்டிருந்த அந்த இயக்கத்தில் பாதிவழியில் முரண்பாடான ஒரு கருப்பொருள் அறிமுகம் செய்யப்பட்டது
2022-05-06 07:00:07.364618 Minims ல் நடந்து கொண்டிருந்த அந்த இயக்கத்தில் பாதிவழியில் முரண்பாடான ஒரு கருப்பொருள் அறிமுகம் செய்யப்பட்டது
2022-05-06 07:00:07.364621 !!!!!!!!!!!!!!!!!!!!
2022-05-06 07:00:07.364907 ------------
2022-05-06 07:00:07.364924 orig:!Hardingல் எட்டு மணிக்கு எனக்கு ஒரு ரெஸ்டாரெண்ட் பதிவு செய்ய வேண்டும்! afterpunc:!Hardingல் எட்டு மணிக்கு எனக்கு ஒரு ரெஸ்டாரெண்ட் பதிவு செய்ய வேண்டும்!
2022-05-06 07:00:07.364941 is_comb: True orig_wrod: !Hardingல்! comb:!Harding ல்!
2022-05-06 07:00:07.364944 ------------
2022-05-06 07:00:07.364954 !!!!!!!!!!!!!!!!!!!!
2022-05-06 07:00:07.364957 Hardingல் எட்டு மணிக்கு எனக்கு ஒரு ரெஸ்டாரெண்ட் பதிவு செய்ய வேண்டும்
2022-05-06 07:00:07.364959 Harding ல் எட்டு மணிக்கு எனக்கு ஒரு ரெஸ்டாரெண்ட் பதிவு செய்ய வேண்டும்
2022-05-06 07:00:07.364962 !!!!!!!!!!!!!!!!!!!!
2022-05-06 07:00:07.365399 ------------
2022-05-06 07:00:07.365405 orig:!Michiganனுக்கு செல்வதற்கு முன்பு Indianaவின் Montana Gary ஆகிய இடங்களில் அவர் நேரத்தை செலவிட்டார்! afterpunc:!Michiganனுக்கு செல்வதற்கு முன்பு Indianaவின் Montana Gary ஆகிய இடங்களில் அவர் நேரத்தை செலவிட்டார்!
2022-05-06 07:00:07.365422 is_comb: True orig_wrod: !Michiganனுக்கு! comb:!Michigan னுக்கு!
2022-05-06 07:00:07.365425 ------------
2022-05-06 07:00:07.365431 ------------
2022-05-06 07:00:07.365433 orig:!Michiganனுக்கு செல்வதற்கு முன்பு Indianaவின் Montana Gary ஆகிய இடங்களில் அவர் நேரத்தை செலவிட்டார்! afterpunc:!Michiganனுக்கு செல்வதற்கு முன்பு Indianaவின் Montana Gary ஆகிய இடங்களில் அவர் நேரத்தை செலவிட்டார்!
2022-05-06 07:00:07.365445 is_comb: True orig_wrod: !Indianaவின்! comb:!Indiana வின்!
2022-05-06 07:00:07.365447 ------------
2022-05-06 07:00:07.366114 ------------
2022-05-06 07:00:07.366194 orig:!இது தெரியாமல் ரியூஷி தனது கனவை நனவாக்க நருடகிsouக்கு நகர்கிறார்! afterpunc:!இது தெரியாமல் ரியூஷி தனது கனவை நனவாக்க நருடகிsouக்கு நகர்கிறார்!
2022-05-06 07:00:07.366225 is_comb: False orig_wrod: !நருடகிsouக்கு! comb:!நருடகிsouக்கு!
2022-05-06 07:00:07.367020 ------------
2022-05-06 07:00:07.367040 orig:!Odierஇன் பெரும்பாலான மற்ற புனைவுகள் மொழிபெயர்க்கப்படாமலே இருக்கிறது! afterpunc:!Odierஇன் பெரும்பாலான மற்ற புனைவுகள் மொழிபெயர்க்கப்படாமலே இருக்கிறது!
2022-05-06 07:00:07.367057 is_comb: True orig_wrod: !Odierஇன்! comb:!Odier இன்!
2022-05-06 07:00:07.367061 ------------
2022-05-06 07:00:07.367070 !!!!!!!!!!!!!!!!!!!!
2022-05-06 07:00:07.367073 Odierஇன் பெரும்பாலான மற்ற புனைவுகள் மொழிபெயர்க்கப்படாமலே இருக்கிறது
2022-05-06 07:00:07.367076 Odier இன் பெரும்பாலான மற்ற புனைவுகள் மொழிபெயர்க்கப்படாமலே இருக்கிறது
2022-05-06 07:00:07.367078 !!!!!!!!!!!!!!!!!!!!
2022-05-06 07:00:07.368133 ------------
2022-05-06 07:00:07.368152 orig:!மேலும் ஒரு முறை Jeevesஉடன் நான் கண்புருவ மொழியில் ஆலோசித்தேன்! afterpunc:!மேலும் ஒரு முறை Jeevesஉடன் நான் கண்புருவ மொழியில் ஆலோசித்தேன்!
2022-05-06 07:00:07.368174 is_comb: True orig_wrod: !Jeevesஉடன்! comb:!Jeeves உடன்!
2022-05-06 07:00:07.368178 ------------
2022-05-06 07:00:07.368188 !!!!!!!!!!!!!!!!!!!!
2022-05-06 07:00:07.368192 மேலும் ஒரு முறை Jeevesஉடன் நான் கண்புருவ மொழியில் ஆலோசித்தேன்
2022-05-06 07:00:07.368197 மேலும் ஒரு முறை Jeeves உடன் நான் கண்புருவ மொழியில் ஆலோசித்தேன்
2022-05-06 07:00:07.368200 !!!!!!!!!!!!!!!!!!!!
2022-05-06 07:00:07.368835 ------------
2022-05-06 07:00:07.368865 orig:!Ariusக்கு அவனது எதிரிகளே விஷம் கொடுத்திருப்பார்கள் என்றுதான் சில அறிஞர்கள் கருதுகின்றனர்! afterpunc:!Ariusக்கு அவனது எதிரிகளே விஷம் கொடுத்திருப்பார்கள் என்றுதான் சில அறிஞர்கள் கருதுகின்றனர்!
2022-05-06 07:00:07.368888 is_comb: True orig_wrod: !Ariusக்கு! comb:!Arius க்கு!
2022-05-06 07:00:07.368891 ------------
2022-05-06 07:00:07.368904 !!!!!!!!!!!!!!!!!!!!
2022-05-06 07:00:07.368907 Ariusக்கு அவனது எதிரிகளே விஷம் கொடுத்திருப்பார்கள் என்றுதான் சில அறிஞர்கள் கருதுகின்றனர்
2022-05-06 07:00:07.368910 Arius க்கு அவனது எதிரிகளே விஷம் கொடுத்திருப்பார்கள் என்றுதான் சில அறிஞர்கள் கருதுகின்றனர்
2022-05-06 07:00:07.368912 !!!!!!!!!!!!!!!!!!!!
2022-05-06 07:00:07.370315 ------------
2022-05-06 07:00:07.370327 orig:!அது Alphardஇன் ஆடம்பரமான நான்கு இருக்கைகள் கொண்ட பதிப்பாகும்! afterpunc:!அது Alphardஇன் ஆடம்பரமான நான்கு இருக்கைகள் கொண்ட பதிப்பாகும்!
2022-05-06 07:00:07.370343 is_comb: True orig_wrod: !Alphardஇன்! comb:!Alphard இன்!
2022-05-06 07:00:07.370346 ------------
2022-05-06 07:00:07.370353 !!!!!!!!!!!!!!!!!!!!
2022-05-06 07:00:07.370356 அது Alphardஇன் ஆடம்பரமான நான்கு இருக்கைகள் கொண்ட பதிப்பாகும்
2022-05-06 07:00:07.370359 அது Alphard இன் ஆடம்பரமான நான்கு இருக்கைகள் கொண்ட பதிப்பாகும்
2022-05-06 07:00:07.370361 !!!!!!!!!!!!!!!!!!!!
2022-05-06 07:00:07.370572 ------------
2022-05-06 07:00:07.370592 orig:!Mielnikகிற்கு நீண்ட மற்றும் பழுத்த வரலாறு உண்டு! afterpunc:!Mielnikகிற்கு நீண்ட மற்றும் பழுத்த வரலாறு உண்டு!
2022-05-06 07:00:07.370622 is_comb: True orig_wrod: !Mielnikகிற்கு! comb:!Mielnik கிற்கு!
2022-05-06 07:00:07.370628 ------------
2022-05-06 07:00:07.370642 !!!!!!!!!!!!!!!!!!!!
2022-05-06 07:00:07.370645 Mielnikகிற்கு நீண்ட மற்றும் பழுத்த வரலாறு உண்டு
2022-05-06 07:00:07.370649 Mielnik கிற்கு நீண்ட மற்றும் பழுத்த வரலாறு உண்டு
2022-05-06 07:00:07.370653 !!!!!!!!!!!!!!!!!!!!
2022-05-06 07:00:07.373444 ------------
2022-05-06 07:00:07.373471 orig:!Cisternன் வானிலை நிலவரம் என்ன! afterpunc:!Cisternன் வானிலை நிலவரம் என்ன!
2022-05-06 07:00:07.373497 is_comb: True orig_wrod: !Cisternன்! comb:!Cistern ன்!
2022-05-06 07:00:07.373504 ------------
2022-05-06 07:00:07.373516 !!!!!!!!!!!!!!!!!!!!
2022-05-06 07:00:07.373519 Cisternன் வானிலை நிலவரம் என்ன
2022-05-06 07:00:07.373523 Cistern ன் வானிலை நிலவரம் என்ன
2022-05-06 07:00:07.373526 !!!!!!!!!!!!!!!!!!!!
2022-05-06 07:00:07.373802 ------------
2022-05-06 07:00:07.373826 orig:!Harderரைப் பெற்றிருக்கும் Lynch அதை ஏற்கவில்லை! afterpunc:!Harderரைப் பெற்றிருக்கும் Lynch அதை ஏற்கவில்லை!
2022-05-06 07:00:07.373848 is_comb: True orig_wrod: !Harderரைப்! comb:!Harder ரைப்!
2022-05-06 07:00:07.373852 ------------
2022-05-06 07:00:07.374943 ------------
2022-05-06 07:00:07.374960 orig:!அவர் தனது மூன்றாவது மனைவி Gloriaவுடன் அந்தப் படகில் பல ஆண்டுகள் வாழ்ந்தார்! afterpunc:!அவர் தனது மூன்றாவது மனைவி Gloriaவுடன் அந்தப் படகில் பல ஆண்டுகள் வாழ்ந்தார்!
2022-05-06 07:00:07.374979 is_comb: True orig_wrod: !Gloriaவுடன்! comb:!Gloria வுடன்!
2022-05-06 07:00:07.374982 ------------
2022-05-06 07:00:07.374989 !!!!!!!!!!!!!!!!!!!!
2022-05-06 07:00:07.374992 அவர் தனது மூன்றாவது மனைவி Gloriaவுடன் அந்தப் படகில் பல ஆண்டுகள் வாழ்ந்தார்
2022-05-06 07:00:07.374994 அவர் தனது மூன்றாவது மனைவி Gloria வுடன் அந்தப் படகில் பல ஆண்டுகள் வாழ்ந்தார்
2022-05-06 07:00:07.374997 !!!!!!!!!!!!!!!!!!!!
2022-05-06 07:00:07.375486 ------------
2022-05-06 07:00:07.375492 orig:!மற்ற ஏதோ ஒருவிதத்தில் தொடர்புடைய சட்டத்தை நடைமுறைப்படுத்தும் செயல்களில் கிரிட்லாக் செயல்பாடு மற்றும் Dஎலைட் செயல்பாடு ஆகியவை இடம்பெறுகின்றன! afterpunc:!மற்ற ஏதோ ஒருவிதத்தில் தொடர்புடைய சட்டத்தை நடைமுறைப்படுத்தும் செயல்களில் கிரிட்லாக் செயல்பாடு மற்றும் Dஎலைட் செயல்பாடு ஆகியவை இடம்பெறுகின்றன!
2022-05-06 07:00:07.375552 is_comb: True orig_wrod: !Dஎலைட்! comb:!D எலைட்!
2022-05-06 07:00:07.375557 ------------
2022-05-06 07:00:07.375566 !!!!!!!!!!!!!!!!!!!!
2022-05-06 07:00:07.375570 மற்ற ஏதோ ஒருவிதத்தில் தொடர்புடைய சட்டத்தை நடைமுறைப்படுத்தும் செயல்களில் கிரிட்லாக் செயல்பாடு மற்றும் Dஎலைட் செயல்பாடு ஆகியவை இடம்பெறுகின்றன
2022-05-06 07:00:07.375573 மற்ற ஏதோ ஒருவிதத்தில் தொடர்புடைய சட்டத்தை நடைமுறைப்படுத்தும் செயல்களில் கிரிட்லாக் செயல்பாடு மற்றும் D எலைட் செயல்பாடு ஆகியவை இடம்பெறுகின்றன
2022-05-06 07:00:07.375577 !!!!!!!!!!!!!!!!!!!!
2022-05-06 07:00:07.375797 ------------
2022-05-06 07:00:07.375826 orig:!இந்த இசைத்தொகுப்பில் இரண்டு புத்தம்புதிய Fogertyஆல் எழுதப்பட்ட பாடல்களும் உள்ளன! afterpunc:!இந்த இசைத்தொகுப்பில் இரண்டு புத்தம்புதிய Fogertyஆல் எழுதப்பட்ட பாடல்களும் உள்ளன!
2022-05-06 07:00:07.375860 is_comb: True orig_wrod: !Fogertyஆல்! comb:!Fogerty ஆல்!
2022-05-06 07:00:07.375864 ------------
2022-05-06 07:00:07.375871 !!!!!!!!!!!!!!!!!!!!
2022-05-06 07:00:07.375875 இந்த இசைத்தொகுப்பில் இரண்டு புத்தம்புதிய Fogertyஆல் எழுதப்பட்ட பாடல்களும் உள்ளன
2022-05-06 07:00:07.375877 இந்த இசைத்தொகுப்பில் இரண்டு புத்தம்புதிய Fogerty ஆல் எழுதப்பட்ட பாடல்களும் உள்ளன
2022-05-06 07:00:07.375880 !!!!!!!!!!!!!!!!!!!!
2022-05-06 07:00:07.375912 ------------
2022-05-06 07:00:07.375916 orig:!Billboardஇன் Chuck Taylor R Kellyஉடன் ஒரு டூயட் பாடலான Im Your Angel ஐப் பாராட்டினார்! afterpunc:!Billboardஇன் Chuck Taylor R Kellyஉடன் ஒரு டூயட் பாடலான Im Your Angel ஐப் பாராட்டினார்!
2022-05-06 07:00:07.375928 is_comb: True orig_wrod: !Billboardஇன்! comb:!Billboard இன்!
2022-05-06 07:00:07.375931 ------------
2022-05-06 07:00:07.512605 ------------
2022-05-06 07:00:07.512643 orig:!Reddஇன் முதல் தனிப்பாடலாக Hank Williamsஇன் Half As Much பாடலை Susser தேர்வு செய்தார்! afterpunc:!Reddஇன் முதல் தனிப்பாடலாக Hank Williamsஇன் Half As Much பாடலை Susser தேர்வு செய்தார்!
2022-05-06 07:00:07.512675 is_comb: True orig_wrod: !Reddஇன்! comb:!Redd இன்!
2022-05-06 07:00:07.512679 ------------
2022-05-06 07:00:07.527089 ------------
2022-05-06 07:00:07.527112 orig:!Carrierகளின் கப்பல் நிறுத்தும் இடம் முதலில் கிழக்கு நோக்கி அமைந்திருந்தது! afterpunc:!Carrierகளின் கப்பல் நிறுத்தும் இடம் முதலில் கிழக்கு நோக்கி அமைந்திருந்தது!
2022-05-06 07:00:07.527137 is_comb: True orig_wrod: !Carrierகளின்! comb:!Carrier களின்!
2022-05-06 07:00:07.527140 ------------
2022-05-06 07:00:07.527150 !!!!!!!!!!!!!!!!!!!!
2022-05-06 07:00:07.527154 Carrierகளின் கப்பல் நிறுத்தும் இடம் முதலில் கிழக்கு நோக்கி அமைந்திருந்தது
2022-05-06 07:00:07.527157 Carrier களின் கப்பல் நிறுத்தும் இடம் முதலில் கிழக்கு நோக்கி அமைந்திருந்தது
2022-05-06 07:00:07.527159 !!!!!!!!!!!!!!!!!!!!
2022-05-06 07:00:07.531647 ------------
2022-05-06 07:00:07.531670 orig:!அது ஒரு Bவகைச் சிறுகோள்! afterpunc:!அது ஒரு Bவகைச் சிறுகோள்!
2022-05-06 07:00:07.531686 is_comb: True orig_wrod: !Bவகைச்! comb:!B வகைச்!
2022-05-06 07:00:07.531689 ------------
2022-05-06 07:00:07.531693 !!!!!!!!!!!!!!!!!!!!
2022-05-06 07:00:07.531696 அது ஒரு Bவகைச் சிறுகோள்
2022-05-06 07:00:07.531698 அது ஒரு B வகைச் சிறுகோள்
2022-05-06 07:00:07.531701 !!!!!!!!!!!!!!!!!!!!
2022-05-06 07:00:07.533839 ------------
2022-05-06 07:00:07.533862 orig:!ஜெனோ பின்னர் Argentinaக்கு குடிபெயர்ந்தார்! afterpunc:!ஜெனோ பின்னர் Argentinaக்கு குடிபெயர்ந்தார்!
2022-05-06 07:00:07.533888 is_comb: True orig_wrod: !Argentinaக்கு! comb:!Argentina க்கு!
2022-05-06 07:00:07.533891 ------------
2022-05-06 07:00:07.533895 !!!!!!!!!!!!!!!!!!!!
2022-05-06 07:00:07.533899 ஜெனோ பின்னர் Argentinaக்கு குடிபெயர்ந்தார்
2022-05-06 07:00:07.533901 ஜெனோ பின்னர் Argentina க்கு குடிபெயர்ந்தார்
2022-05-06 07:00:07.533904 !!!!!!!!!!!!!!!!!!!!
2022-05-06 07:00:07.649526 ------------
2022-05-06 07:00:07.649569 orig:!மேரிக்கும் Rizzioக்கும் கள்ளக்காதல் உள்ளதாக வதந்திகள் பரவின! afterpunc:!மேரிக்கும் Rizzioக்கும் கள்ளக்காதல் உள்ளதாக வதந்திகள் பரவின!
2022-05-06 07:00:07.649603 is_comb: True orig_wrod: !Rizzioக்கும்! comb:!Rizzio க்கும்!
2022-05-06 07:00:07.649606 ------------
2022-05-06 07:00:07.649615 !!!!!!!!!!!!!!!!!!!!
2022-05-06 07:00:07.649618 மேரிக்கும் Rizzioக்கும் கள்ளக்காதல் உள்ளதாக வதந்திகள் பரவின
2022-05-06 07:00:07.649621 மேரிக்கும் Rizzio க்கும் கள்ளக்காதல் உள்ளதாக வதந்திகள் பரவின
2022-05-06 07:00:07.649623 !!!!!!!!!!!!!!!!!!!!
2022-05-06 07:00:07.650317 ------------
2022-05-06 07:00:07.650355 orig:!தனது சகோதரனின் துன்பத்தை முடிவுக்கு கொண்டுவந்த Grantக்கு கண்ணீருடன் Hilde நன்றி கூறினார்! afterpunc:!தனது சகோதரனின் துன்பத்தை முடிவுக்கு கொண்டுவந்த Grantக்கு கண்ணீருடன் Hilde நன்றி கூறினார்!
2022-05-06 07:00:07.650513 is_comb: True orig_wrod: !Grantக்கு! comb:!Grant க்கு!
2022-05-06 07:00:07.650519 ------------
2022-05-06 07:00:07.650746 ------------
2022-05-06 07:00:07.650763 orig:!ஆக்ஸிஜன் scavengerகளின் செயல்திறன் சுற்றுப்புற வெப்பநிலை மற்றும் ஈரப்பதத்தால் பாதிக்கப்படுகிறது! afterpunc:!ஆக்ஸிஜன் scavengerகளின் செயல்திறன் சுற்றுப்புற வெப்பநிலை மற்றும் ஈரப்பதத்தால் பாதிக்கப்படுகிறது!
2022-05-06 07:00:07.650789 is_comb: True orig_wrod: !scavengerகளின்! comb:!scavenger களின்!
2022-05-06 07:00:07.650792 ------------
2022-05-06 07:00:07.650801 !!!!!!!!!!!!!!!!!!!!
2022-05-06 07:00:07.650804 ஆக்ஸிஜன் scavengerகளின் செயல்திறன் சுற்றுப்புற வெப்பநிலை மற்றும் ஈரப்பதத்தால் பாதிக்கப்படுகிறது
2022-05-06 07:00:07.650807 ஆக்ஸிஜன் scavenger களின் செயல்திறன் சுற்றுப்புற வெப்பநிலை மற்றும் ஈரப்பதத்தால் பாதிக்கப்படுகிறது
2022-05-06 07:00:07.650810 !!!!!!!!!!!!!!!!!!!!
2022-05-06 07:00:07.655850 ------------
2022-05-06 07:00:07.655889 orig:!இது Galenaவின் மேற்கில் உள்ளது! afterpunc:!இது Galenaவின் மேற்கில் உள்ளது!
2022-05-06 07:00:07.655920 is_comb: True orig_wrod: !Galenaவின்! comb:!Galena வின்!
2022-05-06 07:00:07.655924 ------------
2022-05-06 07:00:07.655929 !!!!!!!!!!!!!!!!!!!!
2022-05-06 07:00:07.655932 இது Galenaவின் மேற்கில் உள்ளது
2022-05-06 07:00:07.655934 இது Galena வின் மேற்கில் உள்ளது
2022-05-06 07:00:07.655937 !!!!!!!!!!!!!!!!!!!!
2022-05-06 07:00:07.656531 ------------
2022-05-06 07:00:07.656536 orig:!Globexன் கடைசி காட்சியில் பல அதிரடிக் காட்சிகளையும் “ஜேம்ஸ் பாண்ட்” படங்களையும் பல இடங்களில் குறிப்பிடுகின்றன! afterpunc:!Globexன் கடைசி காட்சியில் பல அதிரடிக் காட்சிகளையும் ஜேம்ஸ் பாண்ட் படங்களையும் பல இடங்களில் குறிப்பிடுகின்றன!
2022-05-06 07:00:07.656549 is_comb: True orig_wrod: !Globexன்! comb:!Globex ன்!
2022-05-06 07:00:07.656552 ------------
2022-05-06 07:00:07.656564 !!!!!!!!!!!!!!!!!!!!
2022-05-06 07:00:07.656567 Globexன் கடைசி காட்சியில் பல அதிரடிக் காட்சிகளையும் “ஜேம்ஸ் பாண்ட்” படங்களையும் பல இடங்களில் குறிப்பிடுகின்றன
2022-05-06 07:00:07.656570 Globex ன் கடைசி காட்சியில் பல அதிரடிக் காட்சிகளையும் ஜேம்ஸ் பாண்ட் படங்களையும் பல இடங்களில் குறிப்பிடுகின்றன
2022-05-06 07:00:07.656572 !!!!!!!!!!!!!!!!!!!!
2022-05-06 07:00:07.656958 ------------
2022-05-06 07:00:07.656980 orig:!மூன்று கடின வழிமுறைகள் Johnnyக்கு எத்தனை ஆரோக்கியப் புள்ளிகள் உள்ளன என்பதைத் தீர்மானிக்கும்! afterpunc:!மூன்று கடின வழிமுறைகள் Johnnyக்கு எத்தனை ஆரோக்கியப் புள்ளிகள் உள்ளன என்பதைத் தீர்மானிக்கும்!
2022-05-06 07:00:07.657007 is_comb: True orig_wrod: !Johnnyக்கு! comb:!Johnny க்கு!
2022-05-06 07:00:07.657011 ------------
2022-05-06 07:00:07.657019 !!!!!!!!!!!!!!!!!!!!
2022-05-06 07:00:07.657022 மூன்று கடின வழிமுறைகள் Johnnyக்கு எத்தனை ஆரோக்கியப் புள்ளிகள் உள்ளன என்பதைத் தீர்மானிக்கும்
2022-05-06 07:00:07.657025 மூன்று கடின வழிமுறைகள் Johnny க்கு எத்தனை ஆரோக்கியப் புள்ளிகள் உள்ளன என்பதைத் தீர்மானிக்கும்
2022-05-06 07:00:07.657027 !!!!!!!!!!!!!!!!!!!!
2022-05-06 07:00:07.657572 ------------
2022-05-06 07:00:07.657577 orig:!நகர்ப்புற Ottawaவின் உட்புறத்தில் Laurier ஓடுகிறது! afterpunc:!நகர்ப்புற Ottawaவின் உட்புறத்தில் Laurier ஓடுகிறது!
2022-05-06 07:00:07.657588 is_comb: True orig_wrod: !Ottawaவின்! comb:!Ottawa வின்!
2022-05-06 07:00:07.657591 ------------
2022-05-06 07:00:07.657785 ------------
2022-05-06 07:00:07.657792 orig:!Tollmannன் கற்பனையான பொலைட்டைக் காண்க! afterpunc:!Tollmannன் கற்பனையான பொலைட்டைக் காண்க!
2022-05-06 07:00:07.657806 is_comb: True orig_wrod: !Tollmannன்! comb:!Tollmann ன்!
2022-05-06 07:00:07.657809 ------------
2022-05-06 07:00:07.657814 !!!!!!!!!!!!!!!!!!!!
2022-05-06 07:00:07.657817 Tollmannன் கற்பனையான பொலைட்டைக் காண்க
2022-05-06 07:00:07.657819 Tollmann ன் கற்பனையான பொலைட்டைக் காண்க
2022-05-06 07:00:07.657821 !!!!!!!!!!!!!!!!!!!!
2022-05-06 07:00:07.657897 ------------
2022-05-06 07:00:07.657900 orig:!அவர் ஒரு டானிஷ் மையவலது சாரி கட்சியான Venstreவின் பிரதிநிதியாக இருக்கிறார்! afterpunc:!அவர் ஒரு டானிஷ் மையவலது சாரி கட்சியான Venstreவின் பிரதிநிதியாக இருக்கிறார்!
2022-05-06 07:00:07.657911 is_comb: True orig_wrod: !Venstreவின்! comb:!Venstre வின்!
2022-05-06 07:00:07.657913 ------------
2022-05-06 07:00:07.657918 !!!!!!!!!!!!!!!!!!!!
2022-05-06 07:00:07.657921 அவர் ஒரு டானிஷ் மையவலது சாரி கட்சியான Venstreவின் பிரதிநிதியாக இருக்கிறார்
2022-05-06 07:00:07.657923 அவர் ஒரு டானிஷ் மையவலது சாரி கட்சியான Venstre வின் பிரதிநிதியாக இருக்கிறார்
2022-05-06 07:00:07.657925 !!!!!!!!!!!!!!!!!!!!
2022-05-06 07:00:07.658442 ------------
2022-05-06 07:00:07.658446 orig:!அது அவர்களின் நான்காவது ஆல்பமான Insomniacஇன் முதல் தனிப்பாடலாக வெளியிடப்பட்டது! afterpunc:!அது அவர்களின் நான்காவது ஆல்பமான Insomniacஇன் முதல் தனிப்பாடலாக வெளியிடப்பட்டது!
2022-05-06 07:00:07.658498 is_comb: True orig_wrod: !Insomniacஇன்! comb:!Insomniac இன்!
2022-05-06 07:00:07.658501 ------------
2022-05-06 07:00:07.658508 !!!!!!!!!!!!!!!!!!!!
2022-05-06 07:00:07.658510 அது அவர்களின் நான்காவது ஆல்பமான Insomniacஇன் முதல் தனிப்பாடலாக வெளியிடப்பட்டது
2022-05-06 07:00:07.658513 அது அவர்களின் நான்காவது ஆல்பமான Insomniac இன் முதல் தனிப்பாடலாக வெளியிடப்பட்டது
2022-05-06 07:00:07.658515 !!!!!!!!!!!!!!!!!!!!
2022-05-06 07:00:07.658681 ------------
2022-05-06 07:00:07.658684 orig:!இவ்விருமலைத்தொடர்களும் Randolphஇன் Gulch Town Forestஇல் அமைந்துள்ளன! afterpunc:!இவ்விருமலைத்தொடர்களும் Randolphஇன் Gulch Town Forestஇல் அமைந்துள்ளன!
2022-05-06 07:00:07.658696 is_comb: True orig_wrod: !Randolphஇன்! comb:!Randolph இன்!
2022-05-06 07:00:07.658698 ------------
2022-05-06 07:00:07.658744 ------------
2022-05-06 07:00:07.658747 orig:!அதிர்ஷ்டத்தின் ஒரு கட்டத்தில் Kadriansன் திட்டம் முழுமையான வெற்றியைப் பெறவில்லை! afterpunc:!அதிர்ஷ்டத்தின் ஒரு கட்டத்தில் Kadriansன் திட்டம் முழுமையான வெற்றியைப் பெறவில்லை!
2022-05-06 07:00:07.658758 is_comb: True orig_wrod: !Kadriansன்! comb:!Kadrians ன்!
2022-05-06 07:00:07.658760 ------------
2022-05-06 07:00:07.658767 !!!!!!!!!!!!!!!!!!!!
2022-05-06 07:00:07.658769 அதிர்ஷ்டத்தின் ஒரு கட்டத்தில் Kadriansன் திட்டம் முழுமையான வெற்றியைப் பெறவில்லை
2022-05-06 07:00:07.658772 அதிர்ஷ்டத்தின் ஒரு கட்டத்தில் Kadrians ன் திட்டம் முழுமையான வெற்றியைப் பெறவில்லை
2022-05-06 07:00:07.658774 !!!!!!!!!!!!!!!!!!!!
2022-05-06 07:00:07.660284 ------------
2022-05-06 07:00:07.660311 orig:!ஆண்டுக்கு இருமுறை Saharaவின் தூசு ஐரோப்பாவின் தெற்குப் பகுதியை அடைகிறது! afterpunc:!ஆண்டுக்கு இருமுறை Saharaவின் தூசு ஐரோப்பாவின் தெற்குப் பகுதியை அடைகிறது!
2022-05-06 07:00:07.660333 is_comb: True orig_wrod: !Saharaவின்! comb:!Sahara வின்!
2022-05-06 07:00:07.660336 ------------
2022-05-06 07:00:07.660343 !!!!!!!!!!!!!!!!!!!!
2022-05-06 07:00:07.660346 ஆண்டுக்கு இருமுறை Saharaவின் தூசு ஐரோப்பாவின் தெற்குப் பகுதியை அடைகிறது
2022-05-06 07:00:07.660349 ஆண்டுக்கு இருமுறை Sahara வின் தூசு ஐரோப்பாவின் தெற்குப் பகுதியை அடைகிறது
2022-05-06 07:00:07.660351 !!!!!!!!!!!!!!!!!!!!
2022-05-06 07:00:07.660551 ------------
2022-05-06 07:00:07.660554 orig:!Berezinoவை கடைசியாக வைத்திருந்தவர் Count AntoniLudwik Potocki ஆவார்! afterpunc:!Berezinoவை கடைசியாக வைத்திருந்தவர் Count AntoniLudwik Potocki ஆவார்!
2022-05-06 07:00:07.660565 is_comb: True orig_wrod: !Berezinoவை! comb:!Berezino வை!
2022-05-06 07:00:07.660568 ------------
2022-05-06 07:00:07.660604 ------------
2022-05-06 07:00:07.660607 orig:!“sexdens”களும் எறும்பின் உடலமைப்பை ஒட்டியே வடிவம் பெற்றிருக்கின்றன! afterpunc:!sexdensகளும் எறும்பின் உடலமைப்பை ஒட்டியே வடிவம் பெற்றிருக்கின்றன!
2022-05-06 07:00:07.660617 is_comb: True orig_wrod: !sexdensகளும்! comb:!sexdens களும்!
2022-05-06 07:00:07.660620 ------------
2022-05-06 07:00:07.660627 !!!!!!!!!!!!!!!!!!!!
2022-05-06 07:00:07.660630 “sexdens”களும் எறும்பின் உடலமைப்பை ஒட்டியே வடிவம் பெற்றிருக்கின்றன
2022-05-06 07:00:07.660632 sexdens களும் எறும்பின் உடலமைப்பை ஒட்டியே வடிவம் பெற்றிருக்கின்றன
2022-05-06 07:00:07.660635 !!!!!!!!!!!!!!!!!!!!
2022-05-06 07:00:07.661915 ------------
2022-05-06 07:00:07.661932 orig:!Wightbusஆல் முன்பு நடத்தப்பட்ட உள்ளூர் பேருந்து சேவைகள் தற்போது Southern Vectisஆல் திரும்ப உள்ளிழுக்கப்பட்டுவிட்டன! afterpunc:!Wightbusஆல் முன்பு நடத்தப்பட்ட உள்ளூர் பேருந்து சேவைகள் தற்போது Southern Vectisஆல் திரும்ப உள்ளிழுக்கப்பட்டுவிட்டன!
2022-05-06 07:00:07.661955 is_comb: True orig_wrod: !Wightbusஆல்! comb:!Wightbus ஆல்!
2022-05-06 07:00:07.661958 ------------
2022-05-06 07:00:07.662480 ------------
2022-05-06 07:00:07.662516 orig:!அவர்கள் தங்கள் உற்பத்தியில் பெரும்பகுதியை Halifaxஇல் உள்ள சந்தைகளுக்கு அனுப்புவார்கள்! afterpunc:!அவர்கள் தங்கள் உற்பத்தியில் பெரும்பகுதியை Halifaxஇல் உள்ள சந்தைகளுக்கு அனுப்புவார்கள்!
2022-05-06 07:00:07.662573 is_comb: True orig_wrod: !Halifaxஇல்! comb:!Halifax இல்!
2022-05-06 07:00:07.662578 ------------
2022-05-06 07:00:07.662586 !!!!!!!!!!!!!!!!!!!!
2022-05-06 07:00:07.662590 அவர்கள் தங்கள் உற்பத்தியில் பெரும்பகுதியை Halifaxஇல் உள்ள சந்தைகளுக்கு அனுப்புவார்கள்
2022-05-06 07:00:07.662593 அவர்கள் தங்கள் உற்பத்தியில் பெரும்பகுதியை Halifax இல் உள்ள சந்தைகளுக்கு அனுப்புவார்கள்
2022-05-06 07:00:07.662596 !!!!!!!!!!!!!!!!!!!!
2022-05-06 07:00:07.663407 ------------
2022-05-06 07:00:07.663412 orig:!இரண்டு carriageக்கான உதாரணங்கள் புதிய நார்விச்சிலிருந்து Cambridge வரையிலான சேவைகளில் முக்கியமாகப் பயன்படுத்தப்பட்டன! afterpunc:!இரண்டு carriageக்கான உதாரணங்கள் புதிய நார்விச்சிலிருந்து Cambridge வரையிலான சேவைகளில் முக்கியமாகப் பயன்படுத்தப்பட்டன!
2022-05-06 07:00:07.663494 is_comb: True orig_wrod: !carriageக்கான! comb:!carriage க்கான!
2022-05-06 07:00:07.663498 ------------
2022-05-06 07:00:07.663918 ------------
2022-05-06 07:00:07.663931 orig:!உறுப்பினர் அணிகள் Ohioவில் அமைந்துள்ளன! afterpunc:!உறுப்பினர் அணிகள் Ohioவில் அமைந்துள்ளன!
2022-05-06 07:00:07.663948 is_comb: True orig_wrod: !Ohioவில்! comb:!Ohio வில்!
2022-05-06 07:00:07.663951 ------------
2022-05-06 07:00:07.663955 !!!!!!!!!!!!!!!!!!!!
2022-05-06 07:00:07.663958 உறுப்பினர் அணிகள் Ohioவில் அமைந்துள்ளன
2022-05-06 07:00:07.663960 உறுப்பினர் அணிகள் Ohio வில் அமைந்துள்ளன
2022-05-06 07:00:07.663963 !!!!!!!!!!!!!!!!!!!!
2022-05-06 07:00:07.666021 ------------
2022-05-06 07:00:07.666069 orig:!இந்த நிலையம் Vன் முன்மொழியப்பட்ட Remstarன் ஒரு பகுதியாகும்! afterpunc:!இந்த நிலையம் Vன் முன்மொழியப்பட்ட Remstarன் ஒரு பகுதியாகும்!
2022-05-06 07:00:07.666095 is_comb: True orig_wrod: !Vன்! comb:!V ன்!
2022-05-06 07:00:07.666099 ------------
2022-05-06 07:00:07.666104 ------------
2022-05-06 07:00:07.666107 orig:!இந்த நிலையம் Vன் முன்மொழியப்பட்ட Remstarன் ஒரு பகுதியாகும்! afterpunc:!இந்த நிலையம் Vன் முன்மொழியப்பட்ட Remstarன் ஒரு பகுதியாகும்!
2022-05-06 07:00:07.666117 is_comb: True orig_wrod: !Remstarன்! comb:!Remstar ன்!
2022-05-06 07:00:07.666120 ------------
2022-05-06 07:00:07.666125 !!!!!!!!!!!!!!!!!!!!
2022-05-06 07:00:07.666128 இந்த நிலையம் Vன் முன்மொழியப்பட்ட Remstarன் ஒரு பகுதியாகும்
2022-05-06 07:00:07.666131 இந்த நிலையம் V ன் முன்மொழியப்பட்ட Remstar ன் ஒரு பகுதியாகும்
2022-05-06 07:00:07.666133 !!!!!!!!!!!!!!!!!!!!
2022-05-06 07:00:07.666552 ------------
2022-05-06 07:00:07.666556 orig:!ரயில்பாதை விரிவாக்கப்பட்டபோது Blairstownக்கான வேலை தொடங்கியது! afterpunc:!ரயில்பாதை விரிவாக்கப்பட்டபோது Blairstownக்கான வேலை தொடங்கியது!
2022-05-06 07:00:07.666569 is_comb: True orig_wrod: !Blairstownக்கான! comb:!Blairstown க்கான!
2022-05-06 07:00:07.666572 ------------
2022-05-06 07:00:07.666577 !!!!!!!!!!!!!!!!!!!!
2022-05-06 07:00:07.666579 ரயில்பாதை விரிவாக்கப்பட்டபோது Blairstownக்கான வேலை தொடங்கியது
2022-05-06 07:00:07.666582 ரயில்பாதை விரிவாக்கப்பட்டபோது Blairstown க்கான வேலை தொடங்கியது
2022-05-06 07:00:07.666584 !!!!!!!!!!!!!!!!!!!!
2022-05-06 07:00:07.666902 ------------
2022-05-06 07:00:07.666906 orig:!dBல் காட்டப்படுகின்ற மொத்த ஆதாயம் நேர்மறையாகவோ அல்லது எதிர்மறையாகவோ இருக்கலாம்! afterpunc:!dBல் காட்டப்படுகின்ற மொத்த ஆதாயம் நேர்மறையாகவோ அல்லது எதிர்மறையாகவோ இருக்கலாம்!
2022-05-06 07:00:07.666915 is_comb: True orig_wrod: !dBல்! comb:!dB ல்!
2022-05-06 07:00:07.666917 ------------
2022-05-06 07:00:07.666927 !!!!!!!!!!!!!!!!!!!!
2022-05-06 07:00:07.666929 dBல் காட்டப்படுகின்ற மொத்த ஆதாயம் நேர்மறையாகவோ அல்லது எதிர்மறையாகவோ இருக்கலாம்
2022-05-06 07:00:07.666932 dB ல் காட்டப்படுகின்ற மொத்த ஆதாயம் நேர்மறையாகவோ அல்லது எதிர்மறையாகவோ இருக்கலாம்
2022-05-06 07:00:07.666934 !!!!!!!!!!!!!!!!!!!!
2022-05-06 07:00:07.667223 ------------
2022-05-06 07:00:07.667228 orig:!Shipmanனின் குழந்தைகளுக்குPakkins Land கதைகளின் சில கதாபாத்திரங்களின் பெயர்கள் சூட்டப்பட்டுள்ளன! afterpunc:!Shipmanனின் குழந்தைகளுக்குPakkins Land கதைகளின் சில கதாபாத்திரங்களின் பெயர்கள் சூட்டப்பட்டுள்ளன!
2022-05-06 07:00:07.667243 is_comb: True orig_wrod: !Shipmanனின்! comb:!Shipman னின்!
2022-05-06 07:00:07.667246 ------------
2022-05-06 07:00:07.667252 ------------
2022-05-06 07:00:07.667255 orig:!Shipmanனின் குழந்தைகளுக்குPakkins Land கதைகளின் சில கதாபாத்திரங்களின் பெயர்கள் சூட்டப்பட்டுள்ளன! afterpunc:!Shipmanனின் குழந்தைகளுக்குPakkins Land கதைகளின் சில கதாபாத்திரங்களின் பெயர்கள் சூட்டப்பட்டுள்ளன!
2022-05-06 07:00:07.667275 is_comb: True orig_wrod: !குழந்தைகளுக்குPakkins! comb:!குழந்தைகளுக்கு Pakkins!
2022-05-06 07:00:07.667279 ------------
2022-05-06 07:00:07.667577 ------------
2022-05-06 07:00:07.667619 orig:!அவர் தற்போது Bahiaவில் வசிக்கிறார்! afterpunc:!அவர் தற்போது Bahiaவில் வசிக்கிறார்!
2022-05-06 07:00:07.667646 is_comb: True orig_wrod: !Bahiaவில்! comb:!Bahia வில்!
2022-05-06 07:00:07.667649 ------------
2022-05-06 07:00:07.667657 !!!!!!!!!!!!!!!!!!!!
2022-05-06 07:00:07.667660 அவர் தற்போது Bahiaவில் வசிக்கிறார்
2022-05-06 07:00:07.667663 அவர் தற்போது Bahia வில் வசிக்கிறார்
2022-05-06 07:00:07.667665 !!!!!!!!!!!!!!!!!!!!
2022-05-06 07:00:07.668175 ------------
2022-05-06 07:00:07.668184 orig:!Ontarioவில் நடைபெற்ற பெருநகர இளநிலை A வளைகோற் பந்தாட்டம் போட்டியில் பங்கேற்க Scenics பின்னர் புறப்பட்டனர்! afterpunc:!Ontarioவில் நடைபெற்ற பெருநகர இளநிலை A வளைகோற் பந்தாட்டம் போட்டியில் பங்கேற்க Scenics பின்னர் புறப்பட்டனர்!
2022-05-06 07:00:07.668205 is_comb: True orig_wrod: !Ontarioவில்! comb:!Ontario வில்!
2022-05-06 07:00:07.668208 ------------
2022-05-06 07:00:07.672458 ------------
2022-05-06 07:00:07.672561 orig:!பல எழுத்திணைப்புகள் fஐப் பின்வரும் எழுத்துடன் சேர்க்கின்றன! afterpunc:!பல எழுத்திணைப்புகள் fஐப் பின்வரும் எழுத்துடன் சேர்க்கின்றன!
2022-05-06 07:00:07.672584 is_comb: True orig_wrod: !fஐப்! comb:!f ஐப்!
2022-05-06 07:00:07.672589 ------------
2022-05-06 07:00:07.672595 !!!!!!!!!!!!!!!!!!!!
2022-05-06 07:00:07.672598 பல எழுத்திணைப்புகள் fஐப் பின்வரும் எழுத்துடன் சேர்க்கின்றன
2022-05-06 07:00:07.672601 பல எழுத்திணைப்புகள் f ஐப் பின்வரும் எழுத்துடன் சேர்க்கின்றன
2022-05-06 07:00:07.672603 !!!!!!!!!!!!!!!!!!!!
2022-05-06 07:00:07.737813 ------------
2022-05-06 07:00:07.737853 orig:!நிறுத்து நிறுத்து என உத்தரவு போடுகிறாள் சிந்தாഥணி! afterpunc:!நிறுத்து நிறுத்து என உத்தரவு போடுகிறாள் சிந்தாഥணி!
2022-05-06 07:00:07.737885 is_comb: False orig_wrod: !சிந்தாഥணி! comb:!சிந்தாഥணி!
2022-05-06 07:00:07.838574 Running on mozilla dev
2022-05-06 07:00:07.871489 ------------
2022-05-06 07:00:07.871522 orig:!காஃபி உலகில் விளையும் மொத்தக் காஃபியில் ¾ பங்கு பிரேசில் நாட்டில் விளைகிறது! afterpunc:!காஃபி உலகில் விளையும் மொத்தக் காஃபியில் ¾ பங்கு பிரேசில் நாட்டில் விளைகிறது!
2022-05-06 07:00:07.871548 is_comb: False orig_wrod: !¾! comb:!¾!
2022-05-06 07:00:07.970634 ------------
2022-05-06 07:00:07.970669 orig:!ஆகவே அது பரப்பளவில் Nauruவின் மிகப்பெரிய மாவட்டமாகும் மக்கள்தொகையில் மிகச்சிறியவற்றுள் ஒன்றாகும்! afterpunc:!ஆகவே அது பரப்பளவில் Nauruவின் மிகப்பெரிய மாவட்டமாகும் மக்கள்தொகையில் மிகச்சிறியவற்றுள் ஒன்றாகும்!
2022-05-06 07:00:07.970699 is_comb: True orig_wrod: !Nauruவின்! comb:!Nauru வின்!
2022-05-06 07:00:07.970702 ------------
2022-05-06 07:00:07.970710 !!!!!!!!!!!!!!!!!!!!
2022-05-06 07:00:07.970713 ஆகவே அது பரப்பளவில் Nauruவின் மிகப்பெரிய மாவட்டமாகும் மக்கள்தொகையில் மிகச்சிறியவற்றுள் ஒன்றாகும்
2022-05-06 07:00:07.970716 ஆகவே அது பரப்பளவில் Nauru வின் மிகப்பெரிய மாவட்டமாகும் மக்கள்தொகையில் மிகச்சிறியவற்றுள் ஒன்றாகும்
2022-05-06 07:00:07.970718 !!!!!!!!!!!!!!!!!!!!
2022-05-06 07:00:08.014827 Running on mozilla test
2022-05-06 07:00:08.053125 ------------
2022-05-06 07:00:08.053169 orig:!இந்த கட்டுரையில் Scholarpediaஇலிருந்து பொருளடக்கம் உள்ளது! afterpunc:!இந்த கட்டுரையில் Scholarpediaஇலிருந்து பொருளடக்கம் உள்ளது!
2022-05-06 07:00:08.053207 is_comb: True orig_wrod: !Scholarpediaஇலிருந்து! comb:!Scholarpedia இலிருந்து!
2022-05-06 07:00:08.053210 ------------
2022-05-06 07:00:08.053216 !!!!!!!!!!!!!!!!!!!!
2022-05-06 07:00:08.053218 இந்த கட்டுரையில் Scholarpediaஇலிருந்து பொருளடக்கம் உள்ளது
2022-05-06 07:00:08.053221 இந்த கட்டுரையில் Scholarpedia இலிருந்து பொருளடக்கம் உள்ளது
2022-05-06 07:00:08.053223 !!!!!!!!!!!!!!!!!!!!
2022-05-06 07:00:08.064699 ------------
2022-05-06 07:00:08.064731 orig:!அதை இறுதியாக இயலாமலாக்குகிறது எனவே ஷ்ரெடர் கிராங்கை பரிமாண Xஇல் எப்போதும் சிக்க செய்கிறது! afterpunc:!அதை இறுதியாக இயலாமலாக்குகிறது எனவே ஷ்ரெடர் கிராங்கை பரிமாண Xஇல் எப்போதும் சிக்க செய்கிறது!
2022-05-06 07:00:08.064765 is_comb: True orig_wrod: !Xஇல்! comb:!X இல்!
2022-05-06 07:00:08.064768 ------------
2022-05-06 07:00:08.064774 !!!!!!!!!!!!!!!!!!!!
2022-05-06 07:00:08.064778 அதை இறுதியாக இயலாமலாக்குகிறது எனவே ஷ்ரெடர் கிராங்கை பரிமாண Xஇல் எப்போதும் சிக்க செய்கிறது
2022-05-06 07:00:08.064782 அதை இறுதியாக இயலாமலாக்குகிறது எனவே ஷ்ரெடர் கிராங்கை பரிமாண X இல் எப்போதும் சிக்க செய்கிறது
2022-05-06 07:00:08.064784 !!!!!!!!!!!!!!!!!!!!
2022-05-06 07:00:08.070905 ------------
2022-05-06 07:00:08.070960 orig:!மீண்டும் தொடங்கப்பட்ட “Planet”டின் முதல் பாடலாக Stone Temple Pilotsன் “Plush” பாடல் அமைந்தது! afterpunc:!மீண்டும் தொடங்கப்பட்ட Planetடின் முதல் பாடலாக Stone Temple Pilotsன் Plush பாடல் அமைந்தது!
2022-05-06 07:00:08.071005 is_comb: True orig_wrod: !Planetடின்! comb:!Planet டின்!
2022-05-06 07:00:08.071009 ------------
2022-05-06 07:00:08.071821 ------------
2022-05-06 07:00:08.071876 orig:!நாடகத் துறையில் குறிப்பாக Manchesterஇன் Royal Exchangeஉடன் Griffiths தொடர்பு கொண்டிருந்தார்! afterpunc:!நாடகத் துறையில் குறிப்பாக Manchesterஇன் Royal Exchangeஉடன் Griffiths தொடர்பு கொண்டிருந்தார்!
2022-05-06 07:00:08.071936 is_comb: True orig_wrod: !Manchesterஇன்! comb:!Manchester இன்!
2022-05-06 07:00:08.071940 ------------
2022-05-06 07:00:08.076886 ------------
2022-05-06 07:00:08.076912 orig:!இருப்பினும் அந்த தீர்ப்பிலிருந்து Tongassக்கு விலக்கு அளிக்கப்பட்டது! afterpunc:!இருப்பினும் அந்த தீர்ப்பிலிருந்து Tongassக்கு விலக்கு அளிக்கப்பட்டது!
2022-05-06 07:00:08.076935 is_comb: True orig_wrod: !Tongassக்கு! comb:!Tongass க்கு!
2022-05-06 07:00:08.076938 ------------
2022-05-06 07:00:08.076944 !!!!!!!!!!!!!!!!!!!!
2022-05-06 07:00:08.076946 இருப்பினும் அந்த தீர்ப்பிலிருந்து Tongassக்கு விலக்கு அளிக்கப்பட்டது
2022-05-06 07:00:08.076949 இருப்பினும் அந்த தீர்ப்பிலிருந்து Tongass க்கு விலக்கு அளிக்கப்பட்டது
2022-05-06 07:00:08.077029 !!!!!!!!!!!!!!!!!!!!
2022-05-06 07:00:08.158539 ------------
2022-05-06 07:00:08.158627 orig:!இதன் குறுக்களவு ½ கல் இருக்கும்! afterpunc:!இதன் குறுக்களவு ½ கல் இருக்கும்!
2022-05-06 07:00:08.158680 is_comb: False orig_wrod: !½! comb:!½!
