2022-05-06 08:56:49.522511 Running on openslr train
2022-05-06 08:56:49.522592 Processing tamil_db_files/dataset_files/openslr_tamil/train_transcription.txt for openslr-train
2022-05-06 08:56:49.561949 not clean சிலர் நீங்கள் முன்பு போல் இல்லையென்றும் மாறி விட்டதாகவும் கூறுவார்கள்taf_02345_00348037167 ஆஸ்த்ரேலியப் பெண்ணுக்கு முப்பத்தி மூன்று ஆண்டுகளுக்குப் பின்னர் இந்தியா இழப்பீடு வழங்கியது
2022-05-06 08:56:49.561979 culprit words ['கூறுவார்கள்taf0234500348037167']
2022-05-06 08:56:49.567138 pure_eng_lines_count: 0
2022-05-06 08:56:49.567156 comb_word_lines_count: 0
2022-05-06 08:56:49.567158 whitespace_fixed_lines_count: 0
2022-05-06 08:56:49.567161 unclean_lines_count: 1
2022-05-06 08:56:49.567216 Writing text to tamil_db_files/dataset_files/openslr_tamil/transcription/train/text
2022-05-06 08:56:49.569046 Running on openslr dev
2022-05-06 08:56:49.569168 Processing tamil_db_files/dataset_files/openslr_tamil/dev_transcription.txt for openslr-dev
2022-05-06 08:56:49.569751 pure_eng_lines_count: 0
2022-05-06 08:56:49.569764 comb_word_lines_count: 0
2022-05-06 08:56:49.569767 whitespace_fixed_lines_count: 0
2022-05-06 08:56:49.569769 unclean_lines_count: 0
2022-05-06 08:56:49.569961 Writing text to tamil_db_files/dataset_files/openslr_tamil/transcription/dev/text
2022-05-06 08:56:49.570176 Running on openslr test
2022-05-06 08:56:49.570306 Processing tamil_db_files/dataset_files/openslr_tamil/test_transcription.txt for openslr-test
2022-05-06 08:56:49.570817 pure_eng_lines_count: 0
2022-05-06 08:56:49.570830 comb_word_lines_count: 0
2022-05-06 08:56:49.570833 whitespace_fixed_lines_count: 0
2022-05-06 08:56:49.570835 unclean_lines_count: 0
2022-05-06 08:56:49.570918 Writing text to tamil_db_files/dataset_files/openslr_tamil/transcription/test/text
