2022-05-06 08:40:41.423524 Running on openslr train
2022-05-06 08:40:41.423606 Processing tamil_db_files/dataset_files/openslr_tamil/train_transcription.txt for openslr-train
2022-05-06 08:40:41.424709 not clean நட‌க்க முடியாதவ‌ர்க‌ள் ‌சிலரை அ‌ந்த வ‌ழியாக வ‌ந்தவ‌ர்க‌ள் த‌ங்களது வாகன‌த்‌தி‌ல் ஏ‌ற்‌றி ஊ‌ட்டி மு‌க்‌கிய சாலை‌க்கு கொ‌ண்டு வ‌ந்து ‌வி‌ட்டன‌ர்
2022-05-06 08:40:41.424739 culprit words ['நட\u200cக்க', 'முடியாதவ\u200cர்க\u200cள்', '\u200cசிலரை', 'அ\u200cந்த', 'வ\u200cழியாக', 'வ\u200cந்தவ\u200cர்க\u200cள்', 'த\u200cங்களது', 'வாகன\u200cத்\u200cதி\u200cல்', 'ஏ\u200cற்\u200cறி', 'ஊ\u200cட்டி', 'மு\u200cக்\u200cகிய', 'சாலை\u200cக்கு', 'கொ\u200cண்டு', 'வ\u200cந்து', '\u200cவி\u200cட்டன\u200cர்']
2022-05-06 08:40:41.424782 not clean விகடன் டாக்கீஸ் தயா‌ரித்திருக்கும் இந்தப் படத்துக்கு இளைஞர்கள் மத்தியில் நல்ல வரவேற்பு
2022-05-06 08:40:41.424786 culprit words ['தயா\u200cரித்திருக்கும்']
2022-05-06 08:40:41.424949 not clean கா‌ரி‌ல் அம‌ர்‌ந்தபடியே மெ‌ரினா கட‌ற்கரை‌யி‌ல் அமை‌க்‌க‌ப்ப‌ட்டு‌ள்ள ‌சிற‌ப்பு‌ப் ப‌ணிகளை ஆ‌ர்வ‌த்துட‌ன் சு‌ற்‌றி‌ப்பா‌ர்‌த்தா‌ர்
2022-05-06 08:40:41.424961 culprit words ['கா\u200cரி\u200cல்', 'அம\u200cர்\u200cந்தபடியே', 'மெ\u200cரினா', 'கட\u200cற்கரை\u200cயி\u200cல்', 'அமை\u200cக்\u200cக\u200cப்ப\u200cட்டு\u200cள்ள', '\u200cசிற\u200cப்பு\u200cப்', 'ப\u200cணிகளை', 'ஆ\u200cர்வ\u200cத்துட\u200cன்', 'சு\u200cற்\u200cறி\u200cப்பா\u200cர்\u200cத்தா\u200cர்']
2022-05-06 08:40:41.425098 not clean சமீபத்தில் எந்த ஒரு த்‌ரில்லரும் மக்களை இந்தளவு கவர்ந்ததில்லை
2022-05-06 08:40:41.425101 culprit words ['த்\u200cரில்லரும்']
2022-05-06 08:40:41.425637 not clean ‌திருவ‌ண்ணாமலை‌யி‌ல் வரு‌ம் பெள‌ர்ண‌‌மி அ‌ன்று ‌கி‌ரிவல‌ம் செ‌ல்ல உக‌ந்த நேர‌ம் எ‌துவெ‌ன்பதை கோ‌யி‌ல் ‌நி‌ர்வாக‌ம் அ‌றி‌வி‌த்து‌ள்ளது
2022-05-06 08:40:41.425672 culprit words ['\u200cதிருவ\u200cண்ணாமலை\u200cயி\u200cல்', 'வரு\u200cம்', 'பெள\u200cர்ண\u200c\u200cமி', 'அ\u200cன்று', '\u200cகி\u200cரிவல\u200cம்', 'செ\u200cல்ல', 'உக\u200cந்த', 'நேர\u200cம்', 'எ\u200cதுவெ\u200cன்பதை', 'கோ\u200cயி\u200cல்', '\u200cநி\u200cர்வாக\u200cம்', 'அ\u200cறி\u200cவி\u200cத்து\u200cள்ளது']
2022-05-06 08:40:41.425856 not clean ரயில் தொடர்ந்து செல்ல முடியாமல் நடுக்காட்டி‌ல் நிறு‌த்த‌ப்ப‌ட்டது
2022-05-06 08:40:41.425861 culprit words ['நடுக்காட்டி\u200cல்', 'நிறு\u200cத்த\u200cப்ப\u200cட்டது']
2022-05-06 08:40:41.426406 not clean நெ‌ல்லை‌யி‌ல் க‌ல்லூ‌ரிகளு‌க்கான செம‌ஸ்ட‌ர் தே‌ர்வு ‌தி‌ட்ட‌மி‌‌ட்டபடி நடைபெறு‌ம் எ‌ன்று அ‌றிவிக்க‌ப்ப‌ட்டு‌ள்ளது
2022-05-06 08:40:41.426413 culprit words ['நெ\u200cல்லை\u200cயி\u200cல்', 'க\u200cல்லூ\u200cரிகளு\u200cக்கான', 'செம\u200cஸ்ட\u200cர்', 'தே\u200cர்வு', '\u200cதி\u200cட்ட\u200cமி\u200c\u200cட்டபடி', 'நடைபெறு\u200cம்', 'எ\u200cன்று', 'அ\u200cறிவிக்க\u200cப்ப\u200cட்டு\u200cள்ளது']
2022-05-06 08:40:41.427948 not clean போனால் சி‌ரித்துவிட்டு வரலாம் என்று திரையரங்குக்கு செல்கிறவர்களே அதிகம்
2022-05-06 08:40:41.427953 culprit words ['சி\u200cரித்துவிட்டு']
2022-05-06 08:40:41.428179 not clean சர்வதேச சுற்றுலா தலமாக ‌விள‌க்கு‌ம் மாமல்லபுர‌த்‌தி‌லு‌ம் ஆ‌ங்கா‌ங்கே வெ‌ள்ள ‌நீ‌ர் தே‌ங்‌கியு‌ள்ளது
2022-05-06 08:40:41.428192 culprit words ['\u200cவிள\u200cக்கு\u200cம்', 'மாமல்லபுர\u200cத்\u200cதி\u200cலு\u200cம்', 'ஆ\u200cங்கா\u200cங்கே', 'வெ\u200cள்ள', '\u200cநீ\u200cர்', 'தே\u200cங்\u200cகியு\u200cள்ளது']
2022-05-06 08:40:41.428738 not clean புயலா‌ல் ஏ‌ற்படு‌ம் பா‌தி‌ப்புகளை உடனடியாக ச‌ரி செ‌ய்ய மாநகரா‌ட்‌சி அ‌திகா‌ரிக‌ளு‌க்கு முத‌ல்வ‌ர் ஜெயல‌லிதா உ‌த்தர‌வி‌ட்டு‌ள்ளா‌ர்
2022-05-06 08:40:41.428748 culprit words ['புயலா\u200cல்', 'ஏ\u200cற்படு\u200cம்', 'பா\u200cதி\u200cப்புகளை', 'ச\u200cரி', 'செ\u200cய்ய', 'மாநகரா\u200cட்\u200cசி', 'அ\u200cதிகா\u200cரிக\u200cளு\u200cக்கு', 'முத\u200cல்வ\u200cர்', 'ஜெயல\u200cலிதா', 'உ\u200cத்தர\u200cவி\u200cட்டு\u200cள்ளா\u200cர்']
2022-05-06 08:40:41.428805 not clean ரங்கராஜபுரம் மேம்பால‌த்‌தை ‌திற‌ந்தா‌ர் ஜெயல‌லிதா
2022-05-06 08:40:41.428809 culprit words ['மேம்பால\u200cத்\u200cதை', '\u200cதிற\u200cந்தா\u200cர்', 'ஜெயல\u200cலிதா']
2022-05-06 08:40:41.429107 not clean படம் வெளியாகி தயா‌ரிப்பு நிறுவனம் ச‌ரியான தகவலை சொன்னால் மட்டுமே உண்மை எண்ணிக்கை தெ‌ரியவரும்
2022-05-06 08:40:41.429133 culprit words ['தயா\u200cரிப்பு', 'ச\u200cரியான', 'தெ\u200cரியவரும்']
2022-05-06 08:40:41.430304 not clean இத‌ற்கு காரணம் என்ன
2022-05-06 08:40:41.430310 culprit words ['இத\u200cற்கு']
2022-05-06 08:40:41.430579 not clean சந்தேகம் இல்லாமல் தமிழ் சினிமா ச‌ரித்திரத்தில் இதுதான் அதிக திரையரங்குகளில் வெளியாகும் படம்
2022-05-06 08:40:41.430584 culprit words ['ச\u200cரித்திரத்தில்']
2022-05-06 08:40:41.430748 not clean மெயின் அருவிக்கரை பகுதியில் க‌ட்டட‌ம் க‌ட்ட ஆலோசனை நடத்தப்பட்டு வருகிறது
2022-05-06 08:40:41.430805 culprit words ['க\u200cட்டட\u200cம்', 'க\u200cட்ட']
2022-05-06 08:40:41.430874 not clean செ‌ன்னை அடு‌த்து‌ள்ள மகாப‌ல்லிபுர‌த்‌தி‌ல் உ‌ள்ள கட‌ற்கரை கோ‌விலையு‌ம் த‌ண்‌ணீ‌ர் ‌வி‌ட்டு வை‌க்க‌வி‌ல்லை
2022-05-06 08:40:41.430880 culprit words ['செ\u200cன்னை', 'அடு\u200cத்து\u200cள்ள', 'மகாப\u200cல்லிபுர\u200cத்\u200cதி\u200cல்', 'உ\u200cள்ள', 'கட\u200cற்கரை', 'கோ\u200cவிலையு\u200cம்', 'த\u200cண்\u200cணீ\u200cர்', '\u200cவி\u200cட்டு', 'வை\u200cக்க\u200cவி\u200cல்லை']
2022-05-06 08:40:41.431764 not clean ப‌லியான மாணவ‌ன் ச‌ஞ்ச‌ய் அ‌ங்கு‌ள்ள அக்ஷயா என்னும் பள்ளியில் படித்து வந்தான்
2022-05-06 08:40:41.431774 culprit words ['ப\u200cலியான', 'மாணவ\u200cன்', 'ச\u200cஞ்ச\u200cய்', 'அ\u200cங்கு\u200cள்ள']
2022-05-06 08:40:41.432006 not clean சென்னையில் தேவி காம்ப்ளக்ஸ் விஸ்வரூபத்தை வெளியிட‌த் தயாராகவும் ஆர்வமாகவும் இருப்பதாக அறிவித்துள்ளது
2022-05-06 08:40:41.432027 culprit words ['வெளியிட\u200cத்']
2022-05-06 08:40:41.432392 not clean பிளமிங்கோ பறவைகளுக்கு கால்கள் மற்றும் வாய்‌ப்பகுதி சிவப்பு நிறத்திலும் உடல் பகுதி வெள்ளை நிறத்திலும் இருக்கிறது
2022-05-06 08:40:41.432403 culprit words ['வாய்\u200cப்பகுதி']
2022-05-06 08:40:41.434031 not clean விகடன் டாக்கீஸ் தயா‌ரித்திருக்கும் இந்தப் படத்துக்கு இளைஞர்கள் மத்தியில் நல்ல வரவேற்பு
2022-05-06 08:40:41.434048 culprit words ['தயா\u200cரித்திருக்கும்']
2022-05-06 08:40:41.434981 not clean பய‌ணிக‌ளி‌ன் வச‌தி‌க்காக செ‌ன்னை எழு‌ம்பூ‌ரி‌ல் இரு‌ந்து மதுரை‌க்கு ‌சிற‌ப்பு ர‌யி‌ல் நாளை இய‌க்க‌ப்படு‌கிறது
2022-05-06 08:40:41.434989 culprit words ['பய\u200cணிக\u200cளி\u200cன்', 'வச\u200cதி\u200cக்காக', 'செ\u200cன்னை', 'எழு\u200cம்பூ\u200cரி\u200cல்', 'இரு\u200cந்து', 'மதுரை\u200cக்கு', '\u200cசிற\u200cப்பு', 'ர\u200cயி\u200cல்', 'இய\u200cக்க\u200cப்படு\u200cகிறது']
2022-05-06 08:40:41.435011 not clean அம்பாந்தோட்டை மகிந்த ராஜபக்‌ஷே துறைமுகத்தில் தடையாகவிருந்த கற்பாறை அகற்றப்பட்டது
2022-05-06 08:40:41.435014 culprit words ['ராஜபக்\u200cஷே']
2022-05-06 08:40:41.435489 not clean போனால் சி‌ரித்துவிட்டு வரலாம் என்று திரையரங்குக்கு செல்கிறவர்களே அதிகம்
2022-05-06 08:40:41.435494 culprit words ['சி\u200cரித்துவிட்டு']
2022-05-06 08:40:41.436639 not clean கா‌ரி‌ல் அம‌ர்‌ந்தபடியே மெ‌ரினா கட‌ற்கரை‌யி‌ல் அமை‌க்‌க‌ப்ப‌ட்டு‌ள்ள ‌சிற‌ப்பு‌ப் ப‌ணிகளை ஆ‌ர்வ‌த்துட‌ன் சு‌ற்‌றி‌ப்பா‌ர்‌த்தா‌ர்
2022-05-06 08:40:41.436670 culprit words ['கா\u200cரி\u200cல்', 'அம\u200cர்\u200cந்தபடியே', 'மெ\u200cரினா', 'கட\u200cற்கரை\u200cயி\u200cல்', 'அமை\u200cக்\u200cக\u200cப்ப\u200cட்டு\u200cள்ள', '\u200cசிற\u200cப்பு\u200cப்', 'ப\u200cணிகளை', 'ஆ\u200cர்வ\u200cத்துட\u200cன்', 'சு\u200cற்\u200cறி\u200cப்பா\u200cர்\u200cத்தா\u200cர்']
2022-05-06 08:40:41.437898 not clean சமீபத்தில் எந்த ஒரு த்‌ரில்லரும் மக்களை இந்தளவு கவர்ந்ததில்லை
2022-05-06 08:40:41.437903 culprit words ['த்\u200cரில்லரும்']
2022-05-06 08:40:41.438911 not clean புயலா‌ல் ஏ‌ற்படு‌ம் பா‌தி‌ப்புகளை உடனடியாக ச‌ரி செ‌ய்ய மாநகரா‌ட்‌சி அ‌திகா‌ரிக‌ளு‌க்கு முத‌ல்வ‌ர் ஜெயல‌லிதா உ‌த்தர‌வி‌ட்டு‌ள்ளா‌ர்
2022-05-06 08:40:41.438918 culprit words ['புயலா\u200cல்', 'ஏ\u200cற்படு\u200cம்', 'பா\u200cதி\u200cப்புகளை', 'ச\u200cரி', 'செ\u200cய்ய', 'மாநகரா\u200cட்\u200cசி', 'அ\u200cதிகா\u200cரிக\u200cளு\u200cக்கு', 'முத\u200cல்வ\u200cர்', 'ஜெயல\u200cலிதா', 'உ\u200cத்தர\u200cவி\u200cட்டு\u200cள்ளா\u200cர்']
2022-05-06 08:40:41.439169 not clean மன்னார் கடலில் எரிவாயு கண்டுபிடிக்கப்பட்டுள்ளதாக ராஜபக்‌ஷே அறிவிப்பு
2022-05-06 08:40:41.439173 culprit words ['ராஜபக்\u200cஷே']
2022-05-06 08:40:41.441247 not clean பய‌ணிக‌ளி‌ன் வச‌தி‌க்காக செ‌ன்னை எழு‌ம்பூ‌ரி‌ல் இரு‌ந்து மதுரை‌க்கு ‌சிற‌ப்பு ர‌யி‌ல் நாளை இய‌க்க‌ப்படு‌கிறது
2022-05-06 08:40:41.441270 culprit words ['பய\u200cணிக\u200cளி\u200cன்', 'வச\u200cதி\u200cக்காக', 'செ\u200cன்னை', 'எழு\u200cம்பூ\u200cரி\u200cல்', 'இரு\u200cந்து', 'மதுரை\u200cக்கு', '\u200cசிற\u200cப்பு', 'ர\u200cயி\u200cல்', 'இய\u200cக்க\u200cப்படு\u200cகிறது']
2022-05-06 08:40:41.442896 not clean ஹாலிவுட் நிறுவனம் படத்தின் ‌ரீமேக் உ‌ரிமையை வாங்கிய பிறகு யாவரும் நலத்தின் ஸ்டார் வேல்யூ அதிக‌ரித்திருக்கிறது
2022-05-06 08:40:41.442917 culprit words ['\u200cரீமேக்', 'உ\u200cரிமையை', 'அதிக\u200cரித்திருக்கிறது']
2022-05-06 08:40:41.443452 not clean ‌விடுமுறை நா‌ட்க‌ளி‌ல் மு‌க்‌கியமான ஊ‌ர்க‌ளி‌ல் இரு‌ந்து வேட‌ந்தா‌ங்கலு‌க்கு ‌சிற‌ப்பு பேரு‌ந்துகளை இய‌க்‌கினாலு‌ம் வச‌தியாக இரு‌க்கு‌ம்
2022-05-06 08:40:41.443504 culprit words ['\u200cவிடுமுறை', 'நா\u200cட்க\u200cளி\u200cல்', 'மு\u200cக்\u200cகியமான', 'ஊ\u200cர்க\u200cளி\u200cல்', 'இரு\u200cந்து', 'வேட\u200cந்தா\u200cங்கலு\u200cக்கு', '\u200cசிற\u200cப்பு', 'பேரு\u200cந்துகளை', 'இய\u200cக்\u200cகினாலு\u200cம்', 'வச\u200cதியாக', 'இரு\u200cக்கு\u200cம்']
2022-05-06 08:40:41.445503 not clean இரண்டாயிரத்து பன்னிரண்டு உலக சதுரங்கப் போட்டியில் ‌வி‌சுவநாத‌ன் ஆனந்த் வெற்றி
2022-05-06 08:40:41.445527 culprit words ['\u200cவி\u200cசுவநாத\u200cன்']
2022-05-06 08:40:41.447187 not clean படத்தயா‌ரிப்பு போக நிகழ்ச்சிகளை ஒருங்கிணைப்பது போன்ற வேறு பல செயல்பாடுகளிலும் இந்த நிறுவனம் ஈடுபடும் என தயாநிதி அழகி‌ரி தெ‌ரிவித்துள்ளார்
2022-05-06 08:40:41.447205 culprit words ['படத்தயா\u200cரிப்பு', 'அழகி\u200cரி', 'தெ\u200cரிவித்துள்ளார்']
2022-05-06 08:40:41.449344 not clean சர்வதேச சுற்றுலா தலமாக ‌விள‌க்கு‌ம் மாமல்லபுர‌த்‌தி‌லு‌ம் ஆ‌ங்கா‌ங்கே வெ‌ள்ள ‌நீ‌ர் தே‌ங்‌கியு‌ள்ளது
2022-05-06 08:40:41.449368 culprit words ['\u200cவிள\u200cக்கு\u200cம்', 'மாமல்லபுர\u200cத்\u200cதி\u200cலு\u200cம்', 'ஆ\u200cங்கா\u200cங்கே', 'வெ\u200cள்ள', '\u200cநீ\u200cர்', 'தே\u200cங்\u200cகியு\u200cள்ளது']
2022-05-06 08:40:41.450706 not clean நட‌க்க முடியாதவ‌ர்க‌ள் ‌சிலரை அ‌ந்த வ‌ழியாக வ‌ந்தவ‌ர்க‌ள் த‌ங்களது வாகன‌த்‌தி‌ல் ஏ‌ற்‌றி ஊ‌ட்டி மு‌க்‌கிய சாலை‌க்கு கொ‌ண்டு வ‌ந்து ‌வி‌ட்டன‌ர்
2022-05-06 08:40:41.450715 culprit words ['நட\u200cக்க', 'முடியாதவ\u200cர்க\u200cள்', '\u200cசிலரை', 'அ\u200cந்த', 'வ\u200cழியாக', 'வ\u200cந்தவ\u200cர்க\u200cள்', 'த\u200cங்களது', 'வாகன\u200cத்\u200cதி\u200cல்', 'ஏ\u200cற்\u200cறி', 'ஊ\u200cட்டி', 'மு\u200cக்\u200cகிய', 'சாலை\u200cக்கு', 'கொ\u200cண்டு', 'வ\u200cந்து', '\u200cவி\u200cட்டன\u200cர்']
2022-05-06 08:40:41.451535 not clean சமீபத்தில் எந்த ஒரு த்‌ரில்லரும் மக்களை இந்தளவு கவர்ந்ததில்லை
2022-05-06 08:40:41.451541 culprit words ['த்\u200cரில்லரும்']
2022-05-06 08:40:41.452305 not clean சுதந்திர போராட்ட காலத்து காஞ்சிவரம் பட்டு நெசவாளர்களின் வறுமையைச் சொல்லும் இந்தப் படத்துக்கு விமர்சன ‌ரீ‌தியாக பாராட்டு கிடைத்து வருகிறது
2022-05-06 08:40:41.452324 culprit words ['\u200cரீ\u200cதியாக']
2022-05-06 08:40:41.453796 not clean அம்பாந்தோட்டை மகிந்த ராஜபக்‌ஷே துறைமுகத்தில் தடையாகவிருந்த கற்பாறை அகற்றப்பட்டது
2022-05-06 08:40:41.453823 culprit words ['ராஜபக்\u200cஷே']
2022-05-06 08:40:41.454045 not clean இரண்டாயிரத்து பன்னிரண்டு உலக சதுரங்கப் போட்டியில் ‌வி‌சுவநாத‌ன் ஆனந்த் வெற்றி
2022-05-06 08:40:41.454050 culprit words ['\u200cவி\u200cசுவநாத\u200cன்']
2022-05-06 08:40:41.454124 not clean ரயில் தொடர்ந்து செல்ல முடியாமல் நடுக்காட்டில் நிறு‌த்த‌ப்ப‌ட்டது
2022-05-06 08:40:41.454128 culprit words ['நிறு\u200cத்த\u200cப்ப\u200cட்டது']
2022-05-06 08:40:41.455441 not clean சென்னையில் தேவி காம்ப்ளக்ஸ் விஸ்வரூபத்தை வெளியிட‌த் தயாராகவும் ஆர்வமாகவும் இருப்பதாக அறிவித்துள்ளது
2022-05-06 08:40:41.455455 culprit words ['வெளியிட\u200cத்']
2022-05-06 08:40:41.456495 not clean மெயின் அருவிக்கரை பகுதியில் க‌ட்டட‌ம் க‌ட்ட ஆலோசனை நடத்தப்பட்டு வருகிறது
2022-05-06 08:40:41.456516 culprit words ['க\u200cட்டட\u200cம்', 'க\u200cட்ட']
2022-05-06 08:40:41.456792 not clean சந்தேகமில்லாமல் தமிழ் சினிமா ச‌ரித்திரத்தில் இதுதான் அதிக திரையரங்குகளில் வெளியாகும் படம்
2022-05-06 08:40:41.456796 culprit words ['ச\u200cரித்திரத்தில்']
2022-05-06 08:40:41.456875 not clean படம் வெளியாகி தயா‌ரிப்பு நிறுவனம் ச‌ரியான தகவலை சொன்னால் மட்டுமே உண்மை எண்ணிக்கை தெ‌ரியவரும்
2022-05-06 08:40:41.456879 culprit words ['தயா\u200cரிப்பு', 'ச\u200cரியான', 'தெ\u200cரியவரும்']
2022-05-06 08:40:41.457122 not clean ‌அதில் போதை ஊசிகள் மற்றும் போதைப்பொருட்கள் மறைத்து வைத்தனர்
2022-05-06 08:40:41.457126 culprit words ['\u200cஅதில்']
2022-05-06 08:40:41.458014 not clean புயலா‌ல் ஏ‌ற்படு‌ம் பா‌தி‌ப்புகளை உடனடியாக ச‌ரி செ‌ய்ய மாநகரா‌ட்‌சி அ‌திகா‌ரிக‌ளு‌க்கு முத‌ல்வ‌ர் ஜெயல‌லிதா உ‌த்தர‌வி‌ட்டு‌ள்ளா‌ர்
2022-05-06 08:40:41.458032 culprit words ['புயலா\u200cல்', 'ஏ\u200cற்படு\u200cம்', 'பா\u200cதி\u200cப்புகளை', 'ச\u200cரி', 'செ\u200cய்ய', 'மாநகரா\u200cட்\u200cசி', 'அ\u200cதிகா\u200cரிக\u200cளு\u200cக்கு', 'முத\u200cல்வ\u200cர்', 'ஜெயல\u200cலிதா', 'உ\u200cத்தர\u200cவி\u200cட்டு\u200cள்ளா\u200cர்']
2022-05-06 08:40:41.458220 not clean போனால் சி‌ரித்துவிட்டு வரலாம் என்று திரையரங்குக்கு செல்கிறவர்களே அதிகம்
2022-05-06 08:40:41.458267 culprit words ['சி\u200cரித்துவிட்டு']
2022-05-06 08:40:41.458361 not clean ஹாலிவுட் நிறுவனம் படத்தின் ‌ரீமேக் உ‌ரிமையை வாங்கிய பிறகு யாவரும் நலத்தின் ஸ்டார் வேல்யூ அதிக‌ரித்திருக்கிறது
2022-05-06 08:40:41.458371 culprit words ['\u200cரீமேக்', 'உ\u200cரிமையை', 'அதிக\u200cரித்திருக்கிறது']
2022-05-06 08:40:41.459102 not clean பிளமிங்கோ பறவைகளுக்கு கால்கள் மற்றும் வாய்‌ப்பகுதி சிவப்பு நிறத்திலும் உடல் பகுதி வெள்ளை நிறத்திலும் இருக்கிறது
2022-05-06 08:40:41.459126 culprit words ['வாய்\u200cப்பகுதி']
2022-05-06 08:40:41.459908 not clean விகடன் டாக்கீஸ் தயா‌ரிக்கும் இந்தப் படத்துக்கு இளைஞர்கள் மத்தியில் நல்ல வரவேற்பு
2022-05-06 08:40:41.459913 culprit words ['தயா\u200cரிக்கும்']
2022-05-06 08:40:41.460276 not clean சந்தானத்தின் காமெடிக்கு அது இரட்டை அர்த்தமாக இருந்தாலும் மொத்த திரையரங்கும் சி‌ரிக்கிறது
2022-05-06 08:40:41.460295 culprit words ['சி\u200cரிக்கிறது']
2022-05-06 08:40:41.462669 not clean கா‌ரி‌ல் அம‌ர்‌ந்தபடியே மெ‌ரினா கட‌ற்கரை‌யி‌ல் அமை‌க்‌க‌ப்ப‌ட்டு‌ள்ள ‌சிற‌ப்பு‌ப் ப‌ணிகளை ஆ‌ர்வ‌த்துட‌ன் சு‌ற்‌றி‌ப்பா‌ர்‌த்தா‌ர்
2022-05-06 08:40:41.462679 culprit words ['கா\u200cரி\u200cல்', 'அம\u200cர்\u200cந்தபடியே', 'மெ\u200cரினா', 'கட\u200cற்கரை\u200cயி\u200cல்', 'அமை\u200cக்\u200cக\u200cப்ப\u200cட்டு\u200cள்ள', '\u200cசிற\u200cப்பு\u200cப்', 'ப\u200cணிகளை', 'ஆ\u200cர்வ\u200cத்துட\u200cன்', 'சு\u200cற்\u200cறி\u200cப்பா\u200cர்\u200cத்தா\u200cர்']
2022-05-06 08:40:41.462774 not clean ரங்கராஜபுரம் மேம்பால‌த்‌தை ‌திற‌ந்தா‌ர் ஜெயல‌லிதா
2022-05-06 08:40:41.462778 culprit words ['மேம்பால\u200cத்\u200cதை', '\u200cதிற\u200cந்தா\u200cர்', 'ஜெயல\u200cலிதா']
2022-05-06 08:40:41.463234 not clean ‌நீல‌ம் புய‌ல் செ‌ன்னை கடலூரு‌க்கு இடையே இ‌ன்று மாலை கரையை கட‌க்‌கிறது
2022-05-06 08:40:41.463240 culprit words ['\u200cநீல\u200cம்', 'புய\u200cல்', 'செ\u200cன்னை', 'கடலூரு\u200cக்கு', 'இ\u200cன்று', 'கட\u200cக்\u200cகிறது']
2022-05-06 08:40:41.463505 not clean க‌ட‌ந்த வார‌த்‌தி‌ல் பெ‌ய்த கன மழை ம‌ற்று‌ம் அதனை‌த் தொட‌ர்‌ந்து ஏ‌ற்ப‌ட்ட வெள்ளத்தால் குற்றாலம் போ‌ன்ற அருவி பகுதிகளில் பல‌த்த சேதம் ஏற்பட்டுள்ளது
2022-05-06 08:40:41.463512 culprit words ['க\u200cட\u200cந்த', 'வார\u200cத்\u200cதி\u200cல்', 'பெ\u200cய்த', 'ம\u200cற்று\u200cம்', 'அதனை\u200cத்', 'தொட\u200cர்\u200cந்து', 'ஏ\u200cற்ப\u200cட்ட', 'போ\u200cன்ற', 'பல\u200cத்த']
2022-05-06 08:40:41.464213 not clean சிலர் நீங்கள் முன்பு போல் இல்லையென்றும் மாறி விட்டதாகவும் கூறுவார்கள்taf_02345_00348037167 ஆஸ்த்ரேலியப் பெண்ணுக்கு முப்பத்தி மூன்று ஆண்டுகளுக்குப் பின்னர் இந்தியா இழப்பீடு வழங்கியது
2022-05-06 08:40:41.464236 culprit words ['கூறுவார்கள்taf0234500348037167']
2022-05-06 08:40:41.464324 not clean ஒரு படகில் இரு ச‌க்கர வாகன‌ம் உ‌ள்பட பதின்மூன்று பே‌ர் பயணம் செய்து கொண்டிருந்தபோது திடீரென பலமான காற்று வீசியது
2022-05-06 08:40:41.464329 culprit words ['ச\u200cக்கர', 'வாகன\u200cம்', 'உ\u200cள்பட', 'பே\u200cர்']
2022-05-06 08:40:41.464356 not clean சென்னை பாடி மேம்பாலப் பணி டிசம்ப‌ரி‌ல் முடிவடையும் டிஆர்
2022-05-06 08:40:41.464359 culprit words ['டிசம்ப\u200cரி\u200cல்']
2022-05-06 08:40:41.464623 not clean பய‌ணிக‌ளி‌ன் வச‌தி‌க்காக செ‌ன்னை எழு‌ம்பூ‌ரி‌ல் இரு‌ந்து மதுரை‌க்கு ‌சிற‌ப்பு ர‌யி‌ல் நாளை இய‌க்க‌ப்படு‌கிறது
2022-05-06 08:40:41.464629 culprit words ['பய\u200cணிக\u200cளி\u200cன்', 'வச\u200cதி\u200cக்காக', 'செ\u200cன்னை', 'எழு\u200cம்பூ\u200cரி\u200cல்', 'இரு\u200cந்து', 'மதுரை\u200cக்கு', '\u200cசிற\u200cப்பு', 'ர\u200cயி\u200cல்', 'இய\u200cக்க\u200cப்படு\u200cகிறது']
2022-05-06 08:40:41.464751 not clean செ‌ன்னையை அடு‌த்து‌ள்ள மகாப‌லிபுர‌த்‌தி‌ல் உ‌ள்ள கட‌ற்கரை கோ‌விலையு‌ம் த‌ண்‌ணீ‌ர் ‌வி‌ட்டு வை‌க்க‌வி‌ல்லை
2022-05-06 08:40:41.464757 culprit words ['செ\u200cன்னையை', 'அடு\u200cத்து\u200cள்ள', 'மகாப\u200cலிபுர\u200cத்\u200cதி\u200cல்', 'உ\u200cள்ள', 'கட\u200cற்கரை', 'கோ\u200cவிலையு\u200cம்', 'த\u200cண்\u200cணீ\u200cர்', '\u200cவி\u200cட்டு', 'வை\u200cக்க\u200cவி\u200cல்லை']
2022-05-06 08:40:41.465197 not clean கோ‌விலு‌க்கு‌ செ‌ல்ல முடியாத அள‌வி‌ற்கு மழை ‌‌நீ‌ர் வெ‌ள்ள‌ம் போல சூழ்ந்து‌ள்ளது
2022-05-06 08:40:41.465211 culprit words ['கோ\u200cவிலு\u200cக்கு\u200c', 'செ\u200cல்ல', 'அள\u200cவி\u200cற்கு', '\u200c\u200cநீ\u200cர்', 'வெ\u200cள்ள\u200cம்', 'சூழ்ந்து\u200cள்ளது']
2022-05-06 08:40:41.465254 not clean படம் வெளியாகி தயா‌ரிப்பு நிறுவனம் ச‌ரியான தகவலை சொன்னால் மட்டுமே உண்மை எண்ணிக்கை தெ‌ரியவரும்
2022-05-06 08:40:41.465312 culprit words ['தயா\u200cரிப்பு', 'ச\u200cரியான', 'தெ\u200cரியவரும்']
2022-05-06 08:40:41.466007 not clean ‌விலை அ‌திகமாக இரு‌க்கு‌ம் ‌நிலை‌யிலு‌ம் நுக‌ர்வோ‌ர் ‌‌மி‌ன்த‌ட்டு‌ப்பா‌ட்டை சமா‌ளி‌க்க குறை‌ந்தப‌ட்ச அடி‌ப்படை கரு‌விகளையே பய‌ன்படு‌த்து‌கி‌ன்றன‌ர்
2022-05-06 08:40:41.466020 culprit words ['\u200cவிலை', 'அ\u200cதிகமாக', 'இரு\u200cக்கு\u200cம்', '\u200cநிலை\u200cயிலு\u200cம்', 'நுக\u200cர்வோ\u200cர்', '\u200c\u200cமி\u200cன்த\u200cட்டு\u200cப்பா\u200cட்டை', 'சமா\u200cளி\u200cக்க', 'குறை\u200cந்தப\u200cட்ச', 'அடி\u200cப்படை', 'கரு\u200cவிகளையே', 'பய\u200cன்படு\u200cத்து\u200cகி\u200cன்றன\u200cர்']
2022-05-06 08:40:41.467336 not clean நெ‌ல்லை‌யி‌ல் க‌ல்லூ‌ரிகளு‌க்கான செம‌ஸ்ட‌ர் தே‌ர்வு ‌தி‌ட்ட‌மி‌‌ட்டபடி நடைபெறு‌ம் எ‌ன்று அ‌றிவிக்க‌ப்ப‌ட்டு‌ள்ளது
2022-05-06 08:40:41.467359 culprit words ['நெ\u200cல்லை\u200cயி\u200cல்', 'க\u200cல்லூ\u200cரிகளு\u200cக்கான', 'செம\u200cஸ்ட\u200cர்', 'தே\u200cர்வு', '\u200cதி\u200cட்ட\u200cமி\u200c\u200cட்டபடி', 'நடைபெறு\u200cம்', 'எ\u200cன்று', 'அ\u200cறிவிக்க\u200cப்ப\u200cட்டு\u200cள்ளது']
2022-05-06 08:40:41.467505 not clean இத‌ற்கு காரணம் என்ன
2022-05-06 08:40:41.467509 culprit words ['இத\u200cற்கு']
2022-05-06 08:40:41.468474 not clean அமெரிக்காவில் இலங்கைத் தலைவர் ராஜபக்‌ஷேவுக்கு எதிரான வழக்கு தள்ளுபடி
2022-05-06 08:40:41.468497 culprit words ['ராஜபக்\u200cஷேவுக்கு']
2022-05-06 08:40:41.468893 not clean சர்வதேச சுற்றுலா தலமாக ‌விள‌க்கு‌ம் மாமல்லபுர‌த்‌தி‌லு‌ம் ஆ‌ங்கா‌ங்கே வெ‌ள்ள ‌நீ‌ர் தே‌ங்‌கியு‌ள்ளது
2022-05-06 08:40:41.468908 culprit words ['\u200cவிள\u200cக்கு\u200cம்', 'மாமல்லபுர\u200cத்\u200cதி\u200cலு\u200cம்', 'ஆ\u200cங்கா\u200cங்கே', 'வெ\u200cள்ள', '\u200cநீ\u200cர்', 'தே\u200cங்\u200cகியு\u200cள்ளது']
2022-05-06 08:40:41.470093 pure_eng_lines_count: 0
2022-05-06 08:40:41.470101 comb_word_lines_count: 0
2022-05-06 08:40:41.470103 whitespace_fixed_lines_count: 0
2022-05-06 08:40:41.470105 unclean_lines_count: 66
2022-05-06 08:40:41.470157 Writing text to tamil_db_files/dataset_files/openslr_tamil/transcription/train/text
2022-05-06 08:40:41.472148 Running on openslr dev
2022-05-06 08:40:41.472241 Processing tamil_db_files/dataset_files/openslr_tamil/dev_transcription.txt for openslr-dev
2022-05-06 08:40:41.472758 pure_eng_lines_count: 0
2022-05-06 08:40:41.472762 comb_word_lines_count: 0
2022-05-06 08:40:41.472764 whitespace_fixed_lines_count: 0
2022-05-06 08:40:41.472767 unclean_lines_count: 0
2022-05-06 08:40:41.472929 Writing text to tamil_db_files/dataset_files/openslr_tamil/transcription/dev/text
2022-05-06 08:40:41.473066 Running on openslr test
2022-05-06 08:40:41.473155 Processing tamil_db_files/dataset_files/openslr_tamil/test_transcription.txt for openslr-test
2022-05-06 08:40:41.473629 pure_eng_lines_count: 0
2022-05-06 08:40:41.473634 comb_word_lines_count: 0
2022-05-06 08:40:41.473638 whitespace_fixed_lines_count: 0
2022-05-06 08:40:41.473640 unclean_lines_count: 0
2022-05-06 08:40:41.473685 Writing text to tamil_db_files/dataset_files/openslr_tamil/transcription/test/text
