2022-05-06 09:04:17.021255 Running on openslr train
2022-05-06 09:04:17.021351 Processing tamil_db_files/dataset_files/openslr_tamil/train_transcription.txt for openslr-train
2022-05-06 09:04:17.069722 pure_eng_lines_count: 0
2022-05-06 09:04:17.069746 comb_word_lines_count: 1
2022-05-06 09:04:17.069749 whitespace_fixed_lines_count: 0
2022-05-06 09:04:17.069751 unclean_lines_count: 0
2022-05-06 09:04:17.069806 Writing text to tamil_db_files/dataset_files/openslr_tamil/transcription/train/text
2022-05-06 09:04:17.071643 Running on openslr dev
2022-05-06 09:04:17.071773 Processing tamil_db_files/dataset_files/openslr_tamil/dev_transcription.txt for openslr-dev
2022-05-06 09:04:17.072543 pure_eng_lines_count: 0
2022-05-06 09:04:17.072562 comb_word_lines_count: 0
2022-05-06 09:04:17.072564 whitespace_fixed_lines_count: 0
2022-05-06 09:04:17.072566 unclean_lines_count: 0
2022-05-06 09:04:17.072807 Writing text to tamil_db_files/dataset_files/openslr_tamil/transcription/dev/text
2022-05-06 09:04:17.073099 Running on openslr test
2022-05-06 09:04:17.073213 Processing tamil_db_files/dataset_files/openslr_tamil/test_transcription.txt for openslr-test
2022-05-06 09:04:17.073705 pure_eng_lines_count: 0
2022-05-06 09:04:17.073711 comb_word_lines_count: 0
2022-05-06 09:04:17.073713 whitespace_fixed_lines_count: 0
2022-05-06 09:04:17.073715 unclean_lines_count: 0
2022-05-06 09:04:17.073753 Writing text to tamil_db_files/dataset_files/openslr_tamil/transcription/test/text
