1000 files processed
2000 files processed
3000 files processed
4000 files processed
5000 files processed
6000 files processed
7000 files processed
8000 files processed
9000 files processed
10000 files processed
11000 files processed
12000 files processed
13000 files processed
14000 files processed
15000 files processed
16000 files processed
17000 files processed
18000 files processed
19000 files processed
20000 files processed
21000 files processed
22000 files processed
23000 files processed
24000 files processed
25000 files processed
26000 files processed
27000 files processed
28000 files processed
29000 files processed
30000 files processed
31000 files processed
32000 files processed
33000 files processed
34000 files processed
35000 files processed
36000 files processed
37000 files processed
38000 files processed
39000 files processed
40000 files processed
41000 files processed
42000 files processed
43000 files processed
44000 files processed
45000 files processed
46000 files processed
47000 files processed
48000 files processed
49000 files processed
50000 files processed
51000 files processed
52000 files processed
53000 files processed
54000 files processed
55000 files processed
56000 files processed
57000 files processed
58000 files processed
59000 files processed
60000 files processed
61000 files processed
62000 files processed
63000 files processed
64000 files processed
65000 files processed
66000 files processed
67000 files processed
68000 files processed
69000 files processed
70000 files processed
71000 files processed
72000 files processed
73000 files processed
74000 files processed
75000 files processed
76000 files processed
77000 files processed
78000 files processed
79000 files processed
80000 files processed
81000 files processed
82000 files processed
83000 files processed
84000 files processed
85000 files processed
86000 files processed
87000 files processed
88000 files processed
89000 files processed
90000 files processed
91000 files processed
92000 files processed
93000 files processed
94000 files processed
95000 files processed
96000 files processed
97000 files processed
98000 files processed
99000 files processed
100000 files processed
101000 files processed
102000 files processed
103000 files processed
104000 files processed
105000 files processed
106000 files processed
107000 files processed
108000 files processed
109000 files processed
110000 files processed
111000 files processed
112000 files processed
113000 files processed
114000 files processed
115000 files processed
116000 files processed
117000 files processed
118000 files processed
119000 files processed
120000 files processed
121000 files processed
122000 files processed
123000 files processed
124000 files processed
125000 files processed
126000 files processed
127000 files processed
128000 files processed
129000 files processed
130000 files processed
131000 files processed
132000 files processed
133000 files processed
134000 files processed
135000 files processed
136000 files processed
137000 files processed
138000 files processed
139000 files processed
140000 files processed
141000 files processed
142000 files processed
143000 files processed
144000 files processed
145000 files processed
146000 files processed
147000 files processed
148000 files processed
149000 files processed
150000 files processed
151000 files processed
152000 files processed
153000 files processed
154000 files processed
155000 files processed
156000 files processed
157000 files processed
158000 files processed
159000 files processed
160000 files processed
161000 files processed
162000 files processed
163000 files processed
164000 files processed
165000 files processed
166000 files processed
167000 files processed
168000 files processed
169000 files processed
170000 files processed
171000 files processed
172000 files processed
173000 files processed
174000 files processed
175000 files processed
176000 files processed
177000 files processed
178000 files processed
179000 files processed
180000 files processed
181000 files processed
182000 files processed
183000 files processed
184000 files processed
185000 files processed
186000 files processed
187000 files processed
188000 files processed
189000 files processed
190000 files processed
191000 files processed
192000 files processed
193000 files processed
194000 files processed
195000 files processed
196000 files processed
197000 files processed
Total number of files: 197733
Total time in seconds: 1222649.6676870075
Total time in minutes: 20377.494461450126
Total time in hours: 339.6249076908354
Minimum time: 0.036
Maximum time: 20.34
Average time: 6.18333645717714
