1000 files processed
2000 files processed
3000 files processed
4000 files processed
5000 files processed
6000 files processed
7000 files processed
8000 files processed
9000 files processed
10000 files processed
11000 files processed
12000 files processed
13000 files processed
14000 files processed
15000 files processed
16000 files processed
17000 files processed
18000 files processed
19000 files processed
20000 files processed
21000 files processed
22000 files processed
23000 files processed
24000 files processed
25000 files processed
26000 files processed
27000 files processed
28000 files processed
Total number of files: 28970
Total time in seconds: 413726.25743499293
Total time in minutes: 6895.437623916549
Total time in hours: 114.92396039860915
Minimum time: 2.089875
Maximum time: 849.6
Average time: 14.28119632153928
