1000 files processed
2000 files processed
3000 files processed
4000 files processed
5000 files processed
6000 files processed
7000 files processed
8000 files processed
9000 files processed
10000 files processed
11000 files processed
12000 files processed
13000 files processed
14000 files processed
15000 files processed
16000 files processed
17000 files processed
18000 files processed
19000 files processed
20000 files processed
21000 files processed
22000 files processed
23000 files processed
24000 files processed
25000 files processed
26000 files processed
27000 files processed
28000 files processed
29000 files processed
30000 files processed
31000 files processed
32000 files processed
33000 files processed
34000 files processed
35000 files processed
36000 files processed
37000 files processed
38000 files processed
39000 files processed
Total number of files: 39131
Total time in seconds: 144002.90806199904
Total time in minutes: 2400.048467699984
Total time in hours: 40.00080779499974
Minimum time: 0.325
Maximum time: 18.57
Average time: 3.680021161278757
